{"total": {"lines":{"total":16765,"covered":2924,"skipped":0,"pct":17.44},"statements":{"total":18334,"covered":3149,"skipped":0,"pct":17.17},"functions":{"total":4235,"covered":705,"skipped":0,"pct":16.64},"branches":{"total":9576,"covered":1212,"skipped":0,"pct":12.65},"branchesTrue":{"total":0,"covered":0,"skipped":0,"pct":100}}
,"C:\\Users\\loofi\\Documents\\Loofi VEO\\Loofi-Veo-prompt-generator\\src\\App.tsx": {"lines":{"total":140,"covered":0,"skipped":0,"pct":0},"functions":{"total":70,"covered":0,"skipped":0,"pct":0},"statements":{"total":154,"covered":0,"skipped":0,"pct":0},"branches":{"total":58,"covered":0,"skipped":0,"pct":0}}
,"C:\\Users\\loofi\\Documents\\Loofi VEO\\Loofi-Veo-prompt-generator\\src\\index.tsx": {"lines":{"total":11,"covered":0,"skipped":0,"pct":0},"functions":{"total":3,"covered":0,"skipped":0,"pct":0},"statements":{"total":11,"covered":0,"skipped":0,"pct":0},"branches":{"total":2,"covered":0,"skipped":0,"pct":0}}
,"C:\\Users\\loofi\\Documents\\Loofi VEO\\Loofi-Veo-prompt-generator\\src\\cli\\index.ts": {"lines":{"total":53,"covered":0,"skipped":0,"pct":0},"functions":{"total":8,"covered":0,"skipped":0,"pct":0},"statements":{"total":57,"covered":0,"skipped":0,"pct":0},"branches":{"total":36,"covered":0,"skipped":0,"pct":0}}
,"C:\\Users\\loofi\\Documents\\Loofi VEO\\Loofi-Veo-prompt-generator\\src\\cli\\types.ts": {"lines":{"total":0,"covered":0,"skipped":0,"pct":0},"functions":{"total":0,"covered":0,"skipped":0,"pct":0},"statements":{"total":0,"covered":0,"skipped":0,"pct":0},"branches":{"total":0,"covered":0,"skipped":0,"pct":0}}
,"C:\\Users\\loofi\\Documents\\Loofi VEO\\Loofi-Veo-prompt-generator\\src\\cli\\commands\\export.ts": {"lines":{"total":22,"covered":18,"skipped":0,"pct":81.81},"functions":{"total":2,"covered":2,"skipped":0,"pct":100},"statements":{"total":22,"covered":18,"skipped":0,"pct":81.81},"branches":{"total":10,"covered":6,"skipped":0,"pct":60}}
,"C:\\Users\\loofi\\Documents\\Loofi VEO\\Loofi-Veo-prompt-generator\\src\\cli\\commands\\generate.ts": {"lines":{"total":65,"covered":62,"skipped":0,"pct":95.38},"functions":{"total":4,"covered":4,"skipped":0,"pct":100},"statements":{"total":74,"covered":66,"skipped":0,"pct":89.18},"branches":{"total":46,"covered":34,"skipped":0,"pct":73.91}}
,"C:\\Users\\loofi\\Documents\\Loofi VEO\\Loofi-Veo-prompt-generator\\src\\cli\\utils\\apiKey.ts": {"lines":{"total":4,"covered":4,"skipped":0,"pct":100},"functions":{"total":1,"covered":1,"skipped":0,"pct":100},"statements":{"total":7,"covered":7,"skipped":0,"pct":100},"branches":{"total":6,"covered":6,"skipped":0,"pct":100}}
,"C:\\Users\\loofi\\Documents\\Loofi VEO\\Loofi-Veo-prompt-generator\\src\\cli\\utils\\output.ts": {"lines":{"total":29,"covered":27,"skipped":0,"pct":93.1},"functions":{"total":7,"covered":7,"skipped":0,"pct":100},"statements":{"total":29,"covered":27,"skipped":0,"pct":93.1},"branches":{"total":26,"covered":21,"skipped":0,"pct":80.76}}
,"C:\\Users\\loofi\\Documents\\Loofi VEO\\Loofi-Veo-prompt-generator\\src\\components\\accessibility\\AccessibilitySettings.tsx": {"lines":{"total":31,"covered":0,"skipped":0,"pct":0},"functions":{"total":14,"covered":0,"skipped":0,"pct":0},"statements":{"total":31,"covered":0,"skipped":0,"pct":0},"branches":{"total":10,"covered":0,"skipped":0,"pct":0}}
,"C:\\Users\\loofi\\Documents\\Loofi VEO\\Loofi-Veo-prompt-generator\\src\\components\\accessibility\\SkipLink.tsx": {"lines":{"total":8,"covered":0,"skipped":0,"pct":0},"functions":{"total":2,"covered":0,"skipped":0,"pct":0},"statements":{"total":8,"covered":0,"skipped":0,"pct":0},"branches":{"total":3,"covered":0,"skipped":0,"pct":0}}
,"C:\\Users\\loofi\\Documents\\Loofi VEO\\Loofi-Veo-prompt-generator\\src\\components\\accessibility\\index.ts": {"lines":{"total":0,"covered":0,"skipped":0,"pct":0},"functions":{"total":0,"covered":0,"skipped":0,"pct":0},"statements":{"total":0,"covered":0,"skipped":0,"pct":0},"branches":{"total":0,"covered":0,"skipped":0,"pct":0}}
,"C:\\Users\\loofi\\Documents\\Loofi VEO\\Loofi-Veo-prompt-generator\\src\\components\\onboarding\\TutorialOverlay.tsx": {"lines":{"total":52,"covered":0,"skipped":0,"pct":0},"functions":{"total":5,"covered":0,"skipped":0,"pct":0},"statements":{"total":54,"covered":0,"skipped":0,"pct":0},"branches":{"total":33,"covered":0,"skipped":0,"pct":0}}
,"C:\\Users\\loofi\\Documents\\Loofi VEO\\Loofi-Veo-prompt-generator\\src\\components\\onboarding\\WelcomeModal.tsx": {"lines":{"total":10,"covered":0,"skipped":0,"pct":0},"functions":{"total":3,"covered":0,"skipped":0,"pct":0},"statements":{"total":10,"covered":0,"skipped":0,"pct":0},"branches":{"total":0,"covered":0,"skipped":0,"pct":100}}
,"C:\\Users\\loofi\\Documents\\Loofi VEO\\Loofi-Veo-prompt-generator\\src\\components\\onboarding\\index.ts": {"lines":{"total":0,"covered":0,"skipped":0,"pct":0},"functions":{"total":0,"covered":0,"skipped":0,"pct":0},"statements":{"total":0,"covered":0,"skipped":0,"pct":0},"branches":{"total":0,"covered":0,"skipped":0,"pct":0}}
,"C:\\Users\\loofi\\Documents\\Loofi VEO\\Loofi-Veo-prompt-generator\\src\\components\\ui\\Toast.tsx": {"lines":{"total":34,"covered":0,"skipped":0,"pct":0},"functions":{"total":14,"covered":0,"skipped":0,"pct":0},"statements":{"total":37,"covered":0,"skipped":0,"pct":0},"branches":{"total":16,"covered":0,"skipped":0,"pct":0}}
,"C:\\Users\\loofi\\Documents\\Loofi VEO\\Loofi-Veo-prompt-generator\\src\\components\\ui\\index.ts": {"lines":{"total":0,"covered":0,"skipped":0,"pct":0},"functions":{"total":0,"covered":0,"skipped":0,"pct":0},"statements":{"total":0,"covered":0,"skipped":0,"pct":0},"branches":{"total":0,"covered":0,"skipped":0,"pct":0}}
,"C:\\Users\\loofi\\Documents\\Loofi VEO\\Loofi-Veo-prompt-generator\\src\\core\\config\\exportProfiles.ts": {"lines":{"total":1,"covered":0,"skipped":0,"pct":0},"functions":{"total":0,"covered":0,"skipped":0,"pct":100},"statements":{"total":1,"covered":0,"skipped":0,"pct":0},"branches":{"total":0,"covered":0,"skipped":0,"pct":100}}
,"C:\\Users\\loofi\\Documents\\Loofi VEO\\Loofi-Veo-prompt-generator\\src\\core\\config\\internalPlugins.ts": {"lines":{"total":7,"covered":0,"skipped":0,"pct":0},"functions":{"total":1,"covered":0,"skipped":0,"pct":0},"statements":{"total":7,"covered":0,"skipped":0,"pct":0},"branches":{"total":0,"covered":0,"skipped":0,"pct":100}}
,"C:\\Users\\loofi\\Documents\\Loofi VEO\\Loofi-Veo-prompt-generator\\src\\core\\config\\modelProfiles.ts": {"lines":{"total":6,"covered":6,"skipped":0,"pct":100},"functions":{"total":5,"covered":5,"skipped":0,"pct":100},"statements":{"total":9,"covered":9,"skipped":0,"pct":100},"branches":{"total":2,"covered":2,"skipped":0,"pct":100}}
,"C:\\Users\\loofi\\Documents\\Loofi VEO\\Loofi-Veo-prompt-generator\\src\\core\\config\\projectTemplates.ts": {"lines":{"total":1,"covered":0,"skipped":0,"pct":0},"functions":{"total":0,"covered":0,"skipped":0,"pct":100},"statements":{"total":1,"covered":0,"skipped":0,"pct":0},"branches":{"total":0,"covered":0,"skipped":0,"pct":100}}
,"C:\\Users\\loofi\\Documents\\Loofi VEO\\Loofi-Veo-prompt-generator\\src\\core\\config\\trustedKeys.ts": {"lines":{"total":3,"covered":1,"skipped":0,"pct":33.33},"functions":{"total":4,"covered":0,"skipped":0,"pct":0},"statements":{"total":5,"covered":1,"skipped":0,"pct":20},"branches":{"total":2,"covered":0,"skipped":0,"pct":0}}
,"C:\\Users\\loofi\\Documents\\Loofi VEO\\Loofi-Veo-prompt-generator\\src\\core\\constants\\constants.ts": {"lines":{"total":93,"covered":87,"skipped":0,"pct":93.54},"functions":{"total":60,"covered":52,"skipped":0,"pct":86.66},"statements":{"total":124,"covered":113,"skipped":0,"pct":91.12},"branches":{"total":0,"covered":0,"skipped":0,"pct":100}}
,"C:\\Users\\loofi\\Documents\\Loofi VEO\\Loofi-Veo-prompt-generator\\src\\core\\constants\\index.ts": {"lines":{"total":0,"covered":0,"skipped":0,"pct":0},"functions":{"total":0,"covered":0,"skipped":0,"pct":0},"statements":{"total":0,"covered":0,"skipped":0,"pct":0},"branches":{"total":0,"covered":0,"skipped":0,"pct":0}}
,"C:\\Users\\loofi\\Documents\\Loofi VEO\\Loofi-Veo-prompt-generator\\src\\core\\constants\\templates.ts": {"lines":{"total":5,"covered":2,"skipped":0,"pct":40},"functions":{"total":2,"covered":0,"skipped":0,"pct":0},"statements":{"total":5,"covered":2,"skipped":0,"pct":40},"branches":{"total":0,"covered":0,"skipped":0,"pct":100}}
,"C:\\Users\\loofi\\Documents\\Loofi VEO\\Loofi-Veo-prompt-generator\\src\\core\\constants\\translations.ts": {"lines":{"total":5,"covered":5,"skipped":0,"pct":100},"functions":{"total":0,"covered":0,"skipped":0,"pct":100},"statements":{"total":5,"covered":5,"skipped":0,"pct":100},"branches":{"total":0,"covered":0,"skipped":0,"pct":100}}
,"C:\\Users\\loofi\\Documents\\Loofi VEO\\Loofi-Veo-prompt-generator\\src\\core\\data\\sunoTags.ts": {"lines":{"total":1,"covered":0,"skipped":0,"pct":0},"functions":{"total":0,"covered":0,"skipped":0,"pct":100},"statements":{"total":1,"covered":0,"skipped":0,"pct":0},"branches":{"total":0,"covered":0,"skipped":0,"pct":100}}
,"C:\\Users\\loofi\\Documents\\Loofi VEO\\Loofi-Veo-prompt-generator\\src\\core\\services\\apiExportService.ts": {"lines":{"total":47,"covered":0,"skipped":0,"pct":0},"functions":{"total":13,"covered":0,"skipped":0,"pct":0},"statements":{"total":48,"covered":0,"skipped":0,"pct":0},"branches":{"total":24,"covered":0,"skipped":0,"pct":0}}
,"C:\\Users\\loofi\\Documents\\Loofi VEO\\Loofi-Veo-prompt-generator\\src\\core\\services\\apiKeyService.ts": {"lines":{"total":21,"covered":0,"skipped":0,"pct":0},"functions":{"total":4,"covered":0,"skipped":0,"pct":0},"statements":{"total":24,"covered":0,"skipped":0,"pct":0},"branches":{"total":10,"covered":0,"skipped":0,"pct":0}}
,"C:\\Users\\loofi\\Documents\\Loofi VEO\\Loofi-Veo-prompt-generator\\src\\core\\services\\audioAnalysisService.ts": {"lines":{"total":128,"covered":0,"skipped":0,"pct":0},"functions":{"total":7,"covered":0,"skipped":0,"pct":0},"statements":{"total":140,"covered":0,"skipped":0,"pct":0},"branches":{"total":42,"covered":0,"skipped":0,"pct":0}}
,"C:\\Users\\loofi\\Documents\\Loofi VEO\\Loofi-Veo-prompt-generator\\src\\core\\services\\audioSeparationService.ts": {"lines":{"total":78,"covered":0,"skipped":0,"pct":0},"functions":{"total":4,"covered":0,"skipped":0,"pct":0},"statements":{"total":79,"covered":0,"skipped":0,"pct":0},"branches":{"total":4,"covered":0,"skipped":0,"pct":0}}
,"C:\\Users\\loofi\\Documents\\Loofi VEO\\Loofi-Veo-prompt-generator\\src\\core\\services\\autosaveService.ts": {"lines":{"total":110,"covered":85,"skipped":0,"pct":77.27},"functions":{"total":21,"covered":20,"skipped":0,"pct":95.23},"statements":{"total":112,"covered":87,"skipped":0,"pct":77.67},"branches":{"total":26,"covered":20,"skipped":0,"pct":76.92}}
,"C:\\Users\\loofi\\Documents\\Loofi VEO\\Loofi-Veo-prompt-generator\\src\\core\\services\\batchPromptService.ts": {"lines":{"total":55,"covered":52,"skipped":0,"pct":94.54},"functions":{"total":16,"covered":16,"skipped":0,"pct":100},"statements":{"total":61,"covered":56,"skipped":0,"pct":91.8},"branches":{"total":24,"covered":17,"skipped":0,"pct":70.83}}
,"C:\\Users\\loofi\\Documents\\Loofi VEO\\Loofi-Veo-prompt-generator\\src\\core\\services\\beatDetection.ts": {"lines":{"total":43,"covered":0,"skipped":0,"pct":0},"functions":{"total":1,"covered":0,"skipped":0,"pct":0},"statements":{"total":47,"covered":0,"skipped":0,"pct":0},"branches":{"total":8,"covered":0,"skipped":0,"pct":0}}
,"C:\\Users\\loofi\\Documents\\Loofi VEO\\Loofi-Veo-prompt-generator\\src\\core\\services\\colorGradeService.ts": {"lines":{"total":45,"covered":0,"skipped":0,"pct":0},"functions":{"total":2,"covered":0,"skipped":0,"pct":0},"statements":{"total":47,"covered":0,"skipped":0,"pct":0},"branches":{"total":6,"covered":0,"skipped":0,"pct":0}}
,"C:\\Users\\loofi\\Documents\\Loofi VEO\\Loofi-Veo-prompt-generator\\src\\core\\services\\communityService.ts": {"lines":{"total":16,"covered":0,"skipped":0,"pct":0},"functions":{"total":7,"covered":0,"skipped":0,"pct":0},"statements":{"total":20,"covered":0,"skipped":0,"pct":0},"branches":{"total":4,"covered":0,"skipped":0,"pct":0}}
,"C:\\Users\\loofi\\Documents\\Loofi VEO\\Loofi-Veo-prompt-generator\\src\\core\\services\\composerService.ts": {"lines":{"total":317,"covered":188,"skipped":0,"pct":59.3},"functions":{"total":46,"covered":39,"skipped":0,"pct":84.78},"statements":{"total":376,"covered":212,"skipped":0,"pct":56.38},"branches":{"total":290,"covered":94,"skipped":0,"pct":32.41}}
,"C:\\Users\\loofi\\Documents\\Loofi VEO\\Loofi-Veo-prompt-generator\\src\\core\\services\\crashCounterService.ts": {"lines":{"total":27,"covered":0,"skipped":0,"pct":0},"functions":{"total":4,"covered":0,"skipped":0,"pct":0},"statements":{"total":32,"covered":0,"skipped":0,"pct":0},"branches":{"total":20,"covered":0,"skipped":0,"pct":0}}
,"C:\\Users\\loofi\\Documents\\Loofi VEO\\Loofi-Veo-prompt-generator\\src\\core\\services\\crashReporterService.ts": {"lines":{"total":152,"covered":118,"skipped":0,"pct":77.63},"functions":{"total":38,"covered":35,"skipped":0,"pct":92.1},"statements":{"total":159,"covered":124,"skipped":0,"pct":77.98},"branches":{"total":90,"covered":46,"skipped":0,"pct":51.11}}
,"C:\\Users\\loofi\\Documents\\Loofi VEO\\Loofi-Veo-prompt-generator\\src\\core\\services\\dataMigrationService.ts": {"lines":{"total":70,"covered":61,"skipped":0,"pct":87.14},"functions":{"total":16,"covered":14,"skipped":0,"pct":87.5},"statements":{"total":77,"covered":67,"skipped":0,"pct":87.01},"branches":{"total":16,"covered":15,"skipped":0,"pct":93.75}}
,"C:\\Users\\loofi\\Documents\\Loofi VEO\\Loofi-Veo-prompt-generator\\src\\core\\services\\databaseService.ts": {"lines":{"total":194,"covered":97,"skipped":0,"pct":50},"functions":{"total":35,"covered":19,"skipped":0,"pct":54.28},"statements":{"total":196,"covered":97,"skipped":0,"pct":49.48},"branches":{"total":50,"covered":21,"skipped":0,"pct":42}}
,"C:\\Users\\loofi\\Documents\\Loofi VEO\\Loofi-Veo-prompt-generator\\src\\core\\services\\diffService.ts": {"lines":{"total":131,"covered":0,"skipped":0,"pct":0},"functions":{"total":20,"covered":0,"skipped":0,"pct":0},"statements":{"total":150,"covered":0,"skipped":0,"pct":0},"branches":{"total":47,"covered":0,"skipped":0,"pct":0}}
,"C:\\Users\\loofi\\Documents\\Loofi VEO\\Loofi-Veo-prompt-generator\\src\\core\\services\\differentialUpdateService.ts": {"lines":{"total":184,"covered":83,"skipped":0,"pct":45.1},"functions":{"total":34,"covered":22,"skipped":0,"pct":64.7},"statements":{"total":191,"covered":85,"skipped":0,"pct":44.5},"branches":{"total":69,"covered":23,"skipped":0,"pct":33.33}}
,"C:\\Users\\loofi\\Documents\\Loofi VEO\\Loofi-Veo-prompt-generator\\src\\core\\services\\effectPipeline.ts": {"lines":{"total":74,"covered":0,"skipped":0,"pct":0},"functions":{"total":6,"covered":0,"skipped":0,"pct":0},"statements":{"total":83,"covered":0,"skipped":0,"pct":0},"branches":{"total":41,"covered":0,"skipped":0,"pct":0}}
,"C:\\Users\\loofi\\Documents\\Loofi VEO\\Loofi-Veo-prompt-generator\\src\\core\\services\\errorLoggingService.ts": {"lines":{"total":110,"covered":0,"skipped":0,"pct":0},"functions":{"total":20,"covered":0,"skipped":0,"pct":0},"statements":{"total":116,"covered":0,"skipped":0,"pct":0},"branches":{"total":55,"covered":0,"skipped":0,"pct":0}}
,"C:\\Users\\loofi\\Documents\\Loofi VEO\\Loofi-Veo-prompt-generator\\src\\core\\services\\exportService.ts": {"lines":{"total":188,"covered":32,"skipped":0,"pct":17.02},"functions":{"total":25,"covered":6,"skipped":0,"pct":24},"statements":{"total":197,"covered":32,"skipped":0,"pct":16.24},"branches":{"total":91,"covered":17,"skipped":0,"pct":18.68}}
,"C:\\Users\\loofi\\Documents\\Loofi VEO\\Loofi-Veo-prompt-generator\\src\\core\\services\\geminiService.ts": {"lines":{"total":444,"covered":0,"skipped":0,"pct":0},"functions":{"total":117,"covered":0,"skipped":0,"pct":0},"statements":{"total":453,"covered":0,"skipped":0,"pct":0},"branches":{"total":103,"covered":0,"skipped":0,"pct":0}}
,"C:\\Users\\loofi\\Documents\\Loofi VEO\\Loofi-Veo-prompt-generator\\src\\core\\services\\globalUnhandledRejectionService.ts": {"lines":{"total":17,"covered":0,"skipped":0,"pct":0},"functions":{"total":4,"covered":0,"skipped":0,"pct":0},"statements":{"total":21,"covered":0,"skipped":0,"pct":0},"branches":{"total":14,"covered":0,"skipped":0,"pct":0}}
,"C:\\Users\\loofi\\Documents\\Loofi VEO\\Loofi-Veo-prompt-generator\\src\\core\\services\\historyService.ts": {"lines":{"total":149,"covered":67,"skipped":0,"pct":44.96},"functions":{"total":41,"covered":17,"skipped":0,"pct":41.46},"statements":{"total":167,"covered":73,"skipped":0,"pct":43.71},"branches":{"total":71,"covered":24,"skipped":0,"pct":33.8}}
,"C:\\Users\\loofi\\Documents\\Loofi VEO\\Loofi-Veo-prompt-generator\\src\\core\\services\\imageEditService.ts": {"lines":{"total":45,"covered":0,"skipped":0,"pct":0},"functions":{"total":7,"covered":0,"skipped":0,"pct":0},"statements":{"total":49,"covered":0,"skipped":0,"pct":0},"branches":{"total":6,"covered":0,"skipped":0,"pct":0}}
,"C:\\Users\\loofi\\Documents\\Loofi VEO\\Loofi-Veo-prompt-generator\\src\\core\\services\\index.ts": {"lines":{"total":0,"covered":0,"skipped":0,"pct":0},"functions":{"total":0,"covered":0,"skipped":0,"pct":0},"statements":{"total":0,"covered":0,"skipped":0,"pct":0},"branches":{"total":0,"covered":0,"skipped":0,"pct":0}}
,"C:\\Users\\loofi\\Documents\\Loofi VEO\\Loofi-Veo-prompt-generator\\src\\core\\services\\jobQueueService.ts": {"lines":{"total":129,"covered":121,"skipped":0,"pct":93.79},"functions":{"total":38,"covered":33,"skipped":0,"pct":86.84},"statements":{"total":150,"covered":137,"skipped":0,"pct":91.33},"branches":{"total":56,"covered":42,"skipped":0,"pct":75}}
,"C:\\Users\\loofi\\Documents\\Loofi VEO\\Loofi-Veo-prompt-generator\\src\\core\\services\\keyboardShortcutManager.ts": {"lines":{"total":114,"covered":0,"skipped":0,"pct":0},"functions":{"total":22,"covered":0,"skipped":0,"pct":0},"statements":{"total":127,"covered":0,"skipped":0,"pct":0},"branches":{"total":56,"covered":0,"skipped":0,"pct":0}}
,"C:\\Users\\loofi\\Documents\\Loofi VEO\\Loofi-Veo-prompt-generator\\src\\core\\services\\lipSyncService.ts": {"lines":{"total":12,"covered":0,"skipped":0,"pct":0},"functions":{"total":3,"covered":0,"skipped":0,"pct":0},"statements":{"total":12,"covered":0,"skipped":0,"pct":0},"branches":{"total":12,"covered":0,"skipped":0,"pct":0}}
,"C:\\Users\\loofi\\Documents\\Loofi VEO\\Loofi-Veo-prompt-generator\\src\\core\\services\\loggerService.ts": {"lines":{"total":73,"covered":40,"skipped":0,"pct":54.79},"functions":{"total":19,"covered":8,"skipped":0,"pct":42.1},"statements":{"total":75,"covered":41,"skipped":0,"pct":54.66},"branches":{"total":56,"covered":30,"skipped":0,"pct":53.57}}
,"C:\\Users\\loofi\\Documents\\Loofi VEO\\Loofi-Veo-prompt-generator\\src\\core\\services\\montageService.ts": {"lines":{"total":26,"covered":0,"skipped":0,"pct":0},"functions":{"total":2,"covered":0,"skipped":0,"pct":0},"statements":{"total":28,"covered":0,"skipped":0,"pct":0},"branches":{"total":7,"covered":0,"skipped":0,"pct":0}}
,"C:\\Users\\loofi\\Documents\\Loofi VEO\\Loofi-Veo-prompt-generator\\src\\core\\services\\performanceProfiler.ts": {"lines":{"total":31,"covered":0,"skipped":0,"pct":0},"functions":{"total":7,"covered":0,"skipped":0,"pct":0},"statements":{"total":31,"covered":0,"skipped":0,"pct":0},"branches":{"total":9,"covered":0,"skipped":0,"pct":0}}
,"C:\\Users\\loofi\\Documents\\Loofi VEO\\Loofi-Veo-prompt-generator\\src\\core\\services\\performanceService.ts": {"lines":{"total":30,"covered":5,"skipped":0,"pct":16.66},"functions":{"total":8,"covered":0,"skipped":0,"pct":0},"statements":{"total":32,"covered":5,"skipped":0,"pct":15.62},"branches":{"total":4,"covered":0,"skipped":0,"pct":0}}
,"C:\\Users\\loofi\\Documents\\Loofi VEO\\Loofi-Veo-prompt-generator\\src\\core\\services\\pluginInstallService.ts": {"lines":{"total":139,"covered":87,"skipped":0,"pct":62.58},"functions":{"total":26,"covered":21,"skipped":0,"pct":80.76},"statements":{"total":148,"covered":93,"skipped":0,"pct":62.83},"branches":{"total":57,"covered":32,"skipped":0,"pct":56.14}}
,"C:\\Users\\loofi\\Documents\\Loofi VEO\\Loofi-Veo-prompt-generator\\src\\core\\services\\pluginSandboxService.ts": {"lines":{"total":187,"covered":116,"skipped":0,"pct":62.03},"functions":{"total":40,"covered":29,"skipped":0,"pct":72.5},"statements":{"total":203,"covered":129,"skipped":0,"pct":63.54},"branches":{"total":89,"covered":43,"skipped":0,"pct":48.31}}
,"C:\\Users\\loofi\\Documents\\Loofi VEO\\Loofi-Veo-prompt-generator\\src\\core\\services\\pluginService.ts": {"lines":{"total":265,"covered":145,"skipped":0,"pct":54.71},"functions":{"total":74,"covered":35,"skipped":0,"pct":47.29},"statements":{"total":285,"covered":152,"skipped":0,"pct":53.33},"branches":{"total":124,"covered":43,"skipped":0,"pct":34.67}}
,"C:\\Users\\loofi\\Documents\\Loofi VEO\\Loofi-Veo-prompt-generator\\src\\core\\services\\presetManager.ts": {"lines":{"total":123,"covered":0,"skipped":0,"pct":0},"functions":{"total":21,"covered":0,"skipped":0,"pct":0},"statements":{"total":132,"covered":0,"skipped":0,"pct":0},"branches":{"total":47,"covered":0,"skipped":0,"pct":0}}
,"C:\\Users\\loofi\\Documents\\Loofi VEO\\Loofi-Veo-prompt-generator\\src\\core\\services\\projectAnalysisService.ts": {"lines":{"total":193,"covered":188,"skipped":0,"pct":97.4},"functions":{"total":28,"covered":28,"skipped":0,"pct":100},"statements":{"total":219,"covered":213,"skipped":0,"pct":97.26},"branches":{"total":117,"covered":100,"skipped":0,"pct":85.47}}
,"C:\\Users\\loofi\\Documents\\Loofi VEO\\Loofi-Veo-prompt-generator\\src\\core\\services\\projectBundleService.ts": {"lines":{"total":59,"covered":58,"skipped":0,"pct":98.3},"functions":{"total":6,"covered":6,"skipped":0,"pct":100},"statements":{"total":59,"covered":58,"skipped":0,"pct":98.3},"branches":{"total":36,"covered":33,"skipped":0,"pct":91.66}}
,"C:\\Users\\loofi\\Documents\\Loofi VEO\\Loofi-Veo-prompt-generator\\src\\core\\services\\projectService.ts": {"lines":{"total":171,"covered":0,"skipped":0,"pct":0},"functions":{"total":32,"covered":0,"skipped":0,"pct":0},"statements":{"total":177,"covered":0,"skipped":0,"pct":0},"branches":{"total":54,"covered":0,"skipped":0,"pct":0}}
,"C:\\Users\\loofi\\Documents\\Loofi VEO\\Loofi-Veo-prompt-generator\\src\\core\\services\\promptBuilder.ts": {"lines":{"total":54,"covered":0,"skipped":0,"pct":0},"functions":{"total":7,"covered":0,"skipped":0,"pct":0},"statements":{"total":57,"covered":0,"skipped":0,"pct":0},"branches":{"total":50,"covered":0,"skipped":0,"pct":0}}
,"C:\\Users\\loofi\\Documents\\Loofi VEO\\Loofi-Veo-prompt-generator\\src\\core\\services\\proxyService.ts": {"lines":{"total":29,"covered":0,"skipped":0,"pct":0},"functions":{"total":3,"covered":0,"skipped":0,"pct":0},"statements":{"total":30,"covered":0,"skipped":0,"pct":0},"branches":{"total":2,"covered":0,"skipped":0,"pct":0}}
,"C:\\Users\\loofi\\Documents\\Loofi VEO\\Loofi-Veo-prompt-generator\\src\\core\\services\\registryService.ts": {"lines":{"total":101,"covered":91,"skipped":0,"pct":90.09},"functions":{"total":27,"covered":25,"skipped":0,"pct":92.59},"statements":{"total":114,"covered":100,"skipped":0,"pct":87.71},"branches":{"total":77,"covered":58,"skipped":0,"pct":75.32}}
,"C:\\Users\\loofi\\Documents\\Loofi VEO\\Loofi-Veo-prompt-generator\\src\\core\\services\\sceneExportService.ts": {"lines":{"total":103,"covered":42,"skipped":0,"pct":40.77},"functions":{"total":24,"covered":12,"skipped":0,"pct":50},"statements":{"total":110,"covered":44,"skipped":0,"pct":40},"branches":{"total":74,"covered":32,"skipped":0,"pct":43.24}}
,"C:\\Users\\loofi\\Documents\\Loofi VEO\\Loofi-Veo-prompt-generator\\src\\core\\services\\searchService.ts": {"lines":{"total":80,"covered":72,"skipped":0,"pct":90},"functions":{"total":16,"covered":16,"skipped":0,"pct":100},"statements":{"total":86,"covered":76,"skipped":0,"pct":88.37},"branches":{"total":53,"covered":39,"skipped":0,"pct":73.58}}
,"C:\\Users\\loofi\\Documents\\Loofi VEO\\Loofi-Veo-prompt-generator\\src\\core\\services\\segmentationService.ts": {"lines":{"total":58,"covered":0,"skipped":0,"pct":0},"functions":{"total":7,"covered":0,"skipped":0,"pct":0},"statements":{"total":65,"covered":0,"skipped":0,"pct":0},"branches":{"total":14,"covered":0,"skipped":0,"pct":0}}
,"C:\\Users\\loofi\\Documents\\Loofi VEO\\Loofi-Veo-prompt-generator\\src\\core\\services\\settingsResolutionService.ts": {"lines":{"total":53,"covered":51,"skipped":0,"pct":96.22},"functions":{"total":9,"covered":9,"skipped":0,"pct":100},"statements":{"total":55,"covered":53,"skipped":0,"pct":96.36},"branches":{"total":28,"covered":24,"skipped":0,"pct":85.71}}
,"C:\\Users\\loofi\\Documents\\Loofi VEO\\Loofi-Veo-prompt-generator\\src\\core\\services\\sfxService.ts": {"lines":{"total":25,"covered":0,"skipped":0,"pct":0},"functions":{"total":3,"covered":0,"skipped":0,"pct":0},"statements":{"total":26,"covered":0,"skipped":0,"pct":0},"branches":{"total":4,"covered":0,"skipped":0,"pct":0}}
,"C:\\Users\\loofi\\Documents\\Loofi VEO\\Loofi-Veo-prompt-generator\\src\\core\\services\\smartCropService.ts": {"lines":{"total":31,"covered":0,"skipped":0,"pct":0},"functions":{"total":5,"covered":0,"skipped":0,"pct":0},"statements":{"total":33,"covered":0,"skipped":0,"pct":0},"branches":{"total":16,"covered":0,"skipped":0,"pct":0}}
,"C:\\Users\\loofi\\Documents\\Loofi VEO\\Loofi-Veo-prompt-generator\\src\\core\\services\\stockMediaService.ts": {"lines":{"total":13,"covered":0,"skipped":0,"pct":0},"functions":{"total":6,"covered":0,"skipped":0,"pct":0},"statements":{"total":15,"covered":0,"skipped":0,"pct":0},"branches":{"total":6,"covered":0,"skipped":0,"pct":0}}
,"C:\\Users\\loofi\\Documents\\Loofi VEO\\Loofi-Veo-prompt-generator\\src\\core\\services\\telemetryService.ts": {"lines":{"total":146,"covered":134,"skipped":0,"pct":91.78},"functions":{"total":40,"covered":37,"skipped":0,"pct":92.5},"statements":{"total":159,"covered":144,"skipped":0,"pct":90.56},"branches":{"total":83,"covered":64,"skipped":0,"pct":77.1}}
,"C:\\Users\\loofi\\Documents\\Loofi VEO\\Loofi-Veo-prompt-generator\\src\\core\\services\\templateManager.ts": {"lines":{"total":89,"covered":75,"skipped":0,"pct":84.26},"functions":{"total":15,"covered":15,"skipped":0,"pct":100},"statements":{"total":93,"covered":79,"skipped":0,"pct":84.94},"branches":{"total":32,"covered":29,"skipped":0,"pct":90.62}}
,"C:\\Users\\loofi\\Documents\\Loofi VEO\\Loofi-Veo-prompt-generator\\src\\core\\services\\transitionAnalyst.ts": {"lines":{"total":27,"covered":0,"skipped":0,"pct":0},"functions":{"total":3,"covered":0,"skipped":0,"pct":0},"statements":{"total":28,"covered":0,"skipped":0,"pct":0},"branches":{"total":6,"covered":0,"skipped":0,"pct":0}}
,"C:\\Users\\loofi\\Documents\\Loofi VEO\\Loofi-Veo-prompt-generator\\src\\core\\services\\updateService.ts": {"lines":{"total":150,"covered":0,"skipped":0,"pct":0},"functions":{"total":31,"covered":0,"skipped":0,"pct":0},"statements":{"total":156,"covered":0,"skipped":0,"pct":0},"branches":{"total":80,"covered":0,"skipped":0,"pct":0}}
,"C:\\Users\\loofi\\Documents\\Loofi VEO\\Loofi-Veo-prompt-generator\\src\\core\\services\\upscaleService.ts": {"lines":{"total":3,"covered":0,"skipped":0,"pct":0},"functions":{"total":2,"covered":0,"skipped":0,"pct":0},"statements":{"total":4,"covered":0,"skipped":0,"pct":0},"branches":{"total":0,"covered":0,"skipped":0,"pct":100}}
,"C:\\Users\\loofi\\Documents\\Loofi VEO\\Loofi-Veo-prompt-generator\\src\\core\\services\\videoEditorService.ts": {"lines":{"total":131,"covered":0,"skipped":0,"pct":0},"functions":{"total":11,"covered":0,"skipped":0,"pct":0},"statements":{"total":139,"covered":0,"skipped":0,"pct":0},"branches":{"total":40,"covered":0,"skipped":0,"pct":0}}
,"C:\\Users\\loofi\\Documents\\Loofi VEO\\Loofi-Veo-prompt-generator\\src\\core\\services\\videoGenerationService.ts": {"lines":{"total":46,"covered":0,"skipped":0,"pct":0},"functions":{"total":12,"covered":0,"skipped":0,"pct":0},"statements":{"total":51,"covered":0,"skipped":0,"pct":0},"branches":{"total":31,"covered":0,"skipped":0,"pct":0}}
,"C:\\Users\\loofi\\Documents\\Loofi VEO\\Loofi-Veo-prompt-generator\\src\\core\\services\\workspaceService.ts": {"lines":{"total":158,"covered":126,"skipped":0,"pct":79.74},"functions":{"total":25,"covered":25,"skipped":0,"pct":100},"statements":{"total":165,"covered":130,"skipped":0,"pct":78.78},"branches":{"total":50,"covered":42,"skipped":0,"pct":84}}
,"C:\\Users\\loofi\\Documents\\Loofi VEO\\Loofi-Veo-prompt-generator\\src\\core\\services\\adapters\\SoraAdapter.ts": {"lines":{"total":17,"covered":0,"skipped":0,"pct":0},"functions":{"total":3,"covered":0,"skipped":0,"pct":0},"statements":{"total":17,"covered":0,"skipped":0,"pct":0},"branches":{"total":30,"covered":0,"skipped":0,"pct":0}}
,"C:\\Users\\loofi\\Documents\\Loofi VEO\\Loofi-Veo-prompt-generator\\src\\core\\services\\adapters\\VeoAdapter.ts": {"lines":{"total":104,"covered":0,"skipped":0,"pct":0},"functions":{"total":4,"covered":0,"skipped":0,"pct":0},"statements":{"total":119,"covered":0,"skipped":0,"pct":0},"branches":{"total":121,"covered":0,"skipped":0,"pct":0}}
,"C:\\Users\\loofi\\Documents\\Loofi VEO\\Loofi-Veo-prompt-generator\\src\\core\\services\\adapters\\VideoModelAdapter.ts": {"lines":{"total":0,"covered":0,"skipped":0,"pct":0},"functions":{"total":0,"covered":0,"skipped":0,"pct":0},"statements":{"total":0,"covered":0,"skipped":0,"pct":0},"branches":{"total":0,"covered":0,"skipped":0,"pct":0}}
,"C:\\Users\\loofi\\Documents\\Loofi VEO\\Loofi-Veo-prompt-generator\\src\\core\\store\\index.ts": {"lines":{"total":0,"covered":0,"skipped":0,"pct":0},"functions":{"total":0,"covered":0,"skipped":0,"pct":0},"statements":{"total":0,"covered":0,"skipped":0,"pct":0},"branches":{"total":0,"covered":0,"skipped":0,"pct":0}}
,"C:\\Users\\loofi\\Documents\\Loofi VEO\\Loofi-Veo-prompt-generator\\src\\core\\store\\pluginStore.ts": {"lines":{"total":42,"covered":0,"skipped":0,"pct":0},"functions":{"total":8,"covered":0,"skipped":0,"pct":0},"statements":{"total":43,"covered":0,"skipped":0,"pct":0},"branches":{"total":4,"covered":0,"skipped":0,"pct":0}}
,"C:\\Users\\loofi\\Documents\\Loofi VEO\\Loofi-Veo-prompt-generator\\src\\core\\store\\useAppStore.ts": {"lines":{"total":12,"covered":12,"skipped":0,"pct":100},"functions":{"total":11,"covered":11,"skipped":0,"pct":100},"statements":{"total":13,"covered":13,"skipped":0,"pct":100},"branches":{"total":0,"covered":0,"skipped":0,"pct":100}}
,"C:\\Users\\loofi\\Documents\\Loofi VEO\\Loofi-Veo-prompt-generator\\src\\core\\store\\useBatchPromptStore.ts": {"lines":{"total":34,"covered":33,"skipped":0,"pct":97.05},"functions":{"total":16,"covered":15,"skipped":0,"pct":93.75},"statements":{"total":41,"covered":40,"skipped":0,"pct":97.56},"branches":{"total":14,"covered":12,"skipped":0,"pct":85.71}}
,"C:\\Users\\loofi\\Documents\\Loofi VEO\\Loofi-Veo-prompt-generator\\src\\core\\store\\useComposerStore.ts": {"lines":{"total":155,"covered":0,"skipped":0,"pct":0},"functions":{"total":81,"covered":0,"skipped":0,"pct":0},"statements":{"total":174,"covered":0,"skipped":0,"pct":0},"branches":{"total":63,"covered":0,"skipped":0,"pct":0}}
,"C:\\Users\\loofi\\Documents\\Loofi VEO\\Loofi-Veo-prompt-generator\\src\\core\\store\\useDiagnosticsStore.ts": {"lines":{"total":60,"covered":0,"skipped":0,"pct":0},"functions":{"total":22,"covered":0,"skipped":0,"pct":0},"statements":{"total":67,"covered":0,"skipped":0,"pct":0},"branches":{"total":20,"covered":0,"skipped":0,"pct":0}}
,"C:\\Users\\loofi\\Documents\\Loofi VEO\\Loofi-Veo-prompt-generator\\src\\core\\store\\useHistoryStore.ts": {"lines":{"total":118,"covered":0,"skipped":0,"pct":0},"functions":{"total":15,"covered":0,"skipped":0,"pct":0},"statements":{"total":119,"covered":0,"skipped":0,"pct":0},"branches":{"total":14,"covered":0,"skipped":0,"pct":0}}
,"C:\\Users\\loofi\\Documents\\Loofi VEO\\Loofi-Veo-prompt-generator\\src\\core\\store\\useJobQueueStore.ts": {"lines":{"total":15,"covered":0,"skipped":0,"pct":0},"functions":{"total":9,"covered":0,"skipped":0,"pct":0},"statements":{"total":17,"covered":0,"skipped":0,"pct":0},"branches":{"total":4,"covered":0,"skipped":0,"pct":0}}
,"C:\\Users\\loofi\\Documents\\Loofi VEO\\Loofi-Veo-prompt-generator\\src\\core\\store\\useLocationStore.ts": {"lines":{"total":23,"covered":0,"skipped":0,"pct":0},"functions":{"total":12,"covered":0,"skipped":0,"pct":0},"statements":{"total":26,"covered":0,"skipped":0,"pct":0},"branches":{"total":4,"covered":0,"skipped":0,"pct":0}}
,"C:\\Users\\loofi\\Documents\\Loofi VEO\\Loofi-Veo-prompt-generator\\src\\core\\store\\useMarketplaceStore.ts": {"lines":{"total":56,"covered":41,"skipped":0,"pct":73.21},"functions":{"total":23,"covered":16,"skipped":0,"pct":69.56},"statements":{"total":63,"covered":45,"skipped":0,"pct":71.42},"branches":{"total":24,"covered":12,"skipped":0,"pct":50}}
,"C:\\Users\\loofi\\Documents\\Loofi VEO\\Loofi-Veo-prompt-generator\\src\\core\\store\\useProjectStore.ts": {"lines":{"total":117,"covered":0,"skipped":0,"pct":0},"functions":{"total":14,"covered":0,"skipped":0,"pct":0},"statements":{"total":117,"covered":0,"skipped":0,"pct":0},"branches":{"total":14,"covered":0,"skipped":0,"pct":0}}
,"C:\\Users\\loofi\\Documents\\Loofi VEO\\Loofi-Veo-prompt-generator\\src\\core\\store\\useRegistryStore.ts": {"lines":{"total":40,"covered":32,"skipped":0,"pct":80},"functions":{"total":8,"covered":7,"skipped":0,"pct":87.5},"statements":{"total":41,"covered":33,"skipped":0,"pct":80.48},"branches":{"total":3,"covered":3,"skipped":0,"pct":100}}
,"C:\\Users\\loofi\\Documents\\Loofi VEO\\Loofi-Veo-prompt-generator\\src\\core\\store\\useSettingsStore.ts": {"lines":{"total":8,"covered":8,"skipped":0,"pct":100},"functions":{"total":6,"covered":6,"skipped":0,"pct":100},"statements":{"total":9,"covered":9,"skipped":0,"pct":100},"branches":{"total":0,"covered":0,"skipped":0,"pct":100}}
,"C:\\Users\\loofi\\Documents\\Loofi VEO\\Loofi-Veo-prompt-generator\\src\\core\\store\\useVideoStore.ts": {"lines":{"total":11,"covered":0,"skipped":0,"pct":0},"functions":{"total":10,"covered":0,"skipped":0,"pct":0},"statements":{"total":13,"covered":0,"skipped":0,"pct":0},"branches":{"total":2,"covered":0,"skipped":0,"pct":0}}
,"C:\\Users\\loofi\\Documents\\Loofi VEO\\Loofi-Veo-prompt-generator\\src\\core\\store\\useWorkspaceStore.ts": {"lines":{"total":100,"covered":62,"skipped":0,"pct":62},"functions":{"total":14,"covered":11,"skipped":0,"pct":78.57},"statements":{"total":100,"covered":62,"skipped":0,"pct":62},"branches":{"total":14,"covered":7,"skipped":0,"pct":50}}
,"C:\\Users\\loofi\\Documents\\Loofi VEO\\Loofi-Veo-prompt-generator\\src\\core\\store\\slices\\assetSlice.ts": {"lines":{"total":19,"covered":1,"skipped":0,"pct":5.26},"functions":{"total":38,"covered":1,"skipped":0,"pct":2.63},"statements":{"total":39,"covered":2,"skipped":0,"pct":5.12},"branches":{"total":6,"covered":0,"skipped":0,"pct":0}}
,"C:\\Users\\loofi\\Documents\\Loofi VEO\\Loofi-Veo-prompt-generator\\src\\core\\store\\slices\\promptSlice.ts": {"lines":{"total":22,"covered":1,"skipped":0,"pct":4.54},"functions":{"total":15,"covered":1,"skipped":0,"pct":6.66},"statements":{"total":26,"covered":2,"skipped":0,"pct":7.69},"branches":{"total":12,"covered":0,"skipped":0,"pct":0}}
,"C:\\Users\\loofi\\Documents\\Loofi VEO\\Loofi-Veo-prompt-generator\\src\\core\\store\\slices\\timelineSlice.ts": {"lines":{"total":81,"covered":2,"skipped":0,"pct":2.46},"functions":{"total":46,"covered":1,"skipped":0,"pct":2.17},"statements":{"total":103,"covered":3,"skipped":0,"pct":2.91},"branches":{"total":64,"covered":0,"skipped":0,"pct":0}}
,"C:\\Users\\loofi\\Documents\\Loofi VEO\\Loofi-Veo-prompt-generator\\src\\core\\store\\slices\\uiSlice.ts": {"lines":{"total":13,"covered":1,"skipped":0,"pct":7.69},"functions":{"total":9,"covered":1,"skipped":0,"pct":11.11},"statements":{"total":15,"covered":2,"skipped":0,"pct":13.33},"branches":{"total":6,"covered":0,"skipped":0,"pct":0}}
,"C:\\Users\\loofi\\Documents\\Loofi VEO\\Loofi-Veo-prompt-generator\\src\\core\\types\\composer.ts": {"lines":{"total":0,"covered":0,"skipped":0,"pct":0},"functions":{"total":0,"covered":0,"skipped":0,"pct":0},"statements":{"total":0,"covered":0,"skipped":0,"pct":0},"branches":{"total":0,"covered":0,"skipped":0,"pct":0}}
,"C:\\Users\\loofi\\Documents\\Loofi VEO\\Loofi-Veo-prompt-generator\\src\\core\\types\\desktopProduction.ts": {"lines":{"total":0,"covered":0,"skipped":0,"pct":0},"functions":{"total":0,"covered":0,"skipped":0,"pct":0},"statements":{"total":0,"covered":0,"skipped":0,"pct":0},"branches":{"total":0,"covered":0,"skipped":0,"pct":0}}
,"C:\\Users\\loofi\\Documents\\Loofi VEO\\Loofi-Veo-prompt-generator\\src\\core\\types\\diagnostics.ts": {"lines":{"total":0,"covered":0,"skipped":0,"pct":0},"functions":{"total":0,"covered":0,"skipped":0,"pct":0},"statements":{"total":0,"covered":0,"skipped":0,"pct":0},"branches":{"total":0,"covered":0,"skipped":0,"pct":0}}
,"C:\\Users\\loofi\\Documents\\Loofi VEO\\Loofi-Veo-prompt-generator\\src\\core\\types\\errors.ts": {"lines":{"total":0,"covered":0,"skipped":0,"pct":0},"functions":{"total":0,"covered":0,"skipped":0,"pct":0},"statements":{"total":0,"covered":0,"skipped":0,"pct":0},"branches":{"total":0,"covered":0,"skipped":0,"pct":0}}
,"C:\\Users\\loofi\\Documents\\Loofi VEO\\Loofi-Veo-prompt-generator\\src\\core\\types\\index.ts": {"lines":{"total":0,"covered":0,"skipped":0,"pct":0},"functions":{"total":0,"covered":0,"skipped":0,"pct":0},"statements":{"total":0,"covered":0,"skipped":0,"pct":0},"branches":{"total":0,"covered":0,"skipped":0,"pct":0}}
,"C:\\Users\\loofi\\Documents\\Loofi VEO\\Loofi-Veo-prompt-generator\\src\\core\\types\\marketplace.ts": {"lines":{"total":0,"covered":0,"skipped":0,"pct":0},"functions":{"total":0,"covered":0,"skipped":0,"pct":0},"statements":{"total":0,"covered":0,"skipped":0,"pct":0},"branches":{"total":0,"covered":0,"skipped":0,"pct":0}}
,"C:\\Users\\loofi\\Documents\\Loofi VEO\\Loofi-Veo-prompt-generator\\src\\core\\types\\plugin.ts": {"lines":{"total":0,"covered":0,"skipped":0,"pct":0},"functions":{"total":0,"covered":0,"skipped":0,"pct":0},"statements":{"total":0,"covered":0,"skipped":0,"pct":0},"branches":{"total":0,"covered":0,"skipped":0,"pct":0}}
,"C:\\Users\\loofi\\Documents\\Loofi VEO\\Loofi-Veo-prompt-generator\\src\\core\\types\\registry.ts": {"lines":{"total":1,"covered":1,"skipped":0,"pct":100},"functions":{"total":0,"covered":0,"skipped":0,"pct":100},"statements":{"total":1,"covered":1,"skipped":0,"pct":100},"branches":{"total":0,"covered":0,"skipped":0,"pct":100}}
,"C:\\Users\\loofi\\Documents\\Loofi VEO\\Loofi-Veo-prompt-generator\\src\\core\\types\\workspace.ts": {"lines":{"total":0,"covered":0,"skipped":0,"pct":0},"functions":{"total":0,"covered":0,"skipped":0,"pct":0},"statements":{"total":0,"covered":0,"skipped":0,"pct":0},"branches":{"total":0,"covered":0,"skipped":0,"pct":0}}
,"C:\\Users\\loofi\\Documents\\Loofi VEO\\Loofi-Veo-prompt-generator\\src\\core\\utils\\apiErrors.ts": {"lines":{"total":71,"covered":19,"skipped":0,"pct":26.76},"functions":{"total":4,"covered":2,"skipped":0,"pct":50},"statements":{"total":81,"covered":20,"skipped":0,"pct":24.69},"branches":{"total":74,"covered":3,"skipped":0,"pct":4.05}}
,"C:\\Users\\loofi\\Documents\\Loofi VEO\\Loofi-Veo-prompt-generator\\src\\core\\utils\\audio.ts": {"lines":{"total":50,"covered":0,"skipped":0,"pct":0},"functions":{"total":9,"covered":0,"skipped":0,"pct":0},"statements":{"total":57,"covered":0,"skipped":0,"pct":0},"branches":{"total":6,"covered":0,"skipped":0,"pct":0}}
,"C:\\Users\\loofi\\Documents\\Loofi VEO\\Loofi-Veo-prompt-generator\\src\\core\\utils\\cameraPhysics.ts": {"lines":{"total":28,"covered":0,"skipped":0,"pct":0},"functions":{"total":2,"covered":0,"skipped":0,"pct":0},"statements":{"total":28,"covered":0,"skipped":0,"pct":0},"branches":{"total":15,"covered":0,"skipped":0,"pct":0}}
,"C:\\Users\\loofi\\Documents\\Loofi VEO\\Loofi-Veo-prompt-generator\\src\\core\\utils\\easing.ts": {"lines":{"total":39,"covered":0,"skipped":0,"pct":0},"functions":{"total":11,"covered":0,"skipped":0,"pct":0},"statements":{"total":48,"covered":0,"skipped":0,"pct":0},"branches":{"total":16,"covered":0,"skipped":0,"pct":0}}
,"C:\\Users\\loofi\\Documents\\Loofi VEO\\Loofi-Veo-prompt-generator\\src\\core\\utils\\edlExport.ts": {"lines":{"total":30,"covered":0,"skipped":0,"pct":0},"functions":{"total":4,"covered":0,"skipped":0,"pct":0},"statements":{"total":32,"covered":0,"skipped":0,"pct":0},"branches":{"total":6,"covered":0,"skipped":0,"pct":0}}
,"C:\\Users\\loofi\\Documents\\Loofi VEO\\Loofi-Veo-prompt-generator\\src\\core\\utils\\electronBridge.ts": {"lines":{"total":4,"covered":0,"skipped":0,"pct":0},"functions":{"total":2,"covered":0,"skipped":0,"pct":0},"statements":{"total":4,"covered":0,"skipped":0,"pct":0},"branches":{"total":4,"covered":0,"skipped":0,"pct":0}}
,"C:\\Users\\loofi\\Documents\\Loofi VEO\\Loofi-Veo-prompt-generator\\src\\core\\utils\\errorHandler.ts": {"lines":{"total":27,"covered":26,"skipped":0,"pct":96.29},"functions":{"total":1,"covered":1,"skipped":0,"pct":100},"statements":{"total":28,"covered":27,"skipped":0,"pct":96.42},"branches":{"total":25,"covered":21,"skipped":0,"pct":84}}
,"C:\\Users\\loofi\\Documents\\Loofi VEO\\Loofi-Veo-prompt-generator\\src\\core\\utils\\errorSchema.ts": {"lines":{"total":17,"covered":16,"skipped":0,"pct":94.11},"functions":{"total":3,"covered":3,"skipped":0,"pct":100},"statements":{"total":17,"covered":16,"skipped":0,"pct":94.11},"branches":{"total":38,"covered":23,"skipped":0,"pct":60.52}}
,"C:\\Users\\loofi\\Documents\\Loofi VEO\\Loofi-Veo-prompt-generator\\src\\core\\utils\\filmGrain.ts": {"lines":{"total":38,"covered":0,"skipped":0,"pct":0},"functions":{"total":2,"covered":0,"skipped":0,"pct":0},"statements":{"total":43,"covered":0,"skipped":0,"pct":0},"branches":{"total":14,"covered":0,"skipped":0,"pct":0}}
,"C:\\Users\\loofi\\Documents\\Loofi VEO\\Loofi-Veo-prompt-generator\\src\\core\\utils\\index.ts": {"lines":{"total":0,"covered":0,"skipped":0,"pct":0},"functions":{"total":0,"covered":0,"skipped":0,"pct":0},"statements":{"total":0,"covered":0,"skipped":0,"pct":0},"branches":{"total":0,"covered":0,"skipped":0,"pct":0}}
,"C:\\Users\\loofi\\Documents\\Loofi VEO\\Loofi-Veo-prompt-generator\\src\\core\\utils\\pdfExport.ts": {"lines":{"total":39,"covered":0,"skipped":0,"pct":0},"functions":{"total":3,"covered":0,"skipped":0,"pct":0},"statements":{"total":41,"covered":0,"skipped":0,"pct":0},"branches":{"total":9,"covered":0,"skipped":0,"pct":0}}
,"C:\\Users\\loofi\\Documents\\Loofi VEO\\Loofi-Veo-prompt-generator\\src\\core\\utils\\pluginCrypto.ts": {"lines":{"total":79,"covered":76,"skipped":0,"pct":96.2},"functions":{"total":14,"covered":14,"skipped":0,"pct":100},"statements":{"total":83,"covered":78,"skipped":0,"pct":93.97},"branches":{"total":20,"covered":16,"skipped":0,"pct":80}}
,"C:\\Users\\loofi\\Documents\\Loofi VEO\\Loofi-Veo-prompt-generator\\src\\core\\utils\\projectArchiver.ts": {"lines":{"total":43,"covered":0,"skipped":0,"pct":0},"functions":{"total":5,"covered":0,"skipped":0,"pct":0},"statements":{"total":46,"covered":0,"skipped":0,"pct":0},"branches":{"total":16,"covered":0,"skipped":0,"pct":0}}
,"C:\\Users\\loofi\\Documents\\Loofi VEO\\Loofi-Veo-prompt-generator\\src\\core\\utils\\promptScoring.ts": {"lines":{"total":125,"covered":60,"skipped":0,"pct":48},"functions":{"total":1,"covered":1,"skipped":0,"pct":100},"statements":{"total":127,"covered":60,"skipped":0,"pct":47.24},"branches":{"total":94,"covered":55,"skipped":0,"pct":58.51}}
,"C:\\Users\\loofi\\Documents\\Loofi VEO\\Loofi-Veo-prompt-generator\\src\\core\\utils\\retry.ts": {"lines":{"total":20,"covered":0,"skipped":0,"pct":0},"functions":{"total":3,"covered":0,"skipped":0,"pct":0},"statements":{"total":22,"covered":0,"skipped":0,"pct":0},"branches":{"total":18,"covered":0,"skipped":0,"pct":0}}
,"C:\\Users\\loofi\\Documents\\Loofi VEO\\Loofi-Veo-prompt-generator\\src\\core\\utils\\search.ts": {"lines":{"total":23,"covered":0,"skipped":0,"pct":0},"functions":{"total":6,"covered":0,"skipped":0,"pct":0},"statements":{"total":32,"covered":0,"skipped":0,"pct":0},"branches":{"total":12,"covered":0,"skipped":0,"pct":0}}
,"C:\\Users\\loofi\\Documents\\Loofi VEO\\Loofi-Veo-prompt-generator\\src\\core\\utils\\semver.ts": {"lines":{"total":32,"covered":32,"skipped":0,"pct":100},"functions":{"total":3,"covered":3,"skipped":0,"pct":100},"statements":{"total":42,"covered":41,"skipped":0,"pct":97.61},"branches":{"total":50,"covered":46,"skipped":0,"pct":92}}
,"C:\\Users\\loofi\\Documents\\Loofi VEO\\Loofi-Veo-prompt-generator\\src\\core\\utils\\storage.ts": {"lines":{"total":60,"covered":16,"skipped":0,"pct":26.66},"functions":{"total":6,"covered":3,"skipped":0,"pct":50},"statements":{"total":64,"covered":17,"skipped":0,"pct":26.56},"branches":{"total":30,"covered":5,"skipped":0,"pct":16.66}}
,"C:\\Users\\loofi\\Documents\\Loofi VEO\\Loofi-Veo-prompt-generator\\src\\core\\utils\\textUtils.ts": {"lines":{"total":13,"covered":0,"skipped":0,"pct":0},"functions":{"total":3,"covered":0,"skipped":0,"pct":0},"statements":{"total":16,"covered":0,"skipped":0,"pct":0},"branches":{"total":8,"covered":0,"skipped":0,"pct":0}}
,"C:\\Users\\loofi\\Documents\\Loofi VEO\\Loofi-Veo-prompt-generator\\src\\core\\utils\\timeUtils.ts": {"lines":{"total":7,"covered":0,"skipped":0,"pct":0},"functions":{"total":1,"covered":0,"skipped":0,"pct":0},"statements":{"total":7,"covered":0,"skipped":0,"pct":0},"branches":{"total":0,"covered":0,"skipped":0,"pct":100}}
,"C:\\Users\\loofi\\Documents\\Loofi VEO\\Loofi-Veo-prompt-generator\\src\\core\\utils\\timelineUtils.ts": {"lines":{"total":27,"covered":0,"skipped":0,"pct":0},"functions":{"total":3,"covered":0,"skipped":0,"pct":0},"statements":{"total":29,"covered":0,"skipped":0,"pct":0},"branches":{"total":6,"covered":0,"skipped":0,"pct":0}}
,"C:\\Users\\loofi\\Documents\\Loofi VEO\\Loofi-Veo-prompt-generator\\src\\core\\utils\\validation.ts": {"lines":{"total":37,"covered":26,"skipped":0,"pct":70.27},"functions":{"total":4,"covered":2,"skipped":0,"pct":50},"statements":{"total":37,"covered":26,"skipped":0,"pct":70.27},"branches":{"total":50,"covered":39,"skipped":0,"pct":78}}
,"C:\\Users\\loofi\\Documents\\Loofi VEO\\Loofi-Veo-prompt-generator\\src\\core\\utils\\variableParser.ts": {"lines":{"total":84,"covered":0,"skipped":0,"pct":0},"functions":{"total":21,"covered":0,"skipped":0,"pct":0},"statements":{"total":98,"covered":0,"skipped":0,"pct":0},"branches":{"total":65,"covered":0,"skipped":0,"pct":0}}
,"C:\\Users\\loofi\\Documents\\Loofi VEO\\Loofi-Veo-prompt-generator\\src\\core\\utils\\videoUtils.ts": {"lines":{"total":105,"covered":0,"skipped":0,"pct":0},"functions":{"total":21,"covered":0,"skipped":0,"pct":0},"statements":{"total":108,"covered":0,"skipped":0,"pct":0},"branches":{"total":16,"covered":0,"skipped":0,"pct":0}}
,"C:\\Users\\loofi\\Documents\\Loofi VEO\\Loofi-Veo-prompt-generator\\src\\core\\utils\\xmlExport.ts": {"lines":{"total":25,"covered":0,"skipped":0,"pct":0},"functions":{"total":5,"covered":0,"skipped":0,"pct":0},"statements":{"total":27,"covered":0,"skipped":0,"pct":0},"branches":{"total":10,"covered":0,"skipped":0,"pct":0}}
,"C:\\Users\\loofi\\Documents\\Loofi VEO\\Loofi-Veo-prompt-generator\\src\\core\\utils\\shaders\\chromaKey.ts": {"lines":{"total":25,"covered":0,"skipped":0,"pct":0},"functions":{"total":2,"covered":0,"skipped":0,"pct":0},"statements":{"total":28,"covered":0,"skipped":0,"pct":0},"branches":{"total":12,"covered":0,"skipped":0,"pct":0}}
,"C:\\Users\\loofi\\Documents\\Loofi VEO\\Loofi-Veo-prompt-generator\\src\\features\\batch\\BatchGeneratorModal.tsx": {"lines":{"total":48,"covered":0,"skipped":0,"pct":0},"functions":{"total":19,"covered":0,"skipped":0,"pct":0},"statements":{"total":55,"covered":0,"skipped":0,"pct":0},"branches":{"total":57,"covered":0,"skipped":0,"pct":0}}
,"C:\\Users\\loofi\\Documents\\Loofi VEO\\Loofi-Veo-prompt-generator\\src\\features\\batch\\index.ts": {"lines":{"total":0,"covered":0,"skipped":0,"pct":0},"functions":{"total":0,"covered":0,"skipped":0,"pct":0},"statements":{"total":0,"covered":0,"skipped":0,"pct":0},"branches":{"total":0,"covered":0,"skipped":0,"pct":0}}
,"C:\\Users\\loofi\\Documents\\Loofi VEO\\Loofi-Veo-prompt-generator\\src\\features\\composer\\BlockInspector.tsx": {"lines":{"total":43,"covered":0,"skipped":0,"pct":0},"functions":{"total":26,"covered":0,"skipped":0,"pct":0},"statements":{"total":52,"covered":0,"skipped":0,"pct":0},"branches":{"total":32,"covered":0,"skipped":0,"pct":0}}
,"C:\\Users\\loofi\\Documents\\Loofi VEO\\Loofi-Veo-prompt-generator\\src\\features\\composer\\BlockPalette.tsx": {"lines":{"total":23,"covered":0,"skipped":0,"pct":0},"functions":{"total":12,"covered":0,"skipped":0,"pct":0},"statements":{"total":24,"covered":0,"skipped":0,"pct":0},"branches":{"total":14,"covered":0,"skipped":0,"pct":0}}
,"C:\\Users\\loofi\\Documents\\Loofi VEO\\Loofi-Veo-prompt-generator\\src\\features\\composer\\ComposerCanvas.tsx": {"lines":{"total":137,"covered":0,"skipped":0,"pct":0},"functions":{"total":28,"covered":0,"skipped":0,"pct":0},"statements":{"total":157,"covered":0,"skipped":0,"pct":0},"branches":{"total":72,"covered":0,"skipped":0,"pct":0}}
,"C:\\Users\\loofi\\Documents\\Loofi VEO\\Loofi-Veo-prompt-generator\\src\\features\\composer\\ComposerPanel.tsx": {"lines":{"total":5,"covered":0,"skipped":0,"pct":0},"functions":{"total":3,"covered":0,"skipped":0,"pct":0},"statements":{"total":7,"covered":0,"skipped":0,"pct":0},"branches":{"total":4,"covered":0,"skipped":0,"pct":0}}
,"C:\\Users\\loofi\\Documents\\Loofi VEO\\Loofi-Veo-prompt-generator\\src\\features\\composer\\ComposerToolbar.tsx": {"lines":{"total":14,"covered":0,"skipped":0,"pct":0},"functions":{"total":9,"covered":0,"skipped":0,"pct":0},"statements":{"total":15,"covered":0,"skipped":0,"pct":0},"branches":{"total":6,"covered":0,"skipped":0,"pct":0}}
,"C:\\Users\\loofi\\Documents\\Loofi VEO\\Loofi-Veo-prompt-generator\\src\\features\\composer\\ConnectionLine.tsx": {"lines":{"total":22,"covered":0,"skipped":0,"pct":0},"functions":{"total":3,"covered":0,"skipped":0,"pct":0},"statements":{"total":22,"covered":0,"skipped":0,"pct":0},"branches":{"total":19,"covered":0,"skipped":0,"pct":0}}
,"C:\\Users\\loofi\\Documents\\Loofi VEO\\Loofi-Veo-prompt-generator\\src\\features\\composer\\PromptBlockNode.tsx": {"lines":{"total":46,"covered":0,"skipped":0,"pct":0},"functions":{"total":24,"covered":0,"skipped":0,"pct":0},"statements":{"total":50,"covered":0,"skipped":0,"pct":0},"branches":{"total":30,"covered":0,"skipped":0,"pct":0}}
,"C:\\Users\\loofi\\Documents\\Loofi VEO\\Loofi-Veo-prompt-generator\\src\\features\\composer\\index.ts": {"lines":{"total":0,"covered":0,"skipped":0,"pct":0},"functions":{"total":0,"covered":0,"skipped":0,"pct":0},"statements":{"total":0,"covered":0,"skipped":0,"pct":0},"branches":{"total":0,"covered":0,"skipped":0,"pct":0}}
,"C:\\Users\\loofi\\Documents\\Loofi VEO\\Loofi-Veo-prompt-generator\\src\\features\\diagnostics\\DependencyGraph.tsx": {"lines":{"total":44,"covered":0,"skipped":0,"pct":0},"functions":{"total":9,"covered":0,"skipped":0,"pct":0},"statements":{"total":50,"covered":0,"skipped":0,"pct":0},"branches":{"total":28,"covered":0,"skipped":0,"pct":0}}
,"C:\\Users\\loofi\\Documents\\Loofi VEO\\Loofi-Veo-prompt-generator\\src\\features\\diagnostics\\DiagnosticsPanel.tsx": {"lines":{"total":33,"covered":0,"skipped":0,"pct":0},"functions":{"total":16,"covered":0,"skipped":0,"pct":0},"statements":{"total":34,"covered":0,"skipped":0,"pct":0},"branches":{"total":67,"covered":0,"skipped":0,"pct":0}}
,"C:\\Users\\loofi\\Documents\\Loofi VEO\\Loofi-Veo-prompt-generator\\src\\features\\diagnostics\\HealthBadge.tsx": {"lines":{"total":9,"covered":0,"skipped":0,"pct":0},"functions":{"total":1,"covered":0,"skipped":0,"pct":0},"statements":{"total":9,"covered":0,"skipped":0,"pct":0},"branches":{"total":11,"covered":0,"skipped":0,"pct":0}}
,"C:\\Users\\loofi\\Documents\\Loofi VEO\\Loofi-Veo-prompt-generator\\src\\features\\diagnostics\\index.ts": {"lines":{"total":0,"covered":0,"skipped":0,"pct":0},"functions":{"total":0,"covered":0,"skipped":0,"pct":0},"statements":{"total":0,"covered":0,"skipped":0,"pct":0},"branches":{"total":0,"covered":0,"skipped":0,"pct":0}}
,"C:\\Users\\loofi\\Documents\\Loofi VEO\\Loofi-Veo-prompt-generator\\src\\features\\export\\ApiExportModal.tsx": {"lines":{"total":66,"covered":0,"skipped":0,"pct":0},"functions":{"total":26,"covered":0,"skipped":0,"pct":0},"statements":{"total":68,"covered":0,"skipped":0,"pct":0},"branches":{"total":16,"covered":0,"skipped":0,"pct":0}}
,"C:\\Users\\loofi\\Documents\\Loofi VEO\\Loofi-Veo-prompt-generator\\src\\features\\export\\ExportModal.tsx": {"lines":{"total":20,"covered":0,"skipped":0,"pct":0},"functions":{"total":10,"covered":0,"skipped":0,"pct":0},"statements":{"total":25,"covered":0,"skipped":0,"pct":0},"branches":{"total":22,"covered":0,"skipped":0,"pct":0}}
,"C:\\Users\\loofi\\Documents\\Loofi VEO\\Loofi-Veo-prompt-generator\\src\\features\\export\\index.ts": {"lines":{"total":0,"covered":0,"skipped":0,"pct":0},"functions":{"total":0,"covered":0,"skipped":0,"pct":0},"statements":{"total":0,"covered":0,"skipped":0,"pct":0},"branches":{"total":0,"covered":0,"skipped":0,"pct":0}}
,"C:\\Users\\loofi\\Documents\\Loofi VEO\\Loofi-Veo-prompt-generator\\src\\features\\help\\ChatBot.tsx": {"lines":{"total":69,"covered":0,"skipped":0,"pct":0},"functions":{"total":12,"covered":0,"skipped":0,"pct":0},"statements":{"total":74,"covered":0,"skipped":0,"pct":0},"branches":{"total":41,"covered":0,"skipped":0,"pct":0}}
,"C:\\Users\\loofi\\Documents\\Loofi VEO\\Loofi-Veo-prompt-generator\\src\\features\\help\\ContextualHelp.tsx": {"lines":{"total":12,"covered":0,"skipped":0,"pct":0},"functions":{"total":6,"covered":0,"skipped":0,"pct":0},"statements":{"total":12,"covered":0,"skipped":0,"pct":0},"branches":{"total":13,"covered":0,"skipped":0,"pct":0}}
,"C:\\Users\\loofi\\Documents\\Loofi VEO\\Loofi-Veo-prompt-generator\\src\\features\\help\\HelpPanel.tsx": {"lines":{"total":54,"covered":0,"skipped":0,"pct":0},"functions":{"total":18,"covered":0,"skipped":0,"pct":0},"statements":{"total":58,"covered":0,"skipped":0,"pct":0},"branches":{"total":38,"covered":0,"skipped":0,"pct":0}}
,"C:\\Users\\loofi\\Documents\\Loofi VEO\\Loofi-Veo-prompt-generator\\src\\features\\help\\KeyboardShortcuts.tsx": {"lines":{"total":16,"covered":0,"skipped":0,"pct":0},"functions":{"total":8,"covered":0,"skipped":0,"pct":0},"statements":{"total":16,"covered":0,"skipped":0,"pct":0},"branches":{"total":13,"covered":0,"skipped":0,"pct":0}}
,"C:\\Users\\loofi\\Documents\\Loofi VEO\\Loofi-Veo-prompt-generator\\src\\features\\help\\index.ts": {"lines":{"total":0,"covered":0,"skipped":0,"pct":0},"functions":{"total":0,"covered":0,"skipped":0,"pct":0},"statements":{"total":0,"covered":0,"skipped":0,"pct":0},"branches":{"total":0,"covered":0,"skipped":0,"pct":0}}
,"C:\\Users\\loofi\\Documents\\Loofi VEO\\Loofi-Veo-prompt-generator\\src\\features\\history\\DiffViewer.tsx": {"lines":{"total":36,"covered":0,"skipped":0,"pct":0},"functions":{"total":16,"covered":0,"skipped":0,"pct":0},"statements":{"total":41,"covered":0,"skipped":0,"pct":0},"branches":{"total":44,"covered":0,"skipped":0,"pct":0}}
,"C:\\Users\\loofi\\Documents\\Loofi VEO\\Loofi-Veo-prompt-generator\\src\\features\\history\\HistoryControls.tsx": {"lines":{"total":8,"covered":0,"skipped":0,"pct":0},"functions":{"total":5,"covered":0,"skipped":0,"pct":0},"statements":{"total":10,"covered":0,"skipped":0,"pct":0},"branches":{"total":0,"covered":0,"skipped":0,"pct":100}}
,"C:\\Users\\loofi\\Documents\\Loofi VEO\\Loofi-Veo-prompt-generator\\src\\features\\history\\HistoryPanel.tsx": {"lines":{"total":80,"covered":0,"skipped":0,"pct":0},"functions":{"total":29,"covered":0,"skipped":0,"pct":0},"statements":{"total":86,"covered":0,"skipped":0,"pct":0},"branches":{"total":90,"covered":0,"skipped":0,"pct":0}}
,"C:\\Users\\loofi\\Documents\\Loofi VEO\\Loofi-Veo-prompt-generator\\src\\features\\history\\index.ts": {"lines":{"total":0,"covered":0,"skipped":0,"pct":0},"functions":{"total":0,"covered":0,"skipped":0,"pct":0},"statements":{"total":0,"covered":0,"skipped":0,"pct":0},"branches":{"total":0,"covered":0,"skipped":0,"pct":0}}
,"C:\\Users\\loofi\\Documents\\Loofi VEO\\Loofi-Veo-prompt-generator\\src\\features\\jobs\\JobsPanel.tsx": {"lines":{"total":27,"covered":0,"skipped":0,"pct":0},"functions":{"total":11,"covered":0,"skipped":0,"pct":0},"statements":{"total":30,"covered":0,"skipped":0,"pct":0},"branches":{"total":33,"covered":0,"skipped":0,"pct":0}}
,"C:\\Users\\loofi\\Documents\\Loofi VEO\\Loofi-Veo-prompt-generator\\src\\features\\jobs\\index.ts": {"lines":{"total":0,"covered":0,"skipped":0,"pct":0},"functions":{"total":0,"covered":0,"skipped":0,"pct":0},"statements":{"total":0,"covered":0,"skipped":0,"pct":0},"branches":{"total":0,"covered":0,"skipped":0,"pct":0}}
,"C:\\Users\\loofi\\Documents\\Loofi VEO\\Loofi-Veo-prompt-generator\\src\\features\\onboarding\\NewProjectWizard.tsx": {"lines":{"total":5,"covered":0,"skipped":0,"pct":0},"functions":{"total":3,"covered":0,"skipped":0,"pct":0},"statements":{"total":6,"covered":0,"skipped":0,"pct":0},"branches":{"total":2,"covered":0,"skipped":0,"pct":0}}
,"C:\\Users\\loofi\\Documents\\Loofi VEO\\Loofi-Veo-prompt-generator\\src\\features\\onboarding\\TutorialGuide.tsx": {"lines":{"total":70,"covered":0,"skipped":0,"pct":0},"functions":{"total":4,"covered":0,"skipped":0,"pct":0},"statements":{"total":72,"covered":0,"skipped":0,"pct":0},"branches":{"total":43,"covered":0,"skipped":0,"pct":0}}
,"C:\\Users\\loofi\\Documents\\Loofi VEO\\Loofi-Veo-prompt-generator\\src\\features\\plugins\\PluginManager.tsx": {"lines":{"total":51,"covered":0,"skipped":0,"pct":0},"functions":{"total":18,"covered":0,"skipped":0,"pct":0},"statements":{"total":51,"covered":0,"skipped":0,"pct":0},"branches":{"total":52,"covered":0,"skipped":0,"pct":0}}
,"C:\\Users\\loofi\\Documents\\Loofi VEO\\Loofi-Veo-prompt-generator\\src\\features\\plugins\\index.ts": {"lines":{"total":0,"covered":0,"skipped":0,"pct":0},"functions":{"total":0,"covered":0,"skipped":0,"pct":0},"statements":{"total":0,"covered":0,"skipped":0,"pct":0},"branches":{"total":0,"covered":0,"skipped":0,"pct":0}}
,"C:\\Users\\loofi\\Documents\\Loofi VEO\\Loofi-Veo-prompt-generator\\src\\features\\plugins\\components\\InstallConfirmDialog.tsx": {"lines":{"total":16,"covered":0,"skipped":0,"pct":0},"functions":{"total":7,"covered":0,"skipped":0,"pct":0},"statements":{"total":18,"covered":0,"skipped":0,"pct":0},"branches":{"total":39,"covered":0,"skipped":0,"pct":0}}
,"C:\\Users\\loofi\\Documents\\Loofi VEO\\Loofi-Veo-prompt-generator\\src\\features\\plugins\\components\\MarketplacePanel.tsx": {"lines":{"total":77,"covered":0,"skipped":0,"pct":0},"functions":{"total":39,"covered":0,"skipped":0,"pct":0},"statements":{"total":82,"covered":0,"skipped":0,"pct":0},"branches":{"total":125,"covered":0,"skipped":0,"pct":0}}
,"C:\\Users\\loofi\\Documents\\Loofi VEO\\Loofi-Veo-prompt-generator\\src\\features\\plugins\\components\\PluginList.tsx": {"lines":{"total":16,"covered":0,"skipped":0,"pct":0},"functions":{"total":6,"covered":0,"skipped":0,"pct":0},"statements":{"total":16,"covered":0,"skipped":0,"pct":0},"branches":{"total":14,"covered":0,"skipped":0,"pct":0}}
,"C:\\Users\\loofi\\Documents\\Loofi VEO\\Loofi-Veo-prompt-generator\\src\\features\\plugins\\components\\RegistryBrowser.tsx": {"lines":{"total":45,"covered":0,"skipped":0,"pct":0},"functions":{"total":25,"covered":0,"skipped":0,"pct":0},"statements":{"total":49,"covered":0,"skipped":0,"pct":0},"branches":{"total":52,"covered":0,"skipped":0,"pct":0}}
,"C:\\Users\\loofi\\Documents\\Loofi VEO\\Loofi-Veo-prompt-generator\\src\\features\\plugins\\components\\RegistryEntryCard.tsx": {"lines":{"total":17,"covered":0,"skipped":0,"pct":0},"functions":{"total":8,"covered":0,"skipped":0,"pct":0},"statements":{"total":21,"covered":0,"skipped":0,"pct":0},"branches":{"total":16,"covered":0,"skipped":0,"pct":0}}
,"C:\\Users\\loofi\\Documents\\Loofi VEO\\Loofi-Veo-prompt-generator\\src\\features\\plugins\\components\\TrustBadge.tsx": {"lines":{"total":24,"covered":0,"skipped":0,"pct":0},"functions":{"total":10,"covered":0,"skipped":0,"pct":0},"statements":{"total":27,"covered":0,"skipped":0,"pct":0},"branches":{"total":14,"covered":0,"skipped":0,"pct":0}}
,"C:\\Users\\loofi\\Documents\\Loofi VEO\\Loofi-Veo-prompt-generator\\src\\features\\project\\ProjectManager.tsx": {"lines":{"total":87,"covered":0,"skipped":0,"pct":0},"functions":{"total":24,"covered":0,"skipped":0,"pct":0},"statements":{"total":95,"covered":0,"skipped":0,"pct":0},"branches":{"total":36,"covered":0,"skipped":0,"pct":0}}
,"C:\\Users\\loofi\\Documents\\Loofi VEO\\Loofi-Veo-prompt-generator\\src\\features\\project\\ProjectManagerModal.tsx": {"lines":{"total":52,"covered":0,"skipped":0,"pct":0},"functions":{"total":13,"covered":0,"skipped":0,"pct":0},"statements":{"total":56,"covered":0,"skipped":0,"pct":0},"branches":{"total":36,"covered":0,"skipped":0,"pct":0}}
,"C:\\Users\\loofi\\Documents\\Loofi VEO\\Loofi-Veo-prompt-generator\\src\\features\\project\\VariablesPanel.tsx": {"lines":{"total":36,"covered":0,"skipped":0,"pct":0},"functions":{"total":15,"covered":0,"skipped":0,"pct":0},"statements":{"total":41,"covered":0,"skipped":0,"pct":0},"branches":{"total":22,"covered":0,"skipped":0,"pct":0}}
,"C:\\Users\\loofi\\Documents\\Loofi VEO\\Loofi-Veo-prompt-generator\\src\\features\\project\\index.ts": {"lines":{"total":0,"covered":0,"skipped":0,"pct":0},"functions":{"total":0,"covered":0,"skipped":0,"pct":0},"statements":{"total":0,"covered":0,"skipped":0,"pct":0},"branches":{"total":0,"covered":0,"skipped":0,"pct":0}}
,"C:\\Users\\loofi\\Documents\\Loofi VEO\\Loofi-Veo-prompt-generator\\src\\features\\prompt\\AssetLibrary.tsx": {"lines":{"total":175,"covered":0,"skipped":0,"pct":0},"functions":{"total":58,"covered":0,"skipped":0,"pct":0},"statements":{"total":197,"covered":0,"skipped":0,"pct":0},"branches":{"total":172,"covered":0,"skipped":0,"pct":0}}
,"C:\\Users\\loofi\\Documents\\Loofi VEO\\Loofi-Veo-prompt-generator\\src\\features\\prompt\\ExamplesCarousel.tsx": {"lines":{"total":41,"covered":0,"skipped":0,"pct":0},"functions":{"total":12,"covered":0,"skipped":0,"pct":0},"statements":{"total":44,"covered":0,"skipped":0,"pct":0},"branches":{"total":24,"covered":0,"skipped":0,"pct":0}}
,"C:\\Users\\loofi\\Documents\\Loofi VEO\\Loofi-Veo-prompt-generator\\src\\features\\prompt\\ImageUploadInput.tsx": {"lines":{"total":51,"covered":0,"skipped":0,"pct":0},"functions":{"total":10,"covered":0,"skipped":0,"pct":0},"statements":{"total":52,"covered":0,"skipped":0,"pct":0},"branches":{"total":32,"covered":0,"skipped":0,"pct":0}}
,"C:\\Users\\loofi\\Documents\\Loofi VEO\\Loofi-Veo-prompt-generator\\src\\features\\prompt\\PromptBuilderSummary.tsx": {"lines":{"total":31,"covered":0,"skipped":0,"pct":0},"functions":{"total":4,"covered":0,"skipped":0,"pct":0},"statements":{"total":31,"covered":0,"skipped":0,"pct":0},"branches":{"total":66,"covered":0,"skipped":0,"pct":0}}
,"C:\\Users\\loofi\\Documents\\Loofi VEO\\Loofi-Veo-prompt-generator\\src\\features\\prompt\\PromptOutput.tsx": {"lines":{"total":45,"covered":0,"skipped":0,"pct":0},"functions":{"total":22,"covered":0,"skipped":0,"pct":0},"statements":{"total":53,"covered":0,"skipped":0,"pct":0},"branches":{"total":58,"covered":0,"skipped":0,"pct":0}}
,"C:\\Users\\loofi\\Documents\\Loofi VEO\\Loofi-Veo-prompt-generator\\src\\features\\prompt\\QualityMeter.tsx": {"lines":{"total":15,"covered":0,"skipped":0,"pct":0},"functions":{"total":6,"covered":0,"skipped":0,"pct":0},"statements":{"total":15,"covered":0,"skipped":0,"pct":0},"branches":{"total":9,"covered":0,"skipped":0,"pct":0}}
,"C:\\Users\\loofi\\Documents\\Loofi VEO\\Loofi-Veo-prompt-generator\\src\\features\\prompt\\TargetModelToggle.tsx": {"lines":{"total":9,"covered":0,"skipped":0,"pct":0},"functions":{"total":4,"covered":0,"skipped":0,"pct":0},"statements":{"total":9,"covered":0,"skipped":0,"pct":0},"branches":{"total":20,"covered":0,"skipped":0,"pct":0}}
,"C:\\Users\\loofi\\Documents\\Loofi VEO\\Loofi-Veo-prompt-generator\\src\\features\\prompt\\TemplatesPanel.tsx": {"lines":{"total":56,"covered":0,"skipped":0,"pct":0},"functions":{"total":26,"covered":0,"skipped":0,"pct":0},"statements":{"total":59,"covered":0,"skipped":0,"pct":0},"branches":{"total":43,"covered":0,"skipped":0,"pct":0}}
,"C:\\Users\\loofi\\Documents\\Loofi VEO\\Loofi-Veo-prompt-generator\\src\\features\\prompt\\index.ts": {"lines":{"total":0,"covered":0,"skipped":0,"pct":0},"functions":{"total":0,"covered":0,"skipped":0,"pct":0},"statements":{"total":0,"covered":0,"skipped":0,"pct":0},"branches":{"total":0,"covered":0,"skipped":0,"pct":0}}
,"C:\\Users\\loofi\\Documents\\Loofi VEO\\Loofi-Veo-prompt-generator\\src\\features\\prompt\\sections\\CoreConceptSection.tsx": {"lines":{"total":5,"covered":0,"skipped":0,"pct":0},"functions":{"total":4,"covered":0,"skipped":0,"pct":0},"statements":{"total":6,"covered":0,"skipped":0,"pct":0},"branches":{"total":13,"covered":0,"skipped":0,"pct":0}}
,"C:\\Users\\loofi\\Documents\\Loofi VEO\\Loofi-Veo-prompt-generator\\src\\features\\prompt\\sections\\DetailsSection.tsx": {"lines":{"total":12,"covered":0,"skipped":0,"pct":0},"functions":{"total":11,"covered":0,"skipped":0,"pct":0},"statements":{"total":18,"covered":0,"skipped":0,"pct":0},"branches":{"total":0,"covered":0,"skipped":0,"pct":100}}
,"C:\\Users\\loofi\\Documents\\Loofi VEO\\Loofi-Veo-prompt-generator\\src\\features\\prompt\\sections\\OutputSection.tsx": {"lines":{"total":4,"covered":0,"skipped":0,"pct":0},"functions":{"total":3,"covered":0,"skipped":0,"pct":0},"statements":{"total":4,"covered":0,"skipped":0,"pct":0},"branches":{"total":11,"covered":0,"skipped":0,"pct":0}}
,"C:\\Users\\loofi\\Documents\\Loofi VEO\\Loofi-Veo-prompt-generator\\src\\features\\prompt\\sections\\index.ts": {"lines":{"total":0,"covered":0,"skipped":0,"pct":0},"functions":{"total":0,"covered":0,"skipped":0,"pct":0},"statements":{"total":0,"covered":0,"skipped":0,"pct":0},"branches":{"total":0,"covered":0,"skipped":0,"pct":0}}
,"C:\\Users\\loofi\\Documents\\Loofi VEO\\Loofi-Veo-prompt-generator\\src\\features\\prompt\\tabs\\AdvancedTab.tsx": {"lines":{"total":2,"covered":0,"skipped":0,"pct":0},"functions":{"total":1,"covered":0,"skipped":0,"pct":0},"statements":{"total":2,"covered":0,"skipped":0,"pct":0},"branches":{"total":8,"covered":0,"skipped":0,"pct":0}}
,"C:\\Users\\loofi\\Documents\\Loofi VEO\\Loofi-Veo-prompt-generator\\src\\features\\prompt\\tabs\\AudioTab.tsx": {"lines":{"total":3,"covered":0,"skipped":0,"pct":0},"functions":{"total":1,"covered":0,"skipped":0,"pct":0},"statements":{"total":3,"covered":0,"skipped":0,"pct":0},"branches":{"total":10,"covered":0,"skipped":0,"pct":0}}
,"C:\\Users\\loofi\\Documents\\Loofi VEO\\Loofi-Veo-prompt-generator\\src\\features\\prompt\\tabs\\CameraTab.tsx": {"lines":{"total":2,"covered":0,"skipped":0,"pct":0},"functions":{"total":1,"covered":0,"skipped":0,"pct":0},"statements":{"total":2,"covered":0,"skipped":0,"pct":0},"branches":{"total":6,"covered":0,"skipped":0,"pct":0}}
,"C:\\Users\\loofi\\Documents\\Loofi VEO\\Loofi-Veo-prompt-generator\\src\\features\\prompt\\tabs\\CharacterTab.tsx": {"lines":{"total":13,"covered":0,"skipped":0,"pct":0},"functions":{"total":3,"covered":0,"skipped":0,"pct":0},"statements":{"total":13,"covered":0,"skipped":0,"pct":0},"branches":{"total":20,"covered":0,"skipped":0,"pct":0}}
,"C:\\Users\\loofi\\Documents\\Loofi VEO\\Loofi-Veo-prompt-generator\\src\\features\\prompt\\tabs\\SceneTab.tsx": {"lines":{"total":4,"covered":0,"skipped":0,"pct":0},"functions":{"total":1,"covered":0,"skipped":0,"pct":0},"statements":{"total":4,"covered":0,"skipped":0,"pct":0},"branches":{"total":8,"covered":0,"skipped":0,"pct":0}}
,"C:\\Users\\loofi\\Documents\\Loofi VEO\\Loofi-Veo-prompt-generator\\src\\features\\prompt\\tabs\\StyleTab.tsx": {"lines":{"total":2,"covered":0,"skipped":0,"pct":0},"functions":{"total":1,"covered":0,"skipped":0,"pct":0},"statements":{"total":2,"covered":0,"skipped":0,"pct":0},"branches":{"total":6,"covered":0,"skipped":0,"pct":0}}
,"C:\\Users\\loofi\\Documents\\Loofi VEO\\Loofi-Veo-prompt-generator\\src\\features\\settings\\ApiKeyModal.tsx": {"lines":{"total":31,"covered":0,"skipped":0,"pct":0},"functions":{"total":7,"covered":0,"skipped":0,"pct":0},"statements":{"total":33,"covered":0,"skipped":0,"pct":0},"branches":{"total":37,"covered":0,"skipped":0,"pct":0}}
,"C:\\Users\\loofi\\Documents\\Loofi VEO\\Loofi-Veo-prompt-generator\\src\\features\\settings\\SettingsModal.tsx": {"lines":{"total":30,"covered":0,"skipped":0,"pct":0},"functions":{"total":14,"covered":0,"skipped":0,"pct":0},"statements":{"total":32,"covered":0,"skipped":0,"pct":0},"branches":{"total":42,"covered":0,"skipped":0,"pct":0}}
,"C:\\Users\\loofi\\Documents\\Loofi VEO\\Loofi-Veo-prompt-generator\\src\\features\\settings\\ShortcutsModal.tsx": {"lines":{"total":14,"covered":0,"skipped":0,"pct":0},"functions":{"total":9,"covered":0,"skipped":0,"pct":0},"statements":{"total":19,"covered":0,"skipped":0,"pct":0},"branches":{"total":8,"covered":0,"skipped":0,"pct":0}}
,"C:\\Users\\loofi\\Documents\\Loofi VEO\\Loofi-Veo-prompt-generator\\src\\features\\settings\\index.ts": {"lines":{"total":0,"covered":0,"skipped":0,"pct":0},"functions":{"total":0,"covered":0,"skipped":0,"pct":0},"statements":{"total":0,"covered":0,"skipped":0,"pct":0},"branches":{"total":0,"covered":0,"skipped":0,"pct":0}}
,"C:\\Users\\loofi\\Documents\\Loofi VEO\\Loofi-Veo-prompt-generator\\src\\features\\settings\\desktop\\components\\DesktopSettings.tsx": {"lines":{"total":63,"covered":0,"skipped":0,"pct":0},"functions":{"total":31,"covered":0,"skipped":0,"pct":0},"statements":{"total":63,"covered":0,"skipped":0,"pct":0},"branches":{"total":36,"covered":0,"skipped":0,"pct":0}}
,"C:\\Users\\loofi\\Documents\\Loofi VEO\\Loofi-Veo-prompt-generator\\src\\features\\settings\\updates\\components\\UpdateNotification.tsx": {"lines":{"total":20,"covered":0,"skipped":0,"pct":0},"functions":{"total":6,"covered":0,"skipped":0,"pct":0},"statements":{"total":20,"covered":0,"skipped":0,"pct":0},"branches":{"total":19,"covered":0,"skipped":0,"pct":0}}
,"C:\\Users\\loofi\\Documents\\Loofi VEO\\Loofi-Veo-prompt-generator\\src\\features\\settings\\updates\\components\\UpdateSettings.tsx": {"lines":{"total":32,"covered":0,"skipped":0,"pct":0},"functions":{"total":12,"covered":0,"skipped":0,"pct":0},"statements":{"total":35,"covered":0,"skipped":0,"pct":0},"branches":{"total":22,"covered":0,"skipped":0,"pct":0}}
,"C:\\Users\\loofi\\Documents\\Loofi VEO\\Loofi-Veo-prompt-generator\\src\\features\\studios\\AmbienceStudio.tsx": {"lines":{"total":155,"covered":0,"skipped":0,"pct":0},"functions":{"total":20,"covered":0,"skipped":0,"pct":0},"statements":{"total":173,"covered":0,"skipped":0,"pct":0},"branches":{"total":59,"covered":0,"skipped":0,"pct":0}}
,"C:\\Users\\loofi\\Documents\\Loofi VEO\\Loofi-Veo-prompt-generator\\src\\features\\studios\\AudioStudioPlugin.ts": {"lines":{"total":4,"covered":0,"skipped":0,"pct":0},"functions":{"total":1,"covered":0,"skipped":0,"pct":0},"statements":{"total":4,"covered":0,"skipped":0,"pct":0},"branches":{"total":0,"covered":0,"skipped":0,"pct":100}}
,"C:\\Users\\loofi\\Documents\\Loofi VEO\\Loofi-Veo-prompt-generator\\src\\features\\studios\\ImageStudio.tsx": {"lines":{"total":73,"covered":0,"skipped":0,"pct":0},"functions":{"total":18,"covered":0,"skipped":0,"pct":0},"statements":{"total":77,"covered":0,"skipped":0,"pct":0},"branches":{"total":63,"covered":0,"skipped":0,"pct":0}}
,"C:\\Users\\loofi\\Documents\\Loofi VEO\\Loofi-Veo-prompt-generator\\src\\features\\studios\\ImageStudioPlugin.ts": {"lines":{"total":4,"covered":0,"skipped":0,"pct":0},"functions":{"total":1,"covered":0,"skipped":0,"pct":0},"statements":{"total":4,"covered":0,"skipped":0,"pct":0},"branches":{"total":0,"covered":0,"skipped":0,"pct":100}}
,"C:\\Users\\loofi\\Documents\\Loofi VEO\\Loofi-Veo-prompt-generator\\src\\features\\studios\\SunoSongStudio.tsx": {"lines":{"total":87,"covered":0,"skipped":0,"pct":0},"functions":{"total":30,"covered":0,"skipped":0,"pct":0},"statements":{"total":94,"covered":0,"skipped":0,"pct":0},"branches":{"total":75,"covered":0,"skipped":0,"pct":0}}
,"C:\\Users\\loofi\\Documents\\Loofi VEO\\Loofi-Veo-prompt-generator\\src\\features\\studios\\VideoAnalysisStudio.tsx": {"lines":{"total":49,"covered":0,"skipped":0,"pct":0},"functions":{"total":12,"covered":0,"skipped":0,"pct":0},"statements":{"total":53,"covered":0,"skipped":0,"pct":0},"branches":{"total":29,"covered":0,"skipped":0,"pct":0}}
,"C:\\Users\\loofi\\Documents\\Loofi VEO\\Loofi-Veo-prompt-generator\\src\\features\\studios\\VideoGenerationStudio.tsx": {"lines":{"total":80,"covered":0,"skipped":0,"pct":0},"functions":{"total":29,"covered":0,"skipped":0,"pct":0},"statements":{"total":91,"covered":0,"skipped":0,"pct":0},"branches":{"total":96,"covered":0,"skipped":0,"pct":0}}
,"C:\\Users\\loofi\\Documents\\Loofi VEO\\Loofi-Veo-prompt-generator\\src\\features\\studios\\VideoStudioPlugin.ts": {"lines":{"total":4,"covered":0,"skipped":0,"pct":0},"functions":{"total":2,"covered":0,"skipped":0,"pct":0},"statements":{"total":4,"covered":0,"skipped":0,"pct":0},"branches":{"total":0,"covered":0,"skipped":0,"pct":100}}
,"C:\\Users\\loofi\\Documents\\Loofi VEO\\Loofi-Veo-prompt-generator\\src\\features\\studios\\index.ts": {"lines":{"total":0,"covered":0,"skipped":0,"pct":0},"functions":{"total":0,"covered":0,"skipped":0,"pct":0},"statements":{"total":0,"covered":0,"skipped":0,"pct":0},"branches":{"total":0,"covered":0,"skipped":0,"pct":0}}
,"C:\\Users\\loofi\\Documents\\Loofi VEO\\Loofi-Veo-prompt-generator\\src\\features\\studios\\modals\\AutoBlockerModal.tsx": {"lines":{"total":58,"covered":0,"skipped":0,"pct":0},"functions":{"total":23,"covered":0,"skipped":0,"pct":0},"statements":{"total":70,"covered":0,"skipped":0,"pct":0},"branches":{"total":43,"covered":0,"skipped":0,"pct":0}}
,"C:\\Users\\loofi\\Documents\\Loofi VEO\\Loofi-Veo-prompt-generator\\src\\features\\studios\\modals\\CameraPlotterModal.tsx": {"lines":{"total":102,"covered":0,"skipped":0,"pct":0},"functions":{"total":12,"covered":0,"skipped":0,"pct":0},"statements":{"total":112,"covered":0,"skipped":0,"pct":0},"branches":{"total":32,"covered":0,"skipped":0,"pct":0}}
,"C:\\Users\\loofi\\Documents\\Loofi VEO\\Loofi-Veo-prompt-generator\\src\\features\\studios\\modals\\CharacterBankModal.tsx": {"lines":{"total":51,"covered":0,"skipped":0,"pct":0},"functions":{"total":27,"covered":0,"skipped":0,"pct":0},"statements":{"total":56,"covered":0,"skipped":0,"pct":0},"branches":{"total":22,"covered":0,"skipped":0,"pct":0}}
,"C:\\Users\\loofi\\Documents\\Loofi VEO\\Loofi-Veo-prompt-generator\\src\\features\\studios\\modals\\CommunityModal.tsx": {"lines":{"total":33,"covered":0,"skipped":0,"pct":0},"functions":{"total":15,"covered":0,"skipped":0,"pct":0},"statements":{"total":39,"covered":0,"skipped":0,"pct":0},"branches":{"total":22,"covered":0,"skipped":0,"pct":0}}
,"C:\\Users\\loofi\\Documents\\Loofi VEO\\Loofi-Veo-prompt-generator\\src\\features\\studios\\modals\\CompareModelsModal.tsx": {"lines":{"total":30,"covered":0,"skipped":0,"pct":0},"functions":{"total":9,"covered":0,"skipped":0,"pct":0},"statements":{"total":33,"covered":0,"skipped":0,"pct":0},"branches":{"total":16,"covered":0,"skipped":0,"pct":0}}
,"C:\\Users\\loofi\\Documents\\Loofi VEO\\Loofi-Veo-prompt-generator\\src\\features\\studios\\modals\\DubbingModal.tsx": {"lines":{"total":46,"covered":0,"skipped":0,"pct":0},"functions":{"total":6,"covered":0,"skipped":0,"pct":0},"statements":{"total":49,"covered":0,"skipped":0,"pct":0},"branches":{"total":23,"covered":0,"skipped":0,"pct":0}}
,"C:\\Users\\loofi\\Documents\\Loofi VEO\\Loofi-Veo-prompt-generator\\src\\features\\studios\\modals\\FoleyWizardModal.tsx": {"lines":{"total":94,"covered":0,"skipped":0,"pct":0},"functions":{"total":23,"covered":0,"skipped":0,"pct":0},"statements":{"total":104,"covered":0,"skipped":0,"pct":0},"branches":{"total":70,"covered":0,"skipped":0,"pct":0}}
,"C:\\Users\\loofi\\Documents\\Loofi VEO\\Loofi-Veo-prompt-generator\\src\\features\\studios\\modals\\GenerativeCanvasModal.tsx": {"lines":{"total":69,"covered":0,"skipped":0,"pct":0},"functions":{"total":7,"covered":0,"skipped":0,"pct":0},"statements":{"total":76,"covered":0,"skipped":0,"pct":0},"branches":{"total":28,"covered":0,"skipped":0,"pct":0}}
,"C:\\Users\\loofi\\Documents\\Loofi VEO\\Loofi-Veo-prompt-generator\\src\\features\\studios\\modals\\GlobalSearchModal.tsx": {"lines":{"total":39,"covered":0,"skipped":0,"pct":0},"functions":{"total":22,"covered":0,"skipped":0,"pct":0},"statements":{"total":49,"covered":0,"skipped":0,"pct":0},"branches":{"total":26,"covered":0,"skipped":0,"pct":0}}
,"C:\\Users\\loofi\\Documents\\Loofi VEO\\Loofi-Veo-prompt-generator\\src\\features\\studios\\modals\\InpaintingModal.tsx": {"lines":{"total":95,"covered":0,"skipped":0,"pct":0},"functions":{"total":12,"covered":0,"skipped":0,"pct":0},"statements":{"total":105,"covered":0,"skipped":0,"pct":0},"branches":{"total":45,"covered":0,"skipped":0,"pct":0}}
,"C:\\Users\\loofi\\Documents\\Loofi VEO\\Loofi-Veo-prompt-generator\\src\\features\\studios\\modals\\LocationManagerModal.tsx": {"lines":{"total":68,"covered":0,"skipped":0,"pct":0},"functions":{"total":28,"covered":0,"skipped":0,"pct":0},"statements":{"total":76,"covered":0,"skipped":0,"pct":0},"branches":{"total":36,"covered":0,"skipped":0,"pct":0}}
,"C:\\Users\\loofi\\Documents\\Loofi VEO\\Loofi-Veo-prompt-generator\\src\\features\\studios\\modals\\LyricSyncerModal.tsx": {"lines":{"total":99,"covered":0,"skipped":0,"pct":0},"functions":{"total":28,"covered":0,"skipped":0,"pct":0},"statements":{"total":116,"covered":0,"skipped":0,"pct":0},"branches":{"total":86,"covered":0,"skipped":0,"pct":0}}
,"C:\\Users\\loofi\\Documents\\Loofi VEO\\Loofi-Veo-prompt-generator\\src\\features\\studios\\modals\\MagicMaskModal.tsx": {"lines":{"total":25,"covered":0,"skipped":0,"pct":0},"functions":{"total":4,"covered":0,"skipped":0,"pct":0},"statements":{"total":29,"covered":0,"skipped":0,"pct":0},"branches":{"total":21,"covered":0,"skipped":0,"pct":0}}
,"C:\\Users\\loofi\\Documents\\Loofi VEO\\Loofi-Veo-prompt-generator\\src\\features\\studios\\modals\\PoseEditorModal.tsx": {"lines":{"total":109,"covered":0,"skipped":0,"pct":0},"functions":{"total":25,"covered":0,"skipped":0,"pct":0},"statements":{"total":121,"covered":0,"skipped":0,"pct":0},"branches":{"total":50,"covered":0,"skipped":0,"pct":0}}
,"C:\\Users\\loofi\\Documents\\Loofi VEO\\Loofi-Veo-prompt-generator\\src\\features\\studios\\modals\\RecordingBoothModal.tsx": {"lines":{"total":122,"covered":0,"skipped":0,"pct":0},"functions":{"total":20,"covered":0,"skipped":0,"pct":0},"statements":{"total":131,"covered":0,"skipped":0,"pct":0},"branches":{"total":50,"covered":0,"skipped":0,"pct":0}}
,"C:\\Users\\loofi\\Documents\\Loofi VEO\\Loofi-Veo-prompt-generator\\src\\features\\studios\\modals\\ReframeModal.tsx": {"lines":{"total":115,"covered":0,"skipped":0,"pct":0},"functions":{"total":16,"covered":0,"skipped":0,"pct":0},"statements":{"total":126,"covered":0,"skipped":0,"pct":0},"branches":{"total":56,"covered":0,"skipped":0,"pct":0}}
,"C:\\Users\\loofi\\Documents\\Loofi VEO\\Loofi-Veo-prompt-generator\\src\\features\\studios\\modals\\ScriptImportReviewModal.tsx": {"lines":{"total":22,"covered":0,"skipped":0,"pct":0},"functions":{"total":11,"covered":0,"skipped":0,"pct":0},"statements":{"total":24,"covered":0,"skipped":0,"pct":0},"branches":{"total":14,"covered":0,"skipped":0,"pct":0}}
[...]
,"C:\\Users\\loofi\\Documents\\Loofi VEO\\Loofi-Veo-prompt-generator\\src\\shared\\components\\ScriptBreakdown.tsx": {"lines":{"total":26,"covered":0,"skipped":0,"pct":0},"functions":{"total":11,"covered":0,"skipped":0,"pct":0},"statements":{"total":31,"covered":0,"skipped":0,"pct":0},"branches":{"total":14,"covered":0,"skipped":0,"pct":0}}
,"C:\\Users\\loofi\\Documents\\Loofi VEO\\Loofi-Veo-prompt-generator\\src\\shared\\components\\SpatialPanner.tsx": {"lines":{"total":31,"covered":0,"skipped":0,"pct":0},"functions":{"total":7,"covered":0,"skipped":0,"pct":0},"statements":{"total":33,"covered":0,"skipped":0,"pct":0},"branches":{"total":9,"covered":0,"skipped":0,"pct":0}}
,"C:\\Users\\loofi\\Documents\\Loofi VEO\\Loofi-Veo-prompt-generator\\src\\shared\\components\\TableReadPlayer.tsx": {"lines":{"total":54,"covered":0,"skipped":0,"pct":0},"functions":{"total":17,"covered":0,"skipped":0,"pct":0},"statements":{"total":65,"covered":0,"skipped":0,"pct":0},"branches":{"total":46,"covered":0,"skipped":0,"pct":0}}
,"C:\\Users\\loofi\\Documents\\Loofi VEO\\Loofi-Veo-prompt-generator\\src\\shared\\components\\TakeSelector.tsx": {"lines":{"total":17,"covered":0,"skipped":0,"pct":0},"functions":{"total":8,"covered":0,"skipped":0,"pct":0},"statements":{"total":22,"covered":0,"skipped":0,"pct":0},"branches":{"total":22,"covered":0,"skipped":0,"pct":0}}
,"C:\\Users\\loofi\\Documents\\Loofi VEO\\Loofi-Veo-prompt-generator\\src\\shared\\components\\VFXPanel.tsx": {"lines":{"total":31,"covered":0,"skipped":0,"pct":0},"functions":{"total":17,"covered":0,"skipped":0,"pct":0},"statements":{"total":31,"covered":0,"skipped":0,"pct":0},"branches":{"total":18,"covered":0,"skipped":0,"pct":0}}
,"C:\\Users\\loofi\\Documents\\Loofi VEO\\Loofi-Veo-prompt-generator\\src\\shared\\components\\VariationsPanel.tsx": {"lines":{"total":29,"covered":0,"skipped":0,"pct":0},"functions":{"total":13,"covered":0,"skipped":0,"pct":0},"statements":{"total":33,"covered":0,"skipped":0,"pct":0},"branches":{"total":21,"covered":0,"skipped":0,"pct":0}}
,"C:\\Users\\loofi\\Documents\\Loofi VEO\\Loofi-Veo-prompt-generator\\src\\shared\\components\\VideoGenerationProgress.tsx": {"lines":{"total":16,"covered":0,"skipped":0,"pct":0},"functions":{"total":5,"covered":0,"skipped":0,"pct":0},"statements":{"total":19,"covered":0,"skipped":0,"pct":0},"branches":{"total":27,"covered":0,"skipped":0,"pct":0}}
,"C:\\Users\\loofi\\Documents\\Loofi VEO\\Loofi-Veo-prompt-generator\\src\\shared\\components\\VisualizerBoard.tsx": {"lines":{"total":20,"covered":0,"skipped":0,"pct":0},"functions":{"total":6,"covered":0,"skipped":0,"pct":0},"statements":{"total":21,"covered":0,"skipped":0,"pct":0},"branches":{"total":18,"covered":0,"skipped":0,"pct":0}}
,"C:\\Users\\loofi\\Documents\\Loofi VEO\\Loofi-Veo-prompt-generator\\src\\shared\\components\\layout\\ActionBar.tsx": {"lines":{"total":77,"covered":0,"skipped":0,"pct":0},"functions":{"total":26,"covered":0,"skipped":0,"pct":0},"statements":{"total":84,"covered":0,"skipped":0,"pct":0},"branches":{"total":95,"covered":0,"skipped":0,"pct":0}}
,"C:\\Users\\loofi\\Documents\\Loofi VEO\\Loofi-Veo-prompt-generator\\src\\shared\\components\\layout\\AppOverlays.tsx": {"lines":{"total":14,"covered":0,"skipped":0,"pct":0},"functions":{"total":14,"covered":0,"skipped":0,"pct":0},"statements":{"total":20,"covered":0,"skipped":0,"pct":0},"branches":{"total":4,"covered":0,"skipped":0,"pct":0}}
,"C:\\Users\\loofi\\Documents\\Loofi VEO\\Loofi-Veo-prompt-generator\\src\\shared\\components\\layout\\Header.tsx": {"lines":{"total":12,"covered":0,"skipped":0,"pct":0},"functions":{"total":5,"covered":0,"skipped":0,"pct":0},"statements":{"total":12,"covered":0,"skipped":0,"pct":0},"branches":{"total":38,"covered":0,"skipped":0,"pct":0}}
,"C:\\Users\\loofi\\Documents\\Loofi VEO\\Loofi-Veo-prompt-generator\\src\\shared\\components\\layout\\ModalManager.tsx": {"lines":{"total":59,"covered":0,"skipped":0,"pct":0},"functions":{"total":46,"covered":0,"skipped":0,"pct":0},"statements":{"total":77,"covered":0,"skipped":0,"pct":0},"branches":{"total":42,"covered":0,"skipped":0,"pct":0}}
,"C:\\Users\\loofi\\Documents\\Loofi VEO\\Loofi-Veo-prompt-generator\\src\\shared\\components\\layout\\PanelErrorBoundary.tsx": {"lines":{"total":9,"covered":0,"skipped":0,"pct":0},"functions":{"total":5,"covered":0,"skipped":0,"pct":0},"statements":{"total":9,"covered":0,"skipped":0,"pct":0},"branches":{"total":2,"covered":0,"skipped":0,"pct":0}}
,"C:\\Users\\loofi\\Documents\\Loofi VEO\\Loofi-Veo-prompt-generator\\src\\shared\\components\\layout\\Sidebar.tsx": {"lines":{"total":20,"covered":0,"skipped":0,"pct":0},"functions":{"total":14,"covered":0,"skipped":0,"pct":0},"statements":{"total":21,"covered":0,"skipped":0,"pct":0},"branches":{"total":30,"covered":0,"skipped":0,"pct":0}}
,"C:\\Users\\loofi\\Documents\\Loofi VEO\\Loofi-Veo-prompt-generator\\src\\shared\\components\\layout\\index.ts": {"lines":{"total":0,"covered":0,"skipped":0,"pct":0},"functions":{"total":0,"covered":0,"skipped":0,"pct":0},"statements":{"total":0,"covered":0,"skipped":0,"pct":0},"branches":{"total":0,"covered":0,"skipped":0,"pct":0}}
,"C:\\Users\\loofi\\Documents\\Loofi VEO\\Loofi-Veo-prompt-generator\\src\\shared\\components\\ui\\Button.tsx": {"lines":{"total":9,"covered":0,"skipped":0,"pct":0},"functions":{"total":1,"covered":0,"skipped":0,"pct":0},"statements":{"total":9,"covered":0,"skipped":0,"pct":0},"branches":{"total":23,"covered":0,"skipped":0,"pct":0}}
,"C:\\Users\\loofi\\Documents\\Loofi VEO\\Loofi-Veo-prompt-generator\\src\\shared\\components\\ui\\CheckboxInput.tsx": {"lines":{"total":4,"covered":0,"skipped":0,"pct":0},"functions":{"total":1,"covered":0,"skipped":0,"pct":0},"statements":{"total":4,"covered":0,"skipped":0,"pct":0},"branches":{"total":9,"covered":0,"skipped":0,"pct":0}}
,"C:\\Users\\loofi\\Documents\\Loofi VEO\\Loofi-Veo-prompt-generator\\src\\shared\\components\\ui\\Chip.tsx": {"lines":{"total":4,"covered":0,"skipped":0,"pct":0},"functions":{"total":2,"covered":0,"skipped":0,"pct":0},"statements":{"total":4,"covered":0,"skipped":0,"pct":0},"branches":{"total":4,"covered":0,"skipped":0,"pct":0}}
,"C:\\Users\\loofi\\Documents\\Loofi VEO\\Loofi-Veo-prompt-generator\\src\\shared\\components\\ui\\CollapsibleSection.tsx": {"lines":{"total":5,"covered":0,"skipped":0,"pct":0},"functions":{"total":1,"covered":0,"skipped":0,"pct":0},"statements":{"total":5,"covered":0,"skipped":0,"pct":0},"branches":{"total":13,"covered":0,"skipped":0,"pct":0}}
,"C:\\Users\\loofi\\Documents\\Loofi VEO\\Loofi-Veo-prompt-generator\\src\\shared\\components\\ui\\Icon.tsx": {"lines":{"total":91,"covered":0,"skipped":0,"pct":0},"functions":{"total":1,"covered":0,"skipped":0,"pct":0},"statements":{"total":91,"covered":0,"skipped":0,"pct":0},"branches":{"total":88,"covered":0,"skipped":0,"pct":0}}
,"C:\\Users\\loofi\\Documents\\Loofi VEO\\Loofi-Veo-prompt-generator\\src\\shared\\components\\ui\\Input.tsx": {"lines":{"total":12,"covered":0,"skipped":0,"pct":0},"functions":{"total":1,"covered":0,"skipped":0,"pct":0},"statements":{"total":12,"covered":0,"skipped":0,"pct":0},"branches":{"total":23,"covered":0,"skipped":0,"pct":0}}
,"C:\\Users\\loofi\\Documents\\Loofi VEO\\Loofi-Veo-prompt-generator\\src\\shared\\components\\ui\\Modal.tsx": {"lines":{"total":30,"covered":0,"skipped":0,"pct":0},"functions":{"total":9,"covered":0,"skipped":0,"pct":0},"statements":{"total":34,"covered":0,"skipped":0,"pct":0},"branches":{"total":29,"covered":0,"skipped":0,"pct":0}}
,"C:\\Users\\loofi\\Documents\\Loofi VEO\\Loofi-Veo-prompt-generator\\src\\shared\\components\\ui\\RangeInput.tsx": {"lines":{"total":2,"covered":0,"skipped":0,"pct":0},"functions":{"total":1,"covered":0,"skipped":0,"pct":0},"statements":{"total":2,"covered":0,"skipped":0,"pct":0},"branches":{"total":7,"covered":0,"skipped":0,"pct":0}}
,"C:\\Users\\loofi\\Documents\\Loofi VEO\\Loofi-Veo-prompt-generator\\src\\shared\\components\\ui\\SelectInput.tsx": {"lines":{"total":8,"covered":0,"skipped":0,"pct":0},"functions":{"total":2,"covered":0,"skipped":0,"pct":0},"statements":{"total":8,"covered":0,"skipped":0,"pct":0},"branches":{"total":12,"covered":0,"skipped":0,"pct":0}}
,"C:\\Users\\loofi\\Documents\\Loofi VEO\\Loofi-Veo-prompt-generator\\src\\shared\\components\\ui\\Skeleton.tsx": {"lines":{"total":21,"covered":0,"skipped":0,"pct":0},"functions":{"total":10,"covered":0,"skipped":0,"pct":0},"statements":{"total":21,"covered":0,"skipped":0,"pct":0},"branches":{"total":16,"covered":0,"skipped":0,"pct":0}}
,"C:\\Users\\loofi\\Documents\\Loofi VEO\\Loofi-Veo-prompt-generator\\src\\shared\\components\\ui\\StudioSkeleton.tsx": {"lines":{"total":1,"covered":0,"skipped":0,"pct":0},"functions":{"total":1,"covered":0,"skipped":0,"pct":0},"statements":{"total":1,"covered":0,"skipped":0,"pct":0},"branches":{"total":0,"covered":0,"skipped":0,"pct":100}}
,"C:\\Users\\loofi\\Documents\\Loofi VEO\\Loofi-Veo-prompt-generator\\src\\shared\\components\\ui\\SuspenseFallback.tsx": {"lines":{"total":3,"covered":0,"skipped":0,"pct":0},"functions":{"total":1,"covered":0,"skipped":0,"pct":0},"statements":{"total":3,"covered":0,"skipped":0,"pct":0},"branches":{"total":2,"covered":0,"skipped":0,"pct":0}}
,"C:\\Users\\loofi\\Documents\\Loofi VEO\\Loofi-Veo-prompt-generator\\src\\shared\\components\\ui\\Tabs.tsx": {"lines":{"total":24,"covered":0,"skipped":0,"pct":0},"functions":{"total":8,"covered":0,"skipped":0,"pct":0},"statements":{"total":24,"covered":0,"skipped":0,"pct":0},"branches":{"total":22,"covered":0,"skipped":0,"pct":0}}
,"C:\\Users\\loofi\\Documents\\Loofi VEO\\Loofi-Veo-prompt-generator\\src\\shared\\components\\ui\\TextAreaInput.tsx": {"lines":{"total":120,"covered":0,"skipped":0,"pct":0},"functions":{"total":22,"covered":0,"skipped":0,"pct":0},"statements":{"total":127,"covered":0,"skipped":0,"pct":0},"branches":{"total":70,"covered":0,"skipped":0,"pct":0}}
,"C:\\Users\\loofi\\Documents\\Loofi VEO\\Loofi-Veo-prompt-generator\\src\\shared\\components\\ui\\Toast.tsx": {"lines":{"total":18,"covered":0,"skipped":0,"pct":0},"functions":{"total":8,"covered":0,"skipped":0,"pct":0},"statements":{"total":21,"covered":0,"skipped":0,"pct":0},"branches":{"total":2,"covered":0,"skipped":0,"pct":0}}
,"C:\\Users\\loofi\\Documents\\Loofi VEO\\Loofi-Veo-prompt-generator\\src\\shared\\components\\ui\\Tooltip.tsx": {"lines":{"total":9,"covered":0,"skipped":0,"pct":0},"functions":{"total":6,"covered":0,"skipped":0,"pct":0},"statements":{"total":10,"covered":0,"skipped":0,"pct":0},"branches":{"total":6,"covered":0,"skipped":0,"pct":0}}
,"C:\\Users\\loofi\\Documents\\Loofi VEO\\Loofi-Veo-prompt-generator\\src\\shared\\components\\ui\\index.ts": {"lines":{"total":0,"covered":0,"skipped":0,"pct":0},"functions":{"total":0,"covered":0,"skipped":0,"pct":0},"statements":{"total":0,"covered":0,"skipped":0,"pct":0},"branches":{"total":0,"covered":0,"skipped":0,"pct":0}}
,"C:\\Users\\loofi\\Documents\\Loofi VEO\\Loofi-Veo-prompt-generator\\src\\shared\\contexts\\AccessibilityContext.tsx": {"lines":{"total":52,"covered":0,"skipped":0,"pct":0},"functions":{"total":15,"covered":0,"skipped":0,"pct":0},"statements":{"total":56,"covered":0,"skipped":0,"pct":0},"branches":{"total":7,"covered":0,"skipped":0,"pct":0}}
,"C:\\Users\\loofi\\Documents\\Loofi VEO\\Loofi-Veo-prompt-generator\\src\\shared\\contexts\\OnboardingContext.tsx": {"lines":{"total":44,"covered":0,"skipped":0,"pct":0},"functions":{"total":21,"covered":0,"skipped":0,"pct":0},"statements":{"total":51,"covered":0,"skipped":0,"pct":0},"branches":{"total":6,"covered":0,"skipped":0,"pct":0}}
,"C:\\Users\\loofi\\Documents\\Loofi VEO\\Loofi-Veo-prompt-generator\\src\\shared\\contexts\\index.ts": {"lines":{"total":0,"covered":0,"skipped":0,"pct":0},"functions":{"total":0,"covered":0,"skipped":0,"pct":0},"statements":{"total":0,"covered":0,"skipped":0,"pct":0},"branches":{"total":0,"covered":0,"skipped":0,"pct":0}}
,"C:\\Users\\loofi\\Documents\\Loofi VEO\\Loofi-Veo-prompt-generator\\src\\shared\\hooks\\index.ts": {"lines":{"total":0,"covered":0,"skipped":0,"pct":0},"functions":{"total":0,"covered":0,"skipped":0,"pct":0},"statements":{"total":0,"covered":0,"skipped":0,"pct":0},"branches":{"total":0,"covered":0,"skipped":0,"pct":0}}
,"C:\\Users\\loofi\\Documents\\Loofi VEO\\Loofi-Veo-prompt-generator\\src\\shared\\hooks\\useAppHandlers.ts": {"lines":{"total":204,"covered":0,"skipped":0,"pct":0},"functions":{"total":43,"covered":0,"skipped":0,"pct":0},"statements":{"total":207,"covered":0,"skipped":0,"pct":0},"branches":{"total":49,"covered":0,"skipped":0,"pct":0}}
,"C:\\Users\\loofi\\Documents\\Loofi VEO\\Loofi-Veo-prompt-generator\\src\\shared\\hooks\\useAppInitialization.ts": {"lines":{"total":35,"covered":0,"skipped":0,"pct":0},"functions":{"total":8,"covered":0,"skipped":0,"pct":0},"statements":{"total":37,"covered":0,"skipped":0,"pct":0},"branches":{"total":17,"covered":0,"skipped":0,"pct":0}}
,"C:\\Users\\loofi\\Documents\\Loofi VEO\\Loofi-Veo-prompt-generator\\src\\shared\\hooks\\useAppSync.ts": {"lines":{"total":24,"covered":0,"skipped":0,"pct":0},"functions":{"total":5,"covered":0,"skipped":0,"pct":0},"statements":{"total":24,"covered":0,"skipped":0,"pct":0},"branches":{"total":8,"covered":0,"skipped":0,"pct":0}}
,"C:\\Users\\loofi\\Documents\\Loofi VEO\\Loofi-Veo-prompt-generator\\src\\shared\\hooks\\useAudioWorker.ts": {"lines":{"total":60,"covered":0,"skipped":0,"pct":0},"functions":{"total":13,"covered":0,"skipped":0,"pct":0},"statements":{"total":63,"covered":0,"skipped":0,"pct":0},"branches":{"total":21,"covered":0,"skipped":0,"pct":0}}
,"C:\\Users\\loofi\\Documents\\Loofi VEO\\Loofi-Veo-prompt-generator\\src\\shared\\hooks\\useBroadcastState.ts": {"lines":{"total":73,"covered":0,"skipped":0,"pct":0},"functions":{"total":11,"covered":0,"skipped":0,"pct":0},"statements":{"total":79,"covered":0,"skipped":0,"pct":0},"branches":{"total":28,"covered":0,"skipped":0,"pct":0}}
,"C:\\Users\\loofi\\Documents\\Loofi VEO\\Loofi-Veo-prompt-generator\\src\\shared\\hooks\\useCollaborativeProject.ts": {"lines":{"total":118,"covered":0,"skipped":0,"pct":0},"functions":{"total":13,"covered":0,"skipped":0,"pct":0},"statements":{"total":129,"covered":0,"skipped":0,"pct":0},"branches":{"total":59,"covered":0,"skipped":0,"pct":0}}
,"C:\\Users\\loofi\\Documents\\Loofi VEO\\Loofi-Veo-prompt-generator\\src\\shared\\hooks\\useDirectorsChain.ts": {"lines":{"total":115,"covered":0,"skipped":0,"pct":0},"functions":{"total":21,"covered":0,"skipped":0,"pct":0},"statements":{"total":129,"covered":0,"skipped":0,"pct":0},"branches":{"total":44,"covered":0,"skipped":0,"pct":0}}
,"C:\\Users\\loofi\\Documents\\Loofi VEO\\Loofi-Veo-prompt-generator\\src\\shared\\hooks\\useGenerationState.ts": {"lines":{"total":52,"covered":0,"skipped":0,"pct":0},"functions":{"total":6,"covered":0,"skipped":0,"pct":0},"statements":{"total":52,"covered":0,"skipped":0,"pct":0},"branches":{"total":0,"covered":0,"skipped":0,"pct":100}}
,"C:\\Users\\loofi\\Documents\\Loofi VEO\\Loofi-Veo-prompt-generator\\src\\shared\\hooks\\useHelpPanel.ts": {"lines":{"total":13,"covered":0,"skipped":0,"pct":0},"functions":{"total":4,"covered":0,"skipped":0,"pct":0},"statements":{"total":13,"covered":0,"skipped":0,"pct":0},"branches":{"total":0,"covered":0,"skipped":0,"pct":100}}
,"C:\\Users\\loofi\\Documents\\Loofi VEO\\Loofi-Veo-prompt-generator\\src\\shared\\hooks\\useHistoryState.ts": {"lines":{"total":38,"covered":0,"skipped":0,"pct":0},"functions":{"total":8,"covered":0,"skipped":0,"pct":0},"statements":{"total":40,"covered":0,"skipped":0,"pct":0},"branches":{"total":11,"covered":0,"skipped":0,"pct":0}}
,"C:\\Users\\loofi\\Documents\\Loofi VEO\\Loofi-Veo-prompt-generator\\src\\shared\\hooks\\useHotkeys.ts": {"lines":{"total":56,"covered":0,"skipped":0,"pct":0},"functions":{"total":6,"covered":0,"skipped":0,"pct":0},"statements":{"total":69,"covered":0,"skipped":0,"pct":0},"branches":{"total":52,"covered":0,"skipped":0,"pct":0}}
,"C:\\Users\\loofi\\Documents\\Loofi VEO\\Loofi-Veo-prompt-generator\\src\\shared\\hooks\\useProjectManager.ts": {"lines":{"total":60,"covered":0,"skipped":0,"pct":0},"functions":{"total":10,"covered":0,"skipped":0,"pct":0},"statements":{"total":62,"covered":0,"skipped":0,"pct":0},"branches":{"total":6,"covered":0,"skipped":0,"pct":0}}
,"C:\\Users\\loofi\\Documents\\Loofi VEO\\Loofi-Veo-prompt-generator\\src\\shared\\hooks\\usePromptLogic.ts": {"lines":{"total":309,"covered":103,"skipped":0,"pct":33.33},"functions":{"total":72,"covered":41,"skipped":0,"pct":56.94},"statements":{"total":311,"covered":104,"skipped":0,"pct":33.44},"branches":{"total":91,"covered":12,"skipped":0,"pct":13.18}}
,"C:\\Users\\loofi\\Documents\\Loofi VEO\\Loofi-Veo-prompt-generator\\src\\shared\\hooks\\usePromptOptions.ts": {"lines":{"total":32,"covered":0,"skipped":0,"pct":0},"functions":{"total":30,"covered":0,"skipped":0,"pct":0},"statements":{"total":59,"covered":0,"skipped":0,"pct":0},"branches":{"total":0,"covered":0,"skipped":0,"pct":100}}
,"C:\\Users\\loofi\\Documents\\Loofi VEO\\Loofi-Veo-prompt-generator\\src\\shared\\hooks\\useRafDebounce.ts": {"lines":{"total":11,"covered":0,"skipped":0,"pct":0},"functions":{"total":3,"covered":0,"skipped":0,"pct":0},"statements":{"total":12,"covered":0,"skipped":0,"pct":0},"branches":{"total":4,"covered":0,"skipped":0,"pct":0}}
,"C:\\Users\\loofi\\Documents\\Loofi VEO\\Loofi-Veo-prompt-generator\\src\\shared\\hooks\\useSafeMode.ts": {"lines":{"total":29,"covered":0,"skipped":0,"pct":0},"functions":{"total":5,"covered":0,"skipped":0,"pct":0},"statements":{"total":30,"covered":0,"skipped":0,"pct":0},"branches":{"total":14,"covered":0,"skipped":0,"pct":0}}
,"C:\\Users\\loofi\\Documents\\Loofi VEO\\Loofi-Veo-prompt-generator\\src\\shared\\hooks\\useSceneAmbience.ts": {"lines":{"total":40,"covered":0,"skipped":0,"pct":0},"functions":{"total":11,"covered":0,"skipped":0,"pct":0},"statements":{"total":46,"covered":0,"skipped":0,"pct":0},"branches":{"total":18,"covered":0,"skipped":0,"pct":0}}
,"C:\\Users\\loofi\\Documents\\Loofi VEO\\Loofi-Veo-prompt-generator\\src\\shared\\hooks\\useSequentialGeneration.ts": {"lines":{"total":82,"covered":0,"skipped":0,"pct":0},"functions":{"total":13,"covered":0,"skipped":0,"pct":0},"statements":{"total":87,"covered":0,"skipped":0,"pct":0},"branches":{"total":49,"covered":0,"skipped":0,"pct":0}}
,"C:\\Users\\loofi\\Documents\\Loofi VEO\\Loofi-Veo-prompt-generator\\src\\shared\\hooks\\useStudios.ts": {"lines":{"total":9,"covered":0,"skipped":0,"pct":0},"functions":{"total":5,"covered":0,"skipped":0,"pct":0},"statements":{"total":10,"covered":0,"skipped":0,"pct":0},"branches":{"total":2,"covered":0,"skipped":0,"pct":0}}
,"C:\\Users\\loofi\\Documents\\Loofi VEO\\Loofi-Veo-prompt-generator\\src\\shared\\hooks\\useToastManager.ts": {"lines":{"total":10,"covered":10,"skipped":0,"pct":100},"functions":{"total":7,"covered":7,"skipped":0,"pct":100},"statements":{"total":13,"covered":13,"skipped":0,"pct":100},"branches":{"total":1,"covered":1,"skipped":0,"pct":100}}
,"C:\\Users\\loofi\\Documents\\Loofi VEO\\Loofi-Veo-prompt-generator\\src\\shared\\hooks\\useVideoGeneration.ts": {"lines":{"total":60,"covered":0,"skipped":0,"pct":0},"functions":{"total":17,"covered":0,"skipped":0,"pct":0},"statements":{"total":69,"covered":0,"skipped":0,"pct":0},"branches":{"total":39,"covered":0,"skipped":0,"pct":0}}
,"C:\\Users\\loofi\\Documents\\Loofi VEO\\Loofi-Veo-prompt-generator\\src\\utils\\ariaUtils.ts": {"lines":{"total":103,"covered":0,"skipped":0,"pct":0},"functions":{"total":31,"covered":0,"skipped":0,"pct":0},"statements":{"total":104,"covered":0,"skipped":0,"pct":0},"branches":{"total":26,"covered":0,"skipped":0,"pct":0}}
}
