TN:
SF:src\App.tsx
FN:42,(anonymous_0)
FN:43,(anonymous_1)
FN:46,App
FN:68,(anonymous_3)
FN:69,(anonymous_4)
FN:70,(anonymous_5)
FN:71,(anonymous_6)
FN:88,(anonymous_7)
FN:96,(anonymous_8)
FN:123,(anonymous_9)
FN:130,(anonymous_10)
FN:131,(anonymous_11)
FN:150,(anonymous_12)
FN:154,(anonymous_13)
FN:216,(anonymous_14)
FN:224,(anonymous_15)
FN:229,(anonymous_16)
FN:232,(anonymous_17)
FN:261,(anonymous_18)
FN:267,(anonymous_19)
FN:274,(anonymous_20)
FN:285,(anonymous_21)
FN:295,(anonymous_22)
FN:298,(anonymous_23)
FN:299,(anonymous_24)
FN:312,(anonymous_25)
FN:313,(anonymous_26)
FN:324,(anonymous_27)
FN:328,(anonymous_28)
FN:329,(anonymous_29)
FN:330,(anonymous_30)
FN:361,(anonymous_31)
FN:363,(anonymous_32)
FN:364,(anonymous_33)
FN:365,(anonymous_34)
FN:366,(anonymous_35)
FN:367,(anonymous_36)
FN:368,(anonymous_37)
FN:369,(anonymous_38)
FN:370,(anonymous_39)
FN:371,(anonymous_40)
FN:402,(anonymous_41)
FN:404,(anonymous_42)
FN:406,(anonymous_43)
FN:408,(anonymous_44)
FN:415,(anonymous_45)
FN:416,(anonymous_46)
FN:417,(anonymous_47)
FN:418,(anonymous_48)
FN:419,(anonymous_49)
FN:420,(anonymous_50)
FN:421,(anonymous_51)
FN:422,(anonymous_52)
FN:423,(anonymous_53)
FN:424,(anonymous_54)
FN:509,(anonymous_55)
FN:527,(anonymous_56)
FN:539,(anonymous_57)
FN:540,(anonymous_58)
FN:541,(anonymous_59)
FN:542,(anonymous_60)
FN:546,(anonymous_61)
FN:561,(anonymous_62)
FN:566,(anonymous_63)
FN:571,(anonymous_64)
FN:579,(anonymous_65)
FN:581,(anonymous_66)
FN:586,(anonymous_67)
FN:595,(anonymous_68)
FN:597,(anonymous_69)
FNF:70
FNH:0
FNDA:0,(anonymous_0)
FNDA:0,(anonymous_1)
FNDA:0,App
FNDA:0,(anonymous_3)
FNDA:0,(anonymous_4)
FNDA:0,(anonymous_5)
FNDA:0,(anonymous_6)
FNDA:0,(anonymous_7)
FNDA:0,(anonymous_8)
FNDA:0,(anonymous_9)
FNDA:0,(anonymous_10)
FNDA:0,(anonymous_11)
FNDA:0,(anonymous_12)
FNDA:0,(anonymous_13)
FNDA:0,(anonymous_14)
FNDA:0,(anonymous_15)
FNDA:0,(anonymous_16)
FNDA:0,(anonymous_17)
FNDA:0,(anonymous_18)
FNDA:0,(anonymous_19)
FNDA:0,(anonymous_20)
FNDA:0,(anonymous_21)
FNDA:0,(anonymous_22)
FNDA:0,(anonymous_23)
FNDA:0,(anonymous_24)
FNDA:0,(anonymous_25)
FNDA:0,(anonymous_26)
FNDA:0,(anonymous_27)
FNDA:0,(anonymous_28)
FNDA:0,(anonymous_29)
FNDA:0,(anonymous_30)
FNDA:0,(anonymous_31)
FNDA:0,(anonymous_32)
FNDA:0,(anonymous_33)
FNDA:0,(anonymous_34)
FNDA:0,(anonymous_35)
FNDA:0,(anonymous_36)
FNDA:0,(anonymous_37)
FNDA:0,(anonymous_38)
FNDA:0,(anonymous_39)
FNDA:0,(anonymous_40)
FNDA:0,(anonymous_41)
FNDA:0,(anonymous_42)
FNDA:0,(anonymous_43)
FNDA:0,(anonymous_44)
FNDA:0,(anonymous_45)
FNDA:0,(anonymous_46)
FNDA:0,(anonymous_47)
FNDA:0,(anonymous_48)
FNDA:0,(anonymous_49)
FNDA:0,(anonymous_50)
FNDA:0,(anonymous_51)
FNDA:0,(anonymous_52)
FNDA:0,(anonymous_53)
FNDA:0,(anonymous_54)
FNDA:0,(anonymous_55)
FNDA:0,(anonymous_56)
FNDA:0,(anonymous_57)
FNDA:0,(anonymous_58)
FNDA:0,(anonymous_59)
FNDA:0,(anonymous_60)
FNDA:0,(anonymous_61)
FNDA:0,(anonymous_62)
FNDA:0,(anonymous_63)
FNDA:0,(anonymous_64)
FNDA:0,(anonymous_65)
FNDA:0,(anonymous_66)
FNDA:0,(anonymous_67)
FNDA:0,(anonymous_68)
FNDA:0,(anonymous_69)
DA:42,0
DA:43,0
DA:48,0
DA:59,0
DA:61,0
DA:62,0
DA:63,0
DA:64,0
DA:67,0
DA:68,0
DA:69,0
DA:70,0
DA:71,0
DA:73,0
DA:78,0
DA:79,0
DA:83,0
DA:84,0
DA:85,0
DA:88,0
DA:89,0
DA:92,0
DA:95,0
DA:96,0
DA:98,0
DA:99,0
DA:100,0
DA:101,0
DA:102,0
DA:103,0
DA:104,0
DA:105,0
DA:106,0
DA:107,0
DA:108,0
DA:109,0
DA:119,0
DA:122,0
DA:123,0
DA:128,0
DA:130,0
DA:131,0
DA:134,0
DA:135,0
DA:136,0
DA:139,0
DA:149,0
DA:150,0
DA:153,0
DA:155,0
DA:156,0
DA:157,0
DA:159,0
DA:183,0
DA:216,0
DA:217,0
DA:218,0
DA:223,0
DA:224,0
DA:225,0
DA:229,0
DA:230,0
DA:232,0
DA:233,0
DA:234,0
DA:251,0
DA:255,0
DA:260,0
DA:262,0
DA:263,0
DA:265,0
DA:266,0
DA:268,0
DA:272,0
DA:275,0
DA:284,0
DA:286,0
DA:287,0
DA:293,0
DA:296,0
DA:298,0
DA:299,0
DA:312,0
DA:313,0
DA:314,0
DA:315,0
DA:317,0
DA:318,0
DA:319,0
DA:323,0
DA:324,0
DA:328,0
DA:329,0
DA:330,0
DA:335,0
DA:336,0
DA:347,0
DA:361,0
DA:363,0
DA:364,0
DA:365,0
DA:366,0
DA:367,0
DA:368,0
DA:369,0
DA:370,0
DA:371,0
DA:402,0
DA:404,0
DA:406,0
DA:408,0
DA:415,0
DA:416,0
DA:417,0
DA:418,0
DA:419,0
DA:420,0
DA:421,0
DA:422,0
DA:423,0
DA:424,0
DA:510,0
DA:511,0
DA:512,0
DA:527,0
DA:539,0
DA:540,0
DA:541,0
DA:542,0
DA:546,0
DA:561,0
DA:566,0
DA:571,0
DA:579,0
DA:582,0
DA:583,0
DA:587,0
DA:588,0
DA:595,0
DA:597,0
LF:140
LH:0
BRDA:123,0,0,0
BRDA:123,0,1,0
BRDA:130,1,0,0
BRDA:130,1,1,0
BRDA:155,2,0,0
BRDA:155,2,1,0
BRDA:155,3,0,0
BRDA:155,3,1,0
BRDA:217,4,0,0
BRDA:217,4,1,0
BRDA:217,5,0,0
BRDA:217,5,1,0
BRDA:230,6,0,0
BRDA:230,6,1,0
BRDA:235,7,0,0
BRDA:235,7,1,0
BRDA:265,8,0,0
BRDA:265,8,1,0
BRDA:265,9,0,0
BRDA:265,9,1,0
BRDA:265,9,2,0
BRDA:287,10,0,0
BRDA:287,10,1,0
BRDA:296,11,0,0
BRDA:296,11,1,0
BRDA:301,12,0,0
BRDA:301,12,1,0
BRDA:301,12,2,0
BRDA:301,12,3,0
BRDA:301,12,4,0
BRDA:301,12,5,0
BRDA:301,12,6,0
BRDA:301,12,7,0
BRDA:301,12,8,0
BRDA:314,13,0,0
BRDA:314,13,1,0
BRDA:315,14,0,0
BRDA:315,14,1,0
BRDA:317,15,0,0
BRDA:317,15,1,0
BRDA:317,16,0,0
BRDA:317,16,1,0
BRDA:330,17,0,0
BRDA:330,17,1,0
BRDA:335,18,0,0
BRDA:335,18,1,0
BRDA:349,19,0,0
BRDA:349,19,1,0
BRDA:383,20,0,0
BRDA:383,20,1,0
BRDA:398,21,0,0
BRDA:398,21,1,0
BRDA:511,22,0,0
BRDA:511,22,1,0
BRDA:511,23,0,0
BRDA:511,23,1,0
BRDA:566,24,0,0
BRDA:566,24,1,0
BRF:58
BRH:0
end_of_record
TN:
SF:src\index.tsx
FN:26,(anonymous_0)
FN:27,(anonymous_1)
FN:28,(anonymous_2)
FNF:3
FNH:0
FNDA:0,(anonymous_0)
FNDA:0,(anonymous_1)
FNDA:0,(anonymous_2)
DA:20,0
DA:22,0
DA:23,0
DA:26,0
DA:27,0
DA:28,0
DA:30,0
DA:31,0
DA:32,0
DA:35,0
DA:36,0
LF:11
LH:0
BRDA:31,0,0,0
BRDA:31,0,1,0
BRF:2
BRH:0
end_of_record
TN:
SF:src\cli\index.ts
FN:35,getVersion
FN:84,(anonymous_1)
FN:108,parseCliArgs
FN:139,validateOutputFormat
FN:146,validateTargetModel
FN:156,main
FN:222,(anonymous_6)
FN:243,(anonymous_7)
FNF:8
FNH:0
FNDA:0,getVersion
FNDA:0,(anonymous_1)
FNDA:0,parseCliArgs
FNDA:0,validateOutputFormat
FNDA:0,validateTargetModel
FNDA:0,main
FNDA:0,(anonymous_6)
FNDA:0,(anonymous_7)
DA:32,0
DA:33,0
DA:36,0
DA:37,0
DA:38,0
DA:39,0
DA:41,0
DA:49,0
DA:84,0
DA:109,0
DA:140,0
DA:141,0
DA:142,0
DA:143,0
DA:147,0
DA:148,0
DA:149,0
DA:157,0
DA:160,0
DA:161,0
DA:162,0
DA:165,0
DA:166,0
DA:167,0
DA:170,0
DA:172,0
DA:173,0
DA:174,0
DA:177,0
DA:179,0
DA:180,0
DA:181,0
DA:182,0
DA:183,0
DA:186,0
DA:202,0
DA:203,0
DA:207,0
DA:214,0
DA:215,0
DA:220,0
DA:221,0
DA:222,0
DA:225,0
DA:226,0
DA:228,0
DA:232,0
DA:233,0
DA:234,0
DA:235,0
DA:243,0
DA:244,0
DA:245,0
LF:53
LH:0
BRDA:39,0,0,0
BRDA:39,0,1,0
BRDA:141,1,0,0
BRDA:141,1,1,0
BRDA:142,2,0,0
BRDA:142,2,1,0
BRDA:147,3,0,0
BRDA:147,3,1,0
BRDA:147,4,0,0
BRDA:147,4,1,0
BRDA:148,5,0,0
BRDA:148,5,1,0
BRDA:160,6,0,0
BRDA:160,6,1,0
BRDA:165,7,0,0
BRDA:165,7,1,0
BRDA:172,8,0,0
BRDA:172,8,1,0
BRDA:177,9,0,0
BRDA:177,9,1,0
BRDA:177,9,2,0
BRDA:177,9,3,0
BRDA:179,10,0,0
BRDA:179,10,1,0
BRDA:198,11,0,0
BRDA:198,11,1,0
BRDA:199,12,0,0
BRDA:199,12,1,0
BRDA:210,13,0,0
BRDA:210,13,1,0
BRDA:211,14,0,0
BRDA:211,14,1,0
BRDA:221,15,0,0
BRDA:221,15,1,0
BRDA:244,16,0,0
BRDA:244,16,1,0
BRF:36
BRH:0
end_of_record
TN:
SF:src\cli\types.ts
FNF:0
FNH:0
LF:0
LH:0
BRF:0
BRH:0
end_of_record
TN:
SF:src\cli\commands\export.ts
FN:23,readInput
FN:63,executeExport
FNF:2
FNH:2
FNDA:3,readInput
FNDA:3,executeExport
DA:26,3
DA:27,3
DA:30,0
DA:34,2
DA:35,2
DA:36,2
DA:37,1
DA:40,0
DA:47,1
DA:64,3
DA:65,3
DA:67,3
DA:68,3
DA:70,0
DA:73,3
DA:74,3
DA:75,3
DA:77,3
DA:78,0
DA:81,1
DA:82,1
DA:83,1
LF:22
LH:18
BRDA:26,0,0,3
BRDA:26,0,1,0
BRDA:36,1,0,1
BRDA:36,1,1,1
BRDA:67,2,0,3
BRDA:67,2,1,0
BRDA:77,3,0,0
BRDA:77,3,1,3
BRDA:81,4,0,1
BRDA:81,4,1,0
BRF:10
BRH:6
end_of_record
TN:
SF:src\cli\commands\generate.ts
FN:26,buildCliPrompt
FN:60,buildOfflinePrompt
FN:83,executeGenerate
FN:94,(anonymous_3)
FNF:4
FNH:4
FNDA:1,buildCliPrompt
FNDA:6,buildOfflinePrompt
FNDA:9,executeGenerate
FNDA:7,(anonymous_3)
DA:27,1
DA:29,1
DA:30,1
DA:31,1
DA:32,1
DA:34,1
DA:35,1
DA:36,1
DA:37,1
DA:39,1
DA:40,1
DA:41,1
DA:42,1
DA:44,1
DA:45,0
DA:47,1
DA:50,1
DA:51,1
DA:53,1
DA:61,6
DA:63,6
DA:65,6
DA:66,6
DA:67,6
DA:68,6
DA:70,6
DA:84,9
DA:89,9
DA:91,9
DA:92,2
DA:93,2
DA:94,7
DA:95,1
DA:97,1
DA:99,1
DA:100,2
DA:101,2
DA:102,2
DA:103,2
DA:104,2
DA:107,8
DA:109,6
DA:110,6
DA:111,6
DA:114,2
DA:115,2
DA:117,2
DA:118,2
DA:119,2
DA:121,2
DA:123,2
DA:128,1
DA:129,2
DA:131,2
DA:135,7
DA:136,7
DA:138,7
DA:139,0
DA:142,2
DA:143,2
DA:145,2
DA:147,2
DA:148,0
DA:150,2
DA:153,2
LF:65
LH:62
BRDA:34,0,0,0
BRDA:34,0,1,1
BRDA:35,1,0,0
BRDA:35,1,1,1
BRDA:36,2,0,0
BRDA:36,2,1,1
BRDA:37,3,0,0
BRDA:37,3,1,1
BRDA:44,4,0,0
BRDA:44,4,1,1
BRDA:65,5,0,2
BRDA:65,5,1,4
BRDA:66,6,0,2
BRDA:66,6,1,4
BRDA:67,7,0,0
BRDA:67,7,1,6
BRDA:68,8,0,1
BRDA:68,8,1,5
BRDA:91,9,0,2
BRDA:91,9,1,7
BRDA:93,10,0,1
BRDA:93,10,1,1
BRDA:99,11,0,1
BRDA:99,11,1,0
BRDA:100,12,0,2
BRDA:100,12,1,1
BRDA:101,13,0,2
BRDA:101,13,1,1
BRDA:102,14,0,2
BRDA:102,14,1,1
BRDA:103,15,0,2
BRDA:103,15,1,1
BRDA:107,16,0,6
BRDA:107,16,1,2
BRDA:118,17,0,2
BRDA:118,17,1,1
BRDA:128,18,0,1
BRDA:128,18,1,0
BRDA:130,19,0,2
BRDA:130,19,1,0
BRDA:138,20,0,0
BRDA:138,20,1,7
BRDA:142,21,0,2
BRDA:142,21,1,0
BRDA:147,22,0,0
BRDA:147,22,1,2
BRF:46
BRH:34
end_of_record
TN:
SF:src\cli\utils\apiKey.ts
FN:22,resolveApiKey
FNF:1
FNH:1
FNDA:8,resolveApiKey
DA:24,8
DA:27,5
DA:30,3
DA:33,2
LF:4
LH:4
BRDA:24,0,0,3
BRDA:24,0,1,5
BRDA:27,1,0,2
BRDA:27,1,1,3
BRDA:30,2,0,1
BRDA:30,2,1,2
BRF:6
BRH:6
end_of_record
TN:
SF:src\cli\utils\output.ts
FN:20,formatJSON
FN:25,formatText
FN:33,formatMarkdown
FN:64,formatResult
FN:85,writeOutput
FN:99,verboseLog
FN:106,errorLog
FNF:7
FNH:7
FNDA:5,formatJSON
FNDA:9,formatText
FNDA:6,formatMarkdown
FNDA:20,formatResult
FNDA:9,writeOutput
FNDA:15,verboseLog
FNDA:3,errorLog
DA:21,5
DA:26,9
DA:27,3
DA:29,6
DA:34,6
DA:35,1
DA:38,5
DA:40,5
DA:41,2
DA:44,5
DA:46,6
DA:47,1
DA:48,1
DA:49,1
DA:50,1
DA:53,1
DA:56,5
DA:65,20
DA:67,5
DA:69,8
DA:71,6
DA:73,1
DA:86,9
DA:87,0
DA:88,0
DA:90,9
DA:100,15
DA:101,1
DA:107,3
LF:29
LH:27
BRDA:26,0,0,3
BRDA:26,0,1,6
BRDA:29,1,0,6
BRDA:29,1,1,0
BRDA:34,2,0,1
BRDA:34,2,1,5
BRDA:40,3,0,2
BRDA:40,3,1,3
BRDA:44,4,0,5
BRDA:44,4,1,0
BRDA:46,5,0,1
BRDA:46,5,1,5
BRDA:46,6,0,6
BRDA:46,6,1,1
BRDA:49,7,0,1
BRDA:49,7,1,0
BRDA:50,8,0,1
BRDA:50,8,1,0
BRDA:65,9,0,5
BRDA:65,9,1,8
BRDA:65,9,2,6
BRDA:65,9,3,1
BRDA:86,10,0,0
BRDA:86,10,1,9
BRDA:100,11,0,1
BRDA:100,11,1,14
BRF:26
BRH:21
end_of_record
TN:
SF:src\components\accessibility\AccessibilitySettings.tsx
FN:9,(anonymous_0)
FN:22,(anonymous_1)
FN:27,(anonymous_2)
FN:32,(anonymous_3)
FN:37,(anonymous_4)
FN:44,(anonymous_5)
FN:49,(anonymous_6)
FN:54,(anonymous_7)
FN:81,(anonymous_8)
FN:101,(anonymous_9)
FN:123,(anonymous_10)
FN:146,(anonymous_11)
FN:166,(anonymous_12)
FN:186,(anonymous_13)
FNF:14
FNH:0
FNDA:0,(anonymous_0)
FNDA:0,(anonymous_1)
FNDA:0,(anonymous_2)
FNDA:0,(anonymous_3)
FNDA:0,(anonymous_4)
FNDA:0,(anonymous_5)
FNDA:0,(anonymous_6)
FNDA:0,(anonymous_7)
FNDA:0,(anonymous_8)
FNDA:0,(anonymous_9)
FNDA:0,(anonymous_10)
FNDA:0,(anonymous_11)
FNDA:0,(anonymous_12)
FNDA:0,(anonymous_13)
DA:9,0
DA:20,0
DA:22,0
DA:23,0
DA:24,0
DA:27,0
DA:28,0
DA:29,0
DA:32,0
DA:33,0
DA:34,0
DA:37,0
DA:38,0
DA:39,0
DA:40,0
DA:44,0
DA:45,0
DA:46,0
DA:49,0
DA:50,0
DA:51,0
DA:54,0
DA:55,0
DA:56,0
DA:59,0
DA:81,0
DA:101,0
DA:123,0
DA:146,0
DA:166,0
DA:186,0
LF:31
LH:0
BRDA:24,0,0,0
BRDA:24,0,1,0
BRDA:29,1,0,0
BRDA:29,1,1,0
BRDA:39,2,0,0
BRDA:39,2,1,0
BRDA:46,3,0,0
BRDA:46,3,1,0
BRDA:51,4,0,0
BRDA:51,4,1,0
BRF:10
BRH:0
end_of_record
TN:
SF:src\components\accessibility\SkipLink.tsx
FN:20,(anonymous_0)
FN:21,(anonymous_1)
FNF:2
FNH:0
FNDA:0,(anonymous_0)
FNDA:0,(anonymous_1)
DA:20,0
DA:21,0
DA:22,0
DA:23,0
DA:25,0
DA:26,0
DA:27,0
DA:31,0
LF:8
LH:0
BRDA:20,0,0,0
BRDA:25,1,0,0
BRDA:25,1,1,0
BRF:3
BRH:0
end_of_record
TN:
SF:src\components\accessibility\index.ts
FNF:0
FNH:0
LF:0
LH:0
BRF:0
BRH:0
end_of_record
TN:
SF:src\components\onboarding\TutorialOverlay.tsx
FN:7,(anonymous_0)
FN:19,(anonymous_1)
FN:22,(anonymous_2)
FN:80,(anonymous_3)
FN:88,(anonymous_4)
FNF:5
FNH:0
FNDA:0,(anonymous_0)
FNDA:0,(anonymous_1)
FNDA:0,(anonymous_2)
FNDA:0,(anonymous_3)
FNDA:0,(anonymous_4)
DA:7,0
DA:8,0
DA:9,0
DA:10,0
DA:14,0
DA:16,0
DA:17,0
DA:19,0
DA:20,0
DA:22,0
DA:23,0
DA:25,0
DA:26,0
DA:27,0
DA:30,0
DA:31,0
DA:32,0
DA:33,0
DA:35,0
DA:37,0
DA:38,0
DA:39,0
DA:41,0
DA:42,0
DA:43,0
DA:45,0
DA:46,0
DA:47,0
DA:49,0
DA:50,0
DA:51,0
DA:53,0
DA:54,0
DA:55,0
DA:59,0
DA:60,0
DA:62,0
DA:66,0
DA:67,0
DA:68,0
DA:76,0
DA:77,0
DA:78,0
DA:80,0
DA:81,0
DA:82,0
DA:86,0
DA:88,0
DA:89,0
DA:90,0
DA:92,0
DA:95,0
LF:52
LH:0
BRDA:20,0,0,0
BRDA:20,0,1,0
BRDA:20,1,0,0
BRDA:20,1,1,0
BRDA:25,2,0,0
BRDA:25,2,1,0
BRDA:30,3,0,0
BRDA:30,3,1,0
BRDA:35,4,0,0
BRDA:35,4,1,0
BRDA:35,4,2,0
BRDA:35,4,3,0
BRDA:35,4,4,0
BRDA:66,5,0,0
BRDA:66,5,1,0
BRDA:86,6,0,0
BRDA:86,6,1,0
BRDA:86,7,0,0
BRDA:86,7,1,0
BRDA:89,8,0,0
BRDA:89,8,1,0
BRDA:99,9,0,0
BRDA:99,9,1,0
BRDA:99,9,2,0
BRDA:142,10,0,0
BRDA:142,10,1,0
BRDA:149,11,0,0
BRDA:149,11,1,0
BRDA:155,12,0,0
BRDA:155,12,1,0
BRDA:161,13,0,0
BRDA:161,13,1,0
BRDA:161,13,2,0
BRF:33
BRH:0
end_of_record
TN:
SF:src\components\onboarding\WelcomeModal.tsx
FN:11,(anonymous_0)
FN:14,(anonymous_1)
FN:20,(anonymous_2)
FNF:3
FNH:0
FNDA:0,(anonymous_0)
FNDA:0,(anonymous_1)
FNDA:0,(anonymous_2)
DA:11,0
DA:12,0
DA:14,0
DA:15,0
DA:16,0
DA:17,0
DA:20,0
DA:21,0
DA:22,0
DA:25,0
LF:10
LH:0
BRF:0
BRH:0
end_of_record
TN:
SF:src\components\onboarding\index.ts
FNF:0
FNH:0
LF:0
LH:0
BRF:0
BRH:0
end_of_record
TN:
SF:src\components\ui\Toast.tsx
FN:39,(anonymous_0)
FN:53,(anonymous_1)
FN:60,(anonymous_2)
FN:61,(anonymous_3)
FN:61,(anonymous_4)
FN:65,(anonymous_5)
FN:73,(anonymous_6)
FN:80,(anonymous_7)
FN:88,(anonymous_8)
FN:106,(anonymous_9)
FN:120,(anonymous_10)
FN:133,(anonymous_11)
FN:214,(anonymous_12)
FN:225,(anonymous_13)
FNF:14
FNH:0
FNDA:0,(anonymous_0)
FNDA:0,(anonymous_1)
FNDA:0,(anonymous_2)
FNDA:0,(anonymous_3)
FNDA:0,(anonymous_4)
FNDA:0,(anonymous_5)
FNDA:0,(anonymous_6)
FNDA:0,(anonymous_7)
FNDA:0,(anonymous_8)
FNDA:0,(anonymous_9)
FNDA:0,(anonymous_10)
FNDA:0,(anonymous_11)
FNDA:0,(anonymous_12)
FNDA:0,(anonymous_13)
DA:37,0
DA:39,0
DA:40,0
DA:41,0
DA:42,0
DA:44,0
DA:53,0
DA:58,0
DA:60,0
DA:61,0
DA:64,0
DA:66,0
DA:67,0
DA:73,0
DA:74,0
DA:75,0
DA:79,0
DA:80,0
DA:81,0
DA:88,0
DA:89,0
DA:92,0
DA:106,0
DA:107,0
DA:116,0
DA:118,0
DA:121,0
DA:133,0
DA:134,0
DA:193,0
DA:195,0
DA:215,0
DA:216,0
DA:225,0
LF:34
LH:0
BRDA:41,0,0,0
BRDA:41,0,1,0
BRDA:55,1,0,0
BRDA:56,2,0,0
BRDA:70,3,0,0
BRDA:70,3,1,0
BRDA:79,4,0,0
BRDA:79,4,1,0
BRDA:79,5,0,0
BRDA:79,5,1,0
BRDA:116,6,0,0
BRDA:116,6,1,0
BRDA:210,7,0,0
BRDA:210,7,1,0
BRDA:212,8,0,0
BRDA:212,8,1,0
BRF:16
BRH:0
end_of_record
TN:
SF:src\components\ui\index.ts
FNF:0
FNH:0
LF:0
LH:0
BRF:0
BRH:0
end_of_record
TN:
SF:src\core\config\exportProfiles.ts
FNF:0
FNH:0
DA:13,0
LF:1
LH:0
BRF:0
BRH:0
end_of_record
TN:
SF:src\core\config\internalPlugins.ts
FN:6,(anonymous_0)
FNF:1
FNH:0
FNDA:0,(anonymous_0)
DA:6,0
DA:7,0
DA:8,0
DA:9,0
DA:10,0
DA:11,0
DA:13,0
LF:7
LH:0
BRF:0
BRH:0
end_of_record
TN:
SF:src\core\config\modelProfiles.ts
FN:164,getProfilesByModel
FN:165,(anonymous_1)
FN:169,getProfileById
FN:170,(anonymous_3)
FN:174,applyProfile
FNF:5
FNH:5
FNDA:10,getProfilesByModel
FNDA:70,(anonymous_1)
FNDA:27,getProfileById
FNDA:111,(anonymous_3)
FNDA:12,applyProfile
DA:41,2
DA:165,70
DA:170,111
DA:175,12
DA:176,12
DA:178,11
LF:6
LH:6
BRDA:176,0,0,1
BRDA:176,0,1,11
BRF:2
BRH:2
end_of_record
TN:
SF:src\core\config\projectTemplates.ts
FNF:0
FNH:0
DA:15,0
LF:1
LH:0
BRF:0
BRH:0
end_of_record
TN:
SF:src\core\config\trustedKeys.ts
FN:50,getActiveTrustedKeys
FN:51,(anonymous_1)
FN:57,isKeyTrusted
FN:58,(anonymous_3)
FNF:4
FNH:0
FNDA:0,getActiveTrustedKeys
FNDA:0,(anonymous_1)
FNDA:0,isKeyTrusted
FNDA:0,(anonymous_3)
DA:36,1
DA:51,0
DA:58,0
LF:3
LH:1
BRDA:58,0,0,0
BRDA:58,0,1,0
BRF:2
BRH:0
end_of_record
TN:
SF:src\core\constants\constants.ts
FN:105,(anonymous_0)
FN:113,(anonymous_1)
FN:130,(anonymous_2)
FN:133,(anonymous_3)
FN:150,(anonymous_4)
FN:153,(anonymous_5)
FN:341,(anonymous_6)
FN:344,(anonymous_7)
FN:396,(anonymous_8)
FN:399,(anonymous_9)
FN:437,(anonymous_10)
FN:440,(anonymous_11)
FN:478,(anonymous_12)
FN:481,(anonymous_13)
FN:619,(anonymous_14)
FN:622,(anonymous_15)
FN:711,(anonymous_16)
FN:714,(anonymous_17)
FN:752,(anonymous_18)
FN:755,(anonymous_19)
FN:760,(anonymous_20)
FN:806,(anonymous_21)
FN:809,(anonymous_22)
FN:882,(anonymous_23)
FN:885,(anonymous_24)
FN:913,(anonymous_25)
FN:916,(anonymous_26)
FN:958,(anonymous_27)
FN:961,(anonymous_28)
FN:967,(anonymous_29)
FN:970,(anonymous_30)
FN:994,(anonymous_31)
FN:997,(anonymous_32)
FN:1031,(anonymous_33)
FN:1034,(anonymous_34)
FN:1207,(anonymous_35)
FN:1210,(anonymous_36)
FN:1287,(anonymous_37)
FN:1290,(anonymous_38)
FN:1357,(anonymous_39)
FN:1360,(anonymous_40)
FN:1441,(anonymous_41)
FN:1444,(anonymous_42)
FN:1527,(anonymous_43)
FN:1530,(anonymous_44)
FN:1613,(anonymous_45)
FN:1616,(anonymous_46)
FN:1662,(anonymous_47)
FN:1665,(anonymous_48)
FN:1745,(anonymous_49)
FN:1748,(anonymous_50)
FN:1761,(anonymous_51)
FN:1764,(anonymous_52)
FN:1811,(anonymous_53)
FN:1814,(anonymous_54)
FN:1866,(anonymous_55)
FN:1869,(anonymous_56)
FN:1908,(anonymous_57)
FN:1911,(anonymous_58)
FN:1966,(anonymous_59)
FNF:60
FNH:52
FNDA:0,(anonymous_0)
FNDA:0,(anonymous_1)
FNDA:0,(anonymous_2)
FNDA:0,(anonymous_3)
FNDA:0,(anonymous_4)
FNDA:2,(anonymous_5)
FNDA:64,(anonymous_6)
FNDA:2,(anonymous_7)
FNDA:14,(anonymous_8)
FNDA:2,(anonymous_9)
FNDA:10,(anonymous_10)
FNDA:2,(anonymous_11)
FNDA:10,(anonymous_12)
FNDA:2,(anonymous_13)
FNDA:42,(anonymous_14)
FNDA:2,(anonymous_15)
FNDA:28,(anonymous_16)
FNDA:2,(anonymous_17)
FNDA:10,(anonymous_18)
FNDA:0,(anonymous_19)
FNDA:2,(anonymous_20)
FNDA:14,(anonymous_21)
FNDA:2,(anonymous_22)
FNDA:20,(anonymous_23)
FNDA:2,(anonymous_24)
FNDA:14,(anonymous_25)
FNDA:2,(anonymous_26)
FNDA:18,(anonymous_27)
FNDA:2,(anonymous_28)
FNDA:6,(anonymous_29)
FNDA:2,(anonymous_30)
FNDA:6,(anonymous_31)
FNDA:2,(anonymous_32)
FNDA:14,(anonymous_33)
FNDA:2,(anonymous_34)
FNDA:52,(anonymous_35)
FNDA:2,(anonymous_36)
FNDA:28,(anonymous_37)
FNDA:2,(anonymous_38)
FNDA:32,(anonymous_39)
FNDA:2,(anonymous_40)
FNDA:24,(anonymous_41)
FNDA:2,(anonymous_42)
FNDA:40,(anonymous_43)
FNDA:2,(anonymous_44)
FNDA:40,(anonymous_45)
FNDA:2,(anonymous_46)
FNDA:14,(anonymous_47)
FNDA:2,(anonymous_48)
FNDA:22,(anonymous_49)
FNDA:2,(anonymous_50)
FNDA:8,(anonymous_51)
FNDA:2,(anonymous_52)
FNDA:16,(anonymous_53)
FNDA:2,(anonymous_54)
FNDA:14,(anonymous_55)
FNDA:2,(anonymous_56)
FNDA:12,(anonymous_57)
FNDA:0,(anonymous_58)
FNDA:0,(anonymous_59)
DA:3,4
DA:27,4
DA:103,4
DA:105,4
DA:113,4
DA:114,0
DA:130,0
DA:133,4
DA:134,0
DA:150,0
DA:153,4
DA:154,2
DA:341,64
DA:344,4
DA:345,2
DA:396,14
DA:399,4
DA:400,2
DA:437,10
DA:440,4
DA:441,2
DA:478,10
DA:481,4
DA:482,2
DA:619,42
DA:622,4
DA:623,2
DA:711,28
DA:714,4
DA:715,2
DA:752,10
DA:755,4
DA:760,4
DA:761,2
DA:806,14
DA:809,4
DA:810,2
DA:882,20
DA:885,4
DA:886,2
DA:913,14
DA:916,4
DA:917,2
DA:958,18
DA:961,4
DA:962,2
DA:967,6
DA:970,4
DA:971,2
DA:994,6
DA:997,4
DA:998,2
DA:1031,14
DA:1034,4
DA:1035,2
DA:1207,52
DA:1210,4
DA:1211,2
DA:1287,28
DA:1290,4
DA:1291,2
DA:1357,32
DA:1360,4
DA:1361,2
DA:1441,24
DA:1444,4
DA:1445,2
DA:1527,40
DA:1530,4
DA:1531,2
DA:1613,40
DA:1616,4
DA:1617,2
DA:1662,14
DA:1665,4
DA:1666,2
DA:1745,22
DA:1748,4
DA:1749,2
DA:1761,8
DA:1764,4
DA:1765,2
DA:1811,16
DA:1814,4
DA:1815,2
DA:1866,14
DA:1869,4
DA:1870,2
DA:1908,12
DA:1911,4
DA:1913,0
DA:1966,0
DA:1974,4
LF:93
LH:87
BRF:0
BRH:0
end_of_record
TN:
SF:src\core\constants\index.ts
FNF:0
FNH:0
LF:0
LH:0
BRF:0
BRH:0
end_of_record
TN:
SF:src\core\constants\templates.ts
FN:151,(anonymous_0)
FN:152,(anonymous_1)
FNF:2
FNH:0
FNDA:0,(anonymous_0)
FNDA:0,(anonymous_1)
DA:10,4
DA:151,4
DA:152,0
DA:153,0
DA:154,0
LF:5
LH:2
BRF:0
BRH:0
end_of_record
TN:
SF:src\core\constants\translations.ts
FNF:0
FNH:0
DA:1,4
DA:17,4
DA:25,4
DA:61,4
DA:685,4
LF:5
LH:5
BRF:0
BRH:0
end_of_record
TN:
SF:src\core\data\sunoTags.ts
FNF:0
FNH:0
DA:1,0
LF:1
LH:0
BRF:0
BRH:0
end_of_record
TN:
SF:src\core\services\apiExportService.ts
FN:61,(anonymous_0)
FN:67,(anonymous_1)
FN:90,(anonymous_2)
FN:132,(anonymous_3)
FN:154,(anonymous_4)
FN:187,(anonymous_5)
FN:206,(anonymous_6)
FN:357,(anonymous_7)
FN:431,(anonymous_8)
FN:556,(anonymous_9)
FN:558,(anonymous_10)
FN:564,(anonymous_11)
FN:571,(anonymous_12)
FNF:13
FNH:0
FNDA:0,(anonymous_0)
FNDA:0,(anonymous_1)
FNDA:0,(anonymous_2)
FNDA:0,(anonymous_3)
FNDA:0,(anonymous_4)
FNDA:0,(anonymous_5)
FNDA:0,(anonymous_6)
FNDA:0,(anonymous_7)
FNDA:0,(anonymous_8)
FNDA:0,(anonymous_9)
FNDA:0,(anonymous_10)
FNDA:0,(anonymous_11)
FNDA:0,(anonymous_12)
DA:62,0
DA:68,0
DA:69,0
DA:71,0
DA:73,0
DA:75,0
DA:77,0
DA:79,0
DA:82,0
DA:83,0
DA:91,0
DA:111,0
DA:112,0
DA:113,0
DA:119,0
DA:120,0
DA:126,0
DA:133,0
DA:135,0
DA:148,0
DA:155,0
DA:166,0
DA:167,0
DA:181,0
DA:188,0
DA:200,0
DA:207,0
DA:351,0
DA:361,0
DA:364,0
DA:373,0
DA:390,0
DA:408,0
DA:425,0
DA:432,0
DA:550,0
DA:557,0
DA:558,0
DA:560,0
DA:562,0
DA:564,0
DA:566,0
DA:570,0
DA:571,0
DA:576,0
DA:577,0
DA:582,0
LF:47
LH:0
BRDA:69,0,0,0
BRDA:69,0,1,0
BRDA:69,0,2,0
BRDA:69,0,3,0
BRDA:69,0,4,0
BRDA:111,1,0,0
BRDA:111,1,1,0
BRDA:112,2,0,0
BRDA:112,2,1,0
BRDA:119,3,0,0
BRDA:119,3,1,0
BRDA:133,4,0,0
BRDA:133,4,1,0
BRDA:166,5,0,0
BRDA:166,5,1,0
BRDA:172,6,0,0
BRDA:172,6,1,0
BRDA:210,7,0,0
BRDA:210,7,1,0
BRDA:359,8,0,0
BRDA:434,9,0,0
BRDA:434,9,1,0
BRDA:560,10,0,0
BRDA:560,10,1,0
BRF:24
BRH:0
end_of_record
TN:
SF:src\core\services\apiKeyService.ts
FN:9,(anonymous_0)
FN:19,(anonymous_1)
FN:28,(anonymous_2)
FN:37,(anonymous_3)
FNF:4
FNH:0
FNDA:0,(anonymous_0)
FNDA:0,(anonymous_1)
FNDA:0,(anonymous_2)
FNDA:0,(anonymous_3)
DA:4,0
DA:7,0
DA:9,0
DA:10,0
DA:11,0
DA:12,0
DA:13,0
DA:15,0
DA:19,0
DA:20,0
DA:21,0
DA:22,0
DA:24,0
DA:28,0
DA:29,0
DA:30,0
DA:31,0
DA:33,0
DA:37,0
DA:38,0
DA:39,0
LF:21
LH:0
BRDA:10,0,0,0
BRDA:10,0,1,0
BRDA:13,1,0,0
BRDA:13,1,1,0
BRDA:20,2,0,0
BRDA:20,2,1,0
BRDA:29,3,0,0
BRDA:29,3,1,0
BRDA:39,4,0,0
BRDA:39,4,1,0
BRF:10
BRH:0
end_of_record
TN:
SF:src\core\services\audioAnalysisService.ts
FN:11,(anonymous_0)
FN:87,(anonymous_1)
FN:152,(anonymous_2)
FN:220,(anonymous_3)
FN:230,(anonymous_4)
FN:262,(anonymous_5)
FN:281,(anonymous_6)
FNF:7
FNH:0
FNDA:0,(anonymous_0)
FNDA:0,(anonymous_1)
FNDA:0,(anonymous_2)
FNDA:0,(anonymous_3)
FNDA:0,(anonymous_4)
FNDA:0,(anonymous_5)
FNDA:0,(anonymous_6)
DA:11,0
DA:16,0
DA:17,0
DA:18,0
DA:21,0
DA:22,0
DA:25,0
DA:26,0
DA:27,0
DA:28,0
DA:29,0
DA:30,0
DA:32,0
DA:37,0
DA:39,0
DA:41,0
DA:42,0
DA:43,0
DA:44,0
DA:46,0
DA:47,0
DA:48,0
DA:51,0
DA:52,0
DA:58,0
DA:59,0
DA:62,0
DA:66,0
DA:71,0
DA:87,0
DA:92,0
DA:93,0
DA:97,0
DA:99,0
DA:101,0
DA:102,0
DA:105,0
DA:106,0
DA:108,0
DA:109,0
DA:110,0
DA:111,0
DA:113,0
DA:114,0
DA:116,0
DA:118,0
DA:119,0
DA:120,0
DA:124,0
DA:125,0
DA:126,0
DA:127,0
DA:128,0
DA:135,0
DA:136,0
DA:137,0
DA:138,0
DA:142,0
DA:152,0
DA:156,0
DA:157,0
DA:158,0
DA:159,0
DA:162,0
DA:164,0
DA:165,0
DA:166,0
DA:167,0
DA:168,0
DA:171,0
DA:173,0
DA:174,0
DA:175,0
DA:176,0
DA:177,0
DA:178,0
DA:181,0
DA:182,0
DA:183,0
DA:186,0
DA:188,0
DA:189,0
DA:191,0
DA:195,0
DA:196,0
DA:197,0
DA:201,0
DA:205,0
DA:208,0
DA:211,0
DA:214,0
DA:220,0
DA:230,0
DA:231,0
DA:234,0
DA:235,0
DA:236,0
DA:237,0
DA:238,0
DA:239,0
DA:240,0
DA:241,0
DA:253,0
DA:254,0
DA:256,0
DA:262,0
DA:263,0
DA:266,0
DA:267,0
DA:268,0
DA:270,0
DA:281,0
DA:285,0
DA:286,0
DA:287,0
DA:289,0
DA:290,0
DA:291,0
DA:294,0
DA:300,0
DA:302,0
DA:303,0
DA:305,0
DA:307,0
DA:308,0
DA:309,0
DA:312,0
DA:313,0
LF:128
LH:0
BRDA:13,0,0,0
BRDA:14,1,0,0
BRDA:51,2,0,0
BRDA:51,2,1,0
BRDA:58,3,0,0
BRDA:58,3,1,0
BRDA:58,4,0,0
BRDA:58,4,1,0
BRDA:62,5,0,0
BRDA:62,5,1,0
BRDA:63,6,0,0
BRDA:63,6,1,0
BRDA:89,7,0,0
BRDA:90,8,0,0
BRDA:116,9,0,0
BRDA:116,9,1,0
BRDA:118,10,0,0
BRDA:118,10,1,0
BRDA:124,11,0,0
BRDA:124,11,1,0
BRDA:127,12,0,0
BRDA:127,12,1,0
BRDA:135,13,0,0
BRDA:135,13,1,0
BRDA:137,14,0,0
BRDA:137,14,1,0
BRDA:175,15,0,0
BRDA:175,15,1,0
BRDA:181,16,0,0
BRDA:181,16,1,0
BRDA:186,17,0,0
BRDA:186,17,1,0
BRDA:188,18,0,0
BRDA:188,18,1,0
BRDA:196,19,0,0
BRDA:196,19,1,0
BRDA:205,20,0,0
BRDA:205,20,1,0
BRDA:266,21,0,0
BRDA:266,21,1,0
BRDA:305,22,0,0
BRDA:305,22,1,0
BRF:42
BRH:0
end_of_record
TN:
SF:src\core\services\audioSeparationService.ts
FN:14,(anonymous_0)
FN:94,bufferToWaveBlob
FN:137,setUint16
FN:143,setUint32
FNF:4
FNH:0
FNDA:0,(anonymous_0)
FNDA:0,bufferToWaveBlob
FNDA:0,setUint16
FNDA:0,setUint32
DA:14,0
DA:15,0
DA:16,0
DA:17,0
DA:22,0
DA:27,0
DA:29,0
DA:30,0
DA:31,0
DA:34,0
DA:35,0
DA:36,0
DA:41,0
DA:42,0
DA:43,0
DA:45,0
DA:46,0
DA:47,0
DA:49,0
DA:50,0
DA:51,0
DA:53,0
DA:54,0
DA:55,0
DA:58,0
DA:59,0
DA:60,0
DA:63,0
DA:64,0
DA:65,0
DA:66,0
DA:67,0
DA:70,0
DA:71,0
DA:72,0
DA:73,0
DA:75,0
DA:76,0
DA:77,0
DA:79,0
DA:80,0
DA:81,0
DA:83,0
DA:88,0
DA:89,0
DA:95,0
DA:96,0
DA:97,0
DA:98,0
DA:99,0
DA:101,0
DA:102,0
DA:105,0
DA:106,0
DA:107,0
DA:109,0
DA:110,0
DA:111,0
DA:112,0
DA:113,0
DA:114,0
DA:115,0
DA:116,0
DA:118,0
DA:119,0
DA:122,0
DA:124,0
DA:125,0
DA:127,0
DA:128,0
DA:129,0
DA:130,0
DA:132,0
DA:138,0
DA:139,0
DA:144,0
DA:145,0
DA:148,0
LF:78
LH:0
BRDA:22,0,0,0
BRDA:22,0,1,0
BRDA:128,1,0,0
BRDA:128,1,1,0
BRF:4
BRH:0
end_of_record
TN:
SF:src\core\services\autosaveService.ts
FN:36,initAutosave
FN:60,detectCrash
FN:73,markCleanShutdown
FN:85,startAutosave
FN:90,(anonymous_4)
FN:103,stopAutosave
FN:115,markDirty
FN:124,performAutosave
FN:148,saveSnapshot
FN:170,addToHistory
FN:189,getLatestAutosave
FN:202,getAutosaveHistory
FN:216,restoreFromSnapshot
FN:226,(anonymous_13)
FN:243,clearAutosave
FN:259,deleteSnapshot
FN:262,(anonymous_16)
FN:274,getAutosaveStatus
FN:289,forceAutosave
FN:300,updateAutosaveInterval
FN:311,exportAutosaveData
FNF:21
FNH:20
FNDA:4,initAutosave
FNDA:4,detectCrash
FNDA:1,markCleanShutdown
FNDA:5,startAutosave
FNDA:0,(anonymous_4)
FNDA:54,stopAutosave
FNDA:4,markDirty
FNDA:2,performAutosave
FNDA:12,saveSnapshot
FNDA:14,addToHistory
FNDA:13,getLatestAutosave
FNDA:9,getAutosaveHistory
FNDA:3,restoreFromSnapshot
FNDA:2,(anonymous_13)
FNDA:1,clearAutosave
FNDA:1,deleteSnapshot
FNDA:1,(anonymous_16)
FNDA:9,getAutosaveStatus
FNDA:2,forceAutosave
FNDA:2,updateAutosaveInterval
FNDA:2,exportAutosaveData
DA:9,1
DA:10,1
DA:11,1
DA:12,1
DA:28,1
DA:29,1
DA:31,1
DA:37,4
DA:39,4
DA:42,4
DA:45,4
DA:46,1
DA:49,4
DA:50,4
DA:52,0
DA:53,0
DA:61,4
DA:62,4
DA:63,4
DA:65,0
DA:66,0
DA:74,1
DA:75,1
DA:76,1
DA:78,0
DA:86,5
DA:87,0
DA:90,5
DA:91,0
DA:92,0
DA:93,0
DA:97,5
DA:104,54
DA:105,5
DA:106,5
DA:107,5
DA:116,4
DA:117,4
DA:125,2
DA:126,2
DA:133,2
DA:136,2
DA:138,2
DA:140,0
DA:149,12
DA:150,12
DA:157,12
DA:158,12
DA:160,12
DA:162,0
DA:163,0
DA:171,14
DA:172,14
DA:175,14
DA:178,14
DA:180,14
DA:182,0
DA:190,13
DA:191,13
DA:192,13
DA:194,0
DA:195,0
DA:203,9
DA:204,9
DA:205,9
DA:207,0
DA:208,0
DA:217,3
DA:219,3
DA:220,3
DA:221,1
DA:225,2
DA:226,2
DA:228,2
DA:229,1
DA:232,1
DA:233,1
DA:235,0
DA:236,0
DA:244,1
DA:245,1
DA:246,1
DA:247,1
DA:248,1
DA:249,1
DA:251,0
DA:252,0
DA:260,1
DA:261,1
DA:262,1
DA:263,1
DA:264,1
DA:266,0
DA:267,0
DA:279,9
DA:290,2
DA:291,2
DA:292,2
DA:293,2
DA:301,2
DA:302,1
DA:303,1
DA:304,1
DA:312,2
DA:313,2
DA:314,2
DA:316,2
DA:323,2
DA:325,0
DA:326,0
LF:110
LH:85
BRDA:45,0,0,1
BRDA:45,0,1,3
BRDA:86,1,0,0
BRDA:86,1,1,5
BRDA:91,2,0,0
BRDA:91,2,1,0
BRDA:91,3,0,0
BRDA:91,3,1,0
BRDA:104,4,0,5
BRDA:104,4,1,49
BRDA:172,5,0,14
BRDA:172,5,1,12
BRDA:192,6,0,13
BRDA:192,6,1,3
BRDA:204,7,0,9
BRDA:204,7,1,2
BRDA:220,8,0,1
BRDA:220,8,1,2
BRDA:220,9,0,3
BRDA:220,9,1,2
BRDA:228,10,0,1
BRDA:228,10,1,1
BRDA:290,11,0,2
BRDA:290,11,1,0
BRDA:301,12,0,1
BRDA:301,12,1,1
BRF:26
BRH:20
end_of_record
TN:
SF:src\core\services\batchPromptService.ts
FN:64,interpolateIdea
FN:66,(anonymous_1)
FN:76,(anonymous_2)
FN:114,(anonymous_3)
FN:134,(anonymous_4)
FN:138,(anonymous_5)
FN:146,(anonymous_6)
FN:157,(anonymous_7)
FN:171,(anonymous_8)
FN:179,(anonymous_9)
FN:193,(anonymous_10)
FN:194,(anonymous_11)
FN:196,(anonymous_12)
FN:208,getTemplateById
FN:210,(anonymous_14)
FN:214,getDefaultPromptState
FNF:16
FNH:16
FNDA:5,interpolateIdea
FNDA:10,(anonymous_1)
FNDA:4,(anonymous_2)
FNDA:5,(anonymous_3)
FNDA:1,(anonymous_4)
FNDA:1,(anonymous_5)
FNDA:5,(anonymous_6)
FNDA:4,(anonymous_7)
FNDA:1,(anonymous_8)
FNDA:6,(anonymous_9)
FNDA:4,(anonymous_10)
FNDA:8,(anonymous_11)
FNDA:9,(anonymous_12)
FNDA:8,getTemplateById
FNDA:10,(anonymous_14)
FNDA:3,getDefaultPromptState
DA:65,5
DA:66,5
DA:67,10
DA:75,1
DA:77,4
DA:78,4
DA:79,4
DA:80,1
DA:83,3
DA:89,3
DA:90,3
DA:91,3
DA:93,3
DA:94,5
DA:96,5
DA:97,5
DA:102,5
DA:103,5
DA:104,5
DA:106,0
DA:107,0
DA:108,0
DA:111,5
DA:114,5
DA:115,3
DA:132,1
DA:139,1
DA:140,1
DA:142,1
DA:147,5
DA:148,1
DA:149,1
DA:150,1
DA:158,4
DA:160,4
DA:161,4
DA:162,4
DA:164,4
DA:165,4
DA:167,4
DA:172,1
DA:180,6
DA:181,6
DA:183,6
DA:184,8
DA:186,6
DA:194,4
DA:195,8
DA:196,8
DA:197,9
DA:199,8
DA:209,8
DA:210,10
DA:215,3
DA:231,1
LF:55
LH:52
BRDA:65,0,0,0
BRDA:65,0,1,5
BRDA:67,1,0,10
BRDA:67,1,1,0
BRDA:67,1,2,0
BRDA:79,2,0,1
BRDA:79,2,1,3
BRDA:94,3,0,0
BRDA:94,3,1,5
BRDA:103,4,0,5
BRDA:103,4,1,5
BRDA:106,5,0,0
BRDA:106,5,1,0
BRDA:139,6,0,1
BRDA:139,6,1,0
BRDA:147,7,0,4
BRDA:147,7,1,1
BRDA:161,8,0,4
BRDA:161,8,1,1
BRDA:164,9,0,2
BRDA:164,9,1,2
BRDA:193,10,0,4
BRDA:210,11,0,8
BRDA:210,11,1,2
BRF:24
BRH:17
end_of_record
TN:
SF:src\core\services\beatDetection.ts
FN:8,(anonymous_0)
FNF:1
FNH:0
FNDA:0,(anonymous_0)
DA:8,0
DA:11,0
DA:14,0
DA:15,0
DA:19,0
DA:20,0
DA:21,0
DA:22,0
DA:25,0
DA:26,0
DA:27,0
DA:30,0
DA:31,0
DA:34,0
DA:35,0
DA:38,0
DA:39,0
DA:41,0
DA:44,0
DA:45,0
DA:46,0
DA:47,0
DA:48,0
DA:50,0
DA:55,0
DA:56,0
DA:57,0
DA:59,0
DA:61,0
DA:63,0
DA:64,0
DA:65,0
DA:66,0
DA:67,0
DA:68,0
DA:70,0
DA:72,0
DA:78,0
DA:79,0
DA:81,0
DA:82,0
DA:83,0
DA:88,0
LF:43
LH:0
BRDA:70,0,0,0
BRDA:70,0,1,0
BRDA:78,1,0,0
BRDA:78,1,1,0
BRDA:78,2,0,0
BRDA:78,2,1,0
BRDA:81,3,0,0
BRDA:81,3,1,0
BRF:8
BRH:0
end_of_record
TN:
SF:src\core\services\colorGradeService.ts
FN:11,(anonymous_0)
FN:59,(anonymous_1)
FNF:2
FNH:0
FNDA:0,(anonymous_0)
FNDA:0,(anonymous_1)
DA:11,0
DA:12,0
DA:13,0
DA:14,0
DA:15,0
DA:16,0
DA:19,0
DA:20,0
DA:21,0
DA:22,0
DA:24,0
DA:26,0
DA:27,0
DA:28,0
DA:29,0
DA:32,0
DA:33,0
DA:34,0
DA:35,0
DA:38,0
DA:39,0
DA:40,0
DA:41,0
DA:42,0
DA:43,0
DA:44,0
DA:47,0
DA:49,0
DA:59,0
DA:60,0
DA:61,0
DA:65,0
DA:69,0
DA:74,0
DA:78,0
DA:79,0
DA:80,0
DA:88,0
DA:89,0
DA:91,0
DA:93,0
DA:105,0
DA:109,0
DA:110,0
DA:112,0
LF:45
LH:0
BRDA:65,0,0,0
BRDA:65,0,1,0
BRDA:69,1,0,0
BRDA:69,1,1,0
BRDA:91,2,0,0
BRDA:91,2,1,0
BRF:6
BRH:0
end_of_record
TN:
SF:src\core\services\communityService.ts
FN:64,(anonymous_0)
FN:64,(anonymous_1)
FN:66,(anonymous_2)
FN:68,(anonymous_3)
FN:71,(anonymous_4)
FN:84,(anonymous_5)
FN:86,(anonymous_6)
FNF:7
FNH:0
FNDA:0,(anonymous_0)
FNDA:0,(anonymous_1)
FNDA:0,(anonymous_2)
FNDA:0,(anonymous_3)
FNDA:0,(anonymous_4)
FNDA:0,(anonymous_5)
FNDA:0,(anonymous_6)
DA:4,0
DA:64,0
DA:66,0
DA:67,0
DA:68,0
DA:71,0
DA:72,0
DA:73,0
DA:81,0
DA:84,0
DA:85,0
DA:86,0
DA:87,0
DA:88,0
DA:89,0
DA:91,0
LF:16
LH:0
BRDA:76,0,0,0
BRDA:76,0,1,0
BRDA:87,1,0,0
BRDA:87,1,1,0
BRF:4
BRH:0
end_of_record
TN:
SF:src\core\services\composerService.ts
FN:602,(anonymous_0)
FN:611,(anonymous_1)
FN:615,(anonymous_2)
FN:616,(anonymous_3)
FN:619,(anonymous_4)
FN:620,(anonymous_5)
FN:623,(anonymous_6)
FN:638,(anonymous_7)
FN:659,(anonymous_8)
FN:663,(anonymous_9)
FN:664,(anonymous_10)
FN:672,(anonymous_11)
FN:685,(anonymous_12)
FN:686,(anonymous_13)
FN:697,(anonymous_14)
FN:698,(anonymous_15)
FN:719,(anonymous_16)
FN:728,(anonymous_17)
FN:746,(anonymous_18)
FN:760,(anonymous_19)
FN:791,(anonymous_20)
FN:832,(anonymous_21)
FN:837,(anonymous_22)
FN:838,(anonymous_23)
FN:858,(anonymous_24)
FN:882,(anonymous_25)
FN:912,(anonymous_26)
FN:955,(anonymous_27)
FN:968,(anonymous_28)
FN:969,(anonymous_29)
FN:973,(anonymous_30)
FN:1002,(anonymous_31)
FN:1037,(anonymous_32)
FN:1068,(anonymous_33)
FN:1099,(anonymous_34)
FN:1128,(anonymous_35)
FN:1155,(anonymous_36)
FN:1193,(anonymous_37)
FN:1194,(anonymous_38)
FN:1212,(anonymous_39)
FN:1229,(anonymous_40)
FN:1229,(anonymous_41)
FN:1256,(anonymous_42)
FN:1273,(anonymous_43)
FN:1282,(anonymous_44)
FN:1286,(anonymous_45)
FNF:46
FNH:39
FNDA:1,(anonymous_0)
FNDA:2,(anonymous_1)
FNDA:71,(anonymous_2)
FNDA:578,(anonymous_3)
FNDA:1,(anonymous_4)
FNDA:28,(anonymous_5)
FNDA:1,(anonymous_6)
FNDA:55,(anonymous_7)
FNDA:54,(anonymous_8)
FNDA:144,(anonymous_9)
FNDA:144,(anonymous_10)
FNDA:6,(anonymous_11)
FNDA:5,(anonymous_12)
FNDA:9,(anonymous_13)
FNDA:7,(anonymous_14)
FNDA:4,(anonymous_15)
FNDA:2,(anonymous_16)
FNDA:0,(anonymous_17)
FNDA:3,(anonymous_18)
FNDA:5,(anonymous_19)
FNDA:13,(anonymous_20)
FNDA:5,(anonymous_21)
FNDA:9,(anonymous_22)
FNDA:5,(anonymous_23)
FNDA:10,(anonymous_24)
FNDA:6,(anonymous_25)
FNDA:6,(anonymous_26)
FNDA:6,(anonymous_27)
FNDA:6,(anonymous_28)
FNDA:20,(anonymous_29)
FNDA:3,(anonymous_30)
FNDA:0,(anonymous_31)
FNDA:1,(anonymous_32)
FNDA:0,(anonymous_33)
FNDA:0,(anonymous_34)
FNDA:0,(anonymous_35)
FNDA:0,(anonymous_36)
FNDA:2,(anonymous_37)
FNDA:3,(anonymous_38)
FNDA:3,(anonymous_39)
FNDA:4,(anonymous_40)
FNDA:5,(anonymous_41)
FNDA:4,(anonymous_42)
FNDA:3,(anonymous_43)
FNDA:54,(anonymous_44)
FNDA:0,(anonymous_45)
DA:23,1
DA:603,1
DA:604,1
DA:606,1
DA:612,2
DA:616,578
DA:620,28
DA:624,1
DA:639,55
DA:640,55
DA:641,1
DA:642,1
DA:645,54
DA:660,54
DA:662,54
DA:663,144
DA:664,144
DA:666,54
DA:667,54
DA:681,6
DA:682,1
DA:685,5
DA:686,9
DA:687,5
DA:688,1
DA:691,4
DA:692,4
DA:693,4
DA:694,0
DA:697,7
DA:698,4
DA:699,4
DA:700,0
DA:704,4
DA:705,1
DA:709,3
DA:710,0
DA:717,3
DA:718,3
DA:719,2
DA:721,3
DA:722,2
DA:727,1
DA:729,0
DA:734,1
DA:735,0
DA:739,1
DA:740,0
DA:743,1
DA:747,3
DA:748,3
DA:750,0
DA:751,0
DA:767,5
DA:768,5
DA:770,5
DA:771,8
DA:772,8
DA:773,6
DA:774,6
DA:777,6
DA:778,7
DA:779,3
DA:784,3
DA:792,13
DA:793,13
DA:795,13
DA:796,23
DA:797,23
DA:800,13
DA:801,15
DA:802,15
DA:803,15
DA:806,13
DA:807,13
DA:808,23
DA:811,13
DA:812,13
DA:813,19
DA:814,19
DA:816,19
DA:817,11
DA:818,11
DA:819,11
DA:823,13
DA:824,2
DA:827,11
DA:837,9
DA:838,5
DA:840,5
DA:841,5
DA:842,1
DA:852,4
DA:853,4
DA:854,4
DA:855,4
DA:857,4
DA:858,10
DA:859,6
DA:860,6
DA:863,6
DA:864,6
DA:865,8
DA:866,3
DA:867,3
DA:868,3
DA:874,6
DA:875,6
DA:876,6
DA:877,6
DA:878,6
DA:882,6
DA:883,4
DA:885,4
DA:886,2
DA:888,2
DA:889,2
DA:890,2
DA:891,2
DA:892,2
DA:893,2
DA:897,2
DA:900,4
DA:902,4
DA:918,6
DA:919,6
DA:920,6
DA:922,6
DA:924,6
DA:925,6
DA:927,3
DA:928,3
DA:930,0
DA:931,0
DA:933,1
DA:934,1
DA:936,0
DA:937,0
DA:939,0
DA:940,0
DA:942,0
DA:943,0
DA:945,0
DA:946,0
DA:948,2
DA:949,2
DA:951,0
DA:955,6
DA:956,6
DA:957,0
DA:960,0
DA:965,6
DA:969,20
DA:970,6
DA:974,3
DA:975,3
DA:977,3
DA:979,3
DA:980,3
DA:981,3
DA:982,3
DA:983,3
DA:984,3
DA:985,3
DA:988,0
DA:989,0
DA:991,0
DA:992,0
DA:994,0
DA:995,0
DA:998,3
DA:999,3
DA:1003,0
DA:1004,0
DA:1006,0
DA:1008,0
DA:1009,0
DA:1010,0
DA:1011,0
DA:1012,0
DA:1013,0
DA:1016,0
DA:1017,0
DA:1018,0
DA:1021,0
DA:1022,0
DA:1023,0
DA:1026,0
DA:1027,0
DA:1028,0
DA:1029,0
DA:1030,0
DA:1034,0
DA:1038,1
DA:1040,1
DA:1042,1
DA:1043,1
DA:1044,1
DA:1047,0
DA:1048,0
DA:1049,0
DA:1050,0
DA:1051,0
DA:1054,0
DA:1055,0
DA:1056,0
DA:1059,0
DA:1060,0
DA:1061,0
DA:1065,1
DA:1069,0
DA:1070,0
DA:1072,0
DA:1074,0
DA:1075,0
DA:1076,0
DA:1079,0
DA:1080,0
DA:1081,0
DA:1082,0
DA:1085,0
DA:1086,0
DA:1087,0
DA:1090,0
DA:1091,0
DA:1092,0
DA:1096,0
DA:1100,0
DA:1102,0
DA:1104,0
DA:1105,0
DA:1106,0
DA:1109,0
DA:1110,0
DA:1111,0
DA:1114,0
DA:1115,0
DA:1116,0
DA:1119,0
DA:1120,0
DA:1121,0
DA:1125,0
DA:1129,0
DA:1131,0
DA:1133,0
DA:1134,0
DA:1135,0
DA:1138,0
DA:1139,0
DA:1140,0
DA:1143,0
DA:1144,0
DA:1145,0
DA:1149,0
DA:1150,0
DA:1152,0
DA:1162,0
DA:1164,0
DA:1165,0
DA:1166,0
DA:1168,0
DA:1169,0
DA:1171,0
DA:1173,0
DA:1174,0
DA:1175,0
DA:1178,0
DA:1179,0
DA:1180,0
DA:1181,0
DA:1182,0
DA:1185,0
DA:1186,0
DA:1187,0
DA:1188,0
DA:1194,3
DA:1195,2
DA:1197,2
DA:1198,2
DA:1199,0
DA:1201,0
DA:1202,0
DA:1203,0
DA:1207,2
DA:1213,3
DA:1214,3
DA:1217,3
DA:1218,3
DA:1220,3
DA:1221,4
DA:1224,3
DA:1225,2
DA:1229,5
DA:1231,3
DA:1232,2
DA:1235,3
DA:1236,4
DA:1237,4
DA:1238,2
DA:1239,2
DA:1244,3
DA:1245,3
DA:1246,4
DA:1247,4
DA:1251,3
DA:1252,3
DA:1253,3
DA:1254,3
DA:1256,3
DA:1257,4
DA:1258,4
DA:1259,4
DA:1261,4
DA:1274,3
DA:1283,54
DA:1287,0
DA:1291,1
LF:317
LH:188
BRDA:603,0,0,1
BRDA:603,0,1,0
BRDA:640,1,0,1
BRDA:640,1,1,54
BRDA:681,2,0,1
BRDA:681,2,1,5
BRDA:687,3,0,1
BRDA:687,3,1,4
BRDA:687,4,0,5
BRDA:687,4,1,4
BRDA:693,5,0,0
BRDA:693,5,1,4
BRDA:693,6,0,4
BRDA:693,6,1,4
BRDA:699,7,0,0
BRDA:699,7,1,4
BRDA:699,8,0,4
BRDA:699,8,1,4
BRDA:704,9,0,1
BRDA:704,9,1,3
BRDA:704,10,0,4
BRDA:704,10,1,3
BRDA:709,11,0,0
BRDA:709,11,1,3
BRDA:717,12,0,3
BRDA:717,12,1,0
BRDA:719,13,0,2
BRDA:719,13,1,2
BRDA:721,14,0,2
BRDA:721,14,1,1
BRDA:729,15,0,0
BRDA:729,15,1,0
BRDA:729,15,2,0
BRDA:729,15,3,0
BRDA:734,16,0,0
BRDA:734,16,1,1
BRDA:739,17,0,0
BRDA:739,17,1,1
BRDA:747,18,0,0
BRDA:747,18,1,3
BRDA:747,19,0,3
BRDA:747,19,1,3
BRDA:748,20,0,3
BRDA:748,20,1,0
BRDA:750,21,0,0
BRDA:750,21,1,0
BRDA:772,22,0,2
BRDA:772,22,1,6
BRDA:773,23,0,0
BRDA:773,23,1,6
BRDA:778,24,0,3
BRDA:778,24,1,4
BRDA:801,25,0,15
BRDA:801,25,1,0
BRDA:808,26,0,10
BRDA:808,26,1,13
BRDA:816,27,0,19
BRDA:816,27,1,0
BRDA:817,28,0,11
BRDA:817,28,1,0
BRDA:819,29,0,9
BRDA:819,29,1,2
BRDA:823,30,0,2
BRDA:823,30,1,11
BRDA:835,31,0,5
BRDA:841,32,0,1
BRDA:841,32,1,4
BRDA:860,33,0,0
BRDA:860,33,1,6
BRDA:865,34,0,3
BRDA:865,34,1,5
BRDA:867,35,0,3
BRDA:867,35,1,0
BRDA:867,36,0,3
BRDA:867,36,1,3
BRDA:885,37,0,2
BRDA:885,37,1,2
BRDA:891,38,0,2
BRDA:891,38,1,0
BRDA:893,39,0,2
BRDA:893,39,1,0
BRDA:922,40,0,6
BRDA:922,40,1,6
BRDA:925,41,0,3
BRDA:925,41,1,0
BRDA:925,41,2,1
BRDA:925,41,3,0
BRDA:925,41,4,0
BRDA:925,41,5,0
BRDA:925,41,6,0
BRDA:925,41,7,2
BRDA:925,41,8,0
BRDA:956,42,0,0
BRDA:956,42,1,6
BRDA:961,43,0,0
BRDA:961,43,1,0
BRDA:970,44,0,6
BRDA:970,44,1,2
BRDA:977,45,0,3
BRDA:977,45,1,0
BRDA:977,45,2,0
BRDA:977,45,3,0
BRDA:979,46,0,3
BRDA:979,46,1,0
BRDA:980,47,0,3
BRDA:980,47,1,1
BRDA:981,48,0,3
BRDA:981,48,1,3
BRDA:982,49,0,3
BRDA:982,49,1,0
BRDA:983,50,0,2
BRDA:983,50,1,1
BRDA:984,51,0,0
BRDA:984,51,1,3
BRDA:988,52,0,0
BRDA:988,52,1,0
BRDA:991,53,0,0
BRDA:991,53,1,0
BRDA:994,54,0,0
BRDA:994,54,1,0
BRDA:998,55,0,0
BRDA:998,55,1,3
BRDA:1004,56,0,0
BRDA:1004,56,1,0
BRDA:1006,57,0,0
BRDA:1006,57,1,0
BRDA:1006,57,2,0
BRDA:1006,57,3,0
BRDA:1008,58,0,0
BRDA:1008,58,1,0
BRDA:1009,59,0,0
BRDA:1009,59,1,0
BRDA:1010,60,0,0
BRDA:1010,60,1,0
BRDA:1011,61,0,0
BRDA:1011,61,1,0
BRDA:1012,62,0,0
BRDA:1012,62,1,0
BRDA:1016,63,0,0
BRDA:1016,63,1,0
BRDA:1017,64,0,0
BRDA:1017,64,1,0
BRDA:1021,65,0,0
BRDA:1021,65,1,0
BRDA:1022,66,0,0
BRDA:1022,66,1,0
BRDA:1026,67,0,0
BRDA:1026,67,1,0
BRDA:1027,68,0,0
BRDA:1027,68,1,0
BRDA:1028,69,0,0
BRDA:1028,69,1,0
BRDA:1029,70,0,0
BRDA:1029,70,1,0
BRDA:1040,71,0,1
BRDA:1040,71,1,0
BRDA:1040,71,2,0
BRDA:1040,71,3,0
BRDA:1042,72,0,1
BRDA:1042,72,1,0
BRDA:1043,73,0,1
BRDA:1043,73,1,0
BRDA:1043,74,0,1
BRDA:1043,74,1,1
BRDA:1047,75,0,0
BRDA:1047,75,1,0
BRDA:1048,76,0,0
BRDA:1048,76,1,0
BRDA:1049,77,0,0
BRDA:1049,77,1,0
BRDA:1050,78,0,0
BRDA:1050,78,1,0
BRDA:1054,79,0,0
BRDA:1054,79,1,0
BRDA:1055,80,0,0
BRDA:1055,80,1,0
BRDA:1059,81,0,0
BRDA:1059,81,1,0
BRDA:1060,82,0,0
BRDA:1060,82,1,0
BRDA:1070,83,0,0
BRDA:1070,83,1,0
BRDA:1072,84,0,0
BRDA:1072,84,1,0
BRDA:1072,84,2,0
BRDA:1072,84,3,0
BRDA:1074,85,0,0
BRDA:1074,85,1,0
BRDA:1075,86,0,0
BRDA:1075,86,1,0
BRDA:1079,87,0,0
BRDA:1079,87,1,0
BRDA:1080,88,0,0
BRDA:1080,88,1,0
BRDA:1081,89,0,0
BRDA:1081,89,1,0
BRDA:1085,90,0,0
BRDA:1085,90,1,0
BRDA:1086,91,0,0
BRDA:1086,91,1,0
BRDA:1090,92,0,0
BRDA:1090,92,1,0
BRDA:1091,93,0,0
BRDA:1091,93,1,0
BRDA:1102,94,0,0
BRDA:1102,94,1,0
BRDA:1102,94,2,0
BRDA:1102,94,3,0
BRDA:1104,95,0,0
BRDA:1104,95,1,0
BRDA:1105,96,0,0
BRDA:1105,96,1,0
BRDA:1109,97,0,0
BRDA:1109,97,1,0
BRDA:1110,98,0,0
BRDA:1110,98,1,0
BRDA:1114,99,0,0
BRDA:1114,99,1,0
BRDA:1115,100,0,0
BRDA:1115,100,1,0
BRDA:1119,101,0,0
BRDA:1119,101,1,0
BRDA:1120,102,0,0
BRDA:1120,102,1,0
BRDA:1131,103,0,0
BRDA:1131,103,1,0
BRDA:1131,103,2,0
BRDA:1133,104,0,0
BRDA:1133,104,1,0
BRDA:1138,105,0,0
BRDA:1138,105,1,0
BRDA:1139,106,0,0
BRDA:1139,106,1,0
BRDA:1143,107,0,0
BRDA:1143,107,1,0
BRDA:1150,108,0,0
BRDA:1150,108,1,0
BRDA:1162,109,0,0
BRDA:1162,109,1,0
BRDA:1162,109,2,0
BRDA:1164,110,0,0
BRDA:1164,110,1,0
BRDA:1165,111,0,0
BRDA:1165,111,1,0
BRDA:1168,112,0,0
BRDA:1168,112,1,0
BRDA:1168,113,0,0
BRDA:1168,113,1,0
BRDA:1169,114,0,0
BRDA:1169,114,1,0
BRDA:1171,115,0,0
BRDA:1171,115,1,0
BRDA:1173,116,0,0
BRDA:1173,116,1,0
BRDA:1174,117,0,0
BRDA:1174,117,1,0
BRDA:1178,118,0,0
BRDA:1178,118,1,0
BRDA:1179,119,0,0
BRDA:1179,119,1,0
BRDA:1180,120,0,0
BRDA:1180,120,1,0
BRDA:1185,121,0,0
BRDA:1185,121,1,0
BRDA:1186,122,0,0
BRDA:1186,122,1,0
BRDA:1187,123,0,0
BRDA:1187,123,1,0
BRDA:1194,124,0,3
BRDA:1194,124,1,3
BRDA:1195,125,0,2
BRDA:1195,125,1,0
BRDA:1198,126,0,0
BRDA:1198,126,1,2
BRDA:1202,127,0,0
BRDA:1202,127,1,0
BRDA:1214,128,0,0
BRDA:1214,128,1,3
BRDA:1236,129,0,4
BRDA:1236,129,1,0
BRDA:1237,130,0,4
BRDA:1237,130,1,0
BRDA:1238,131,0,2
BRDA:1238,131,1,2
BRDA:1246,132,0,4
BRDA:1246,132,1,0
BRDA:1257,133,0,4
BRDA:1257,133,1,0
BRDA:1258,134,0,4
BRDA:1258,134,1,0
BRF:290
BRH:94
end_of_record
TN:
SF:src\core\services\crashCounterService.ts
FN:7,isSuppressedByDevHmr
FN:27,initCrashCounterGuards
FN:30,(anonymous_2)
FN:35,incrementCrashCounterFromComponentDidCatch
FNF:4
FNH:0
FNDA:0,isSuppressedByDevHmr
FNDA:0,initCrashCounterGuards
FNDA:0,(anonymous_2)
FNDA:0,incrementCrashCounterFromComponentDidCatch
DA:1,0
DA:2,0
DA:3,0
DA:4,0
DA:5,0
DA:8,0
DA:10,0
DA:11,0
DA:13,0
DA:14,0
DA:15,0
DA:16,0
DA:19,0
DA:20,0
DA:21,0
DA:24,0
DA:28,0
DA:30,0
DA:31,0
DA:36,0
DA:37,0
DA:39,0
DA:40,0
DA:41,0
DA:43,0
DA:44,0
DA:45,0
LF:27
LH:0
BRDA:8,0,0,0
BRDA:8,0,1,0
BRDA:11,1,0,0
BRDA:11,1,1,0
BRDA:14,2,0,0
BRDA:14,2,1,0
BRDA:20,3,0,0
BRDA:20,3,1,0
BRDA:28,4,0,0
BRDA:28,4,1,0
BRDA:28,5,0,0
BRDA:28,5,1,0
BRDA:36,6,0,0
BRDA:36,6,1,0
BRDA:37,7,0,0
BRDA:37,7,1,0
BRDA:40,8,0,0
BRDA:40,8,1,0
BRDA:41,9,0,0
BRDA:41,9,1,0
BRF:20
BRH:0
end_of_record
TN:
SF:src\core\services\crashReporterService.ts
FN:45,generateId
FN:53,(anonymous_1)
FN:65,(anonymous_2)
FN:74,(anonymous_3)
FN:115,(anonymous_4)
FN:190,(anonymous_5)
FN:208,(anonymous_6)
FN:227,(anonymous_7)
FN:255,(anonymous_8)
FN:259,(anonymous_9)
FN:268,(anonymous_10)
FN:316,(anonymous_11)
FN:321,(anonymous_12)
FN:326,(anonymous_13)
FN:328,(anonymous_14)
FN:332,(anonymous_15)
FN:336,(anonymous_16)
FN:346,(anonymous_17)
FN:353,(anonymous_18)
FN:361,(anonymous_19)
FN:368,(anonymous_20)
FN:376,(anonymous_21)
FN:377,(anonymous_22)
FN:385,(anonymous_23)
FN:387,(anonymous_24)
FN:394,(anonymous_25)
FN:396,(anonymous_26)
FN:405,(anonymous_27)
FN:413,(anonymous_28)
FN:416,(anonymous_29)
FN:426,(anonymous_30)
FN:441,(anonymous_31)
FN:466,(anonymous_32)
FN:468,(anonymous_33)
FN:475,(anonymous_34)
FN:492,(anonymous_35)
FN:499,(anonymous_36)
FN:506,(anonymous_37)
FNF:38
FNH:35
FNDA:37,generateId
FNDA:1,(anonymous_1)
FNDA:1,(anonymous_2)
FNDA:2,(anonymous_3)
FNDA:38,(anonymous_4)
FNDA:1,(anonymous_5)
FNDA:2,(anonymous_6)
FNDA:2,(anonymous_7)
FNDA:3,(anonymous_8)
FNDA:3,(anonymous_9)
FNDA:2,(anonymous_10)
FNDA:5,(anonymous_11)
FNDA:1,(anonymous_12)
FNDA:1,(anonymous_13)
FNDA:1,(anonymous_14)
FNDA:55,(anonymous_15)
FNDA:63,(anonymous_16)
FNDA:1,(anonymous_17)
FNDA:9,(anonymous_18)
FNDA:3,(anonymous_19)
FNDA:2,(anonymous_20)
FNDA:1,(anonymous_21)
FNDA:1,(anonymous_22)
FNDA:2,(anonymous_23)
FNDA:2,(anonymous_24)
FNDA:52,(anonymous_25)
FNDA:1,(anonymous_26)
FNDA:41,(anonymous_27)
FNDA:37,(anonymous_28)
FNDA:25,(anonymous_29)
FNDA:2,(anonymous_30)
FNDA:36,(anonymous_31)
FNDA:0,(anonymous_32)
FNDA:0,(anonymous_33)
FNDA:0,(anonymous_34)
FNDA:36,(anonymous_35)
FNDA:36,(anonymous_36)
FNDA:36,(anonymous_37)
DA:26,1
DA:27,1
DA:28,1
DA:31,1
DA:33,1
DA:46,37
DA:49,1
DA:56,1
DA:57,1
DA:58,1
DA:59,1
DA:60,1
DA:61,1
DA:62,1
DA:63,1
DA:66,1
DA:67,1
DA:69,1
DA:75,2
DA:77,0
DA:79,0
DA:80,0
DA:81,0
DA:85,0
DA:86,0
DA:87,0
DA:91,0
DA:92,0
DA:93,0
DA:97,0
DA:99,0
DA:100,0
DA:105,0
DA:106,0
DA:123,38
DA:126,37
DA:127,1
DA:128,1
DA:131,36
DA:132,36
DA:134,36
DA:152,38
DA:153,38
DA:156,38
DA:157,2
DA:161,36
DA:164,36
DA:167,36
DA:170,36
DA:172,36
DA:179,36
DA:181,0
DA:184,36
DA:195,1
DA:212,2
DA:213,2
DA:215,2
DA:232,2
DA:233,1
DA:241,1
DA:256,3
DA:260,3
DA:261,1
DA:264,2
DA:265,2
DA:267,2
DA:268,2
DA:273,2
DA:274,2
DA:276,2
DA:277,2
DA:278,2
DA:280,2
DA:287,2
DA:288,1
DA:289,1
DA:290,1
DA:292,1
DA:293,1
DA:294,1
DA:297,0
DA:298,0
DA:299,0
DA:303,2
DA:304,2
DA:306,2
DA:307,2
DA:309,2
DA:310,2
DA:317,5
DA:322,1
DA:327,1
DA:328,1
DA:333,55
DA:336,63
DA:347,1
DA:354,9
DA:355,9
DA:356,9
DA:357,9
DA:362,3
DA:369,2
DA:370,2
DA:371,2
DA:372,2
DA:377,1
DA:378,1
DA:379,1
DA:386,2
DA:387,2
DA:388,2
DA:395,52
DA:396,52
DA:397,1
DA:398,1
DA:406,41
DA:407,41
DA:409,0
DA:414,37
DA:415,37
DA:416,37
DA:418,37
DA:419,1
DA:422,36
DA:423,36
DA:428,2
DA:430,2
DA:431,2
DA:433,0
DA:434,0
DA:437,2
DA:438,2
DA:442,36
DA:444,0
DA:445,0
DA:447,0
DA:448,0
DA:468,0
DA:469,0
DA:475,0
DA:476,0
DA:477,0
DA:493,36
DA:494,0
DA:496,36
DA:500,36
DA:501,0
DA:503,36
DA:507,36
DA:508,0
DA:510,36
DA:514,1
LF:152
LH:118
BRDA:31,0,0,1
BRDA:31,0,1,1
BRDA:31,0,2,0
BRDA:66,1,0,1
BRDA:66,1,1,0
BRDA:75,2,0,2
BRDA:75,2,1,0
BRDA:80,3,0,0
BRDA:80,3,1,0
BRDA:86,4,0,0
BRDA:86,4,1,0
BRDA:92,5,0,0
BRDA:92,5,1,0
BRDA:123,6,0,1
BRDA:123,6,1,37
BRDA:126,7,0,1
BRDA:126,7,1,36
BRDA:141,8,0,36
BRDA:141,8,1,30
BRDA:142,9,0,38
BRDA:142,9,1,30
BRDA:144,10,0,38
BRDA:144,10,1,31
BRDA:145,11,0,36
BRDA:145,11,1,0
BRDA:146,12,0,38
BRDA:146,12,1,32
BRDA:156,13,0,2
BRDA:156,13,1,36
BRDA:179,14,0,0
BRDA:179,14,1,36
BRDA:212,15,0,1
BRDA:212,15,1,1
BRDA:213,16,0,1
BRDA:213,16,1,1
BRDA:232,17,0,1
BRDA:232,17,1,1
BRDA:260,18,0,1
BRDA:260,18,1,2
BRDA:260,19,0,3
BRDA:260,19,1,2
BRDA:268,20,0,2
BRDA:268,20,1,0
BRDA:268,20,2,2
BRDA:287,21,0,1
BRDA:287,21,1,1
BRDA:298,22,0,0
BRDA:298,22,1,0
BRDA:327,23,0,1
BRDA:327,23,1,0
BRDA:336,24,0,63
BRDA:336,24,1,2
BRDA:340,25,0,42
BRDA:340,25,1,13
BRDA:418,26,0,1
BRDA:418,26,1,36
BRDA:433,27,0,0
BRDA:433,27,1,0
BRDA:433,28,0,0
BRDA:433,28,1,0
BRDA:442,29,0,36
BRDA:442,29,1,0
BRDA:445,30,0,0
BRDA:445,30,1,0
BRDA:459,31,0,0
BRDA:459,31,1,0
BRDA:476,32,0,0
BRDA:476,32,1,0
BRDA:478,33,0,0
BRDA:478,33,1,0
BRDA:483,34,0,0
BRDA:483,34,1,0
BRDA:484,35,0,0
BRDA:484,35,1,0
BRDA:485,36,0,0
BRDA:485,36,1,0
BRDA:493,37,0,0
BRDA:493,37,1,36
BRDA:494,38,0,0
BRDA:494,38,1,0
BRDA:496,39,0,36
BRDA:496,39,1,0
BRDA:500,40,0,0
BRDA:500,40,1,36
BRDA:501,41,0,0
BRDA:501,41,1,0
BRDA:507,42,0,0
BRDA:507,42,1,36
BRDA:508,43,0,0
BRDA:508,43,1,0
BRF:90
BRH:46
end_of_record
TN:
SF:src\core\services\dataMigrationService.ts
FN:39,(anonymous_0)
FN:56,(anonymous_1)
FN:42,(anonymous_2)
FN:69,(anonymous_3)
FN:82,(anonymous_4)
FN:113,(anonymous_5)
FN:116,(anonymous_6)
FN:116,(anonymous_7)
FN:128,(anonymous_8)
FN:140,(anonymous_9)
FN:148,(anonymous_10)
FN:159,(anonymous_11)
FN:162,(anonymous_12)
FN:176,(anonymous_13)
FN:195,(anonymous_14)
FN:220,(anonymous_15)
FNF:16
FNH:14
FNDA:1,(anonymous_0)
FNDA:7,(anonymous_1)
FNDA:1,(anonymous_2)
FNDA:8,(anonymous_3)
FNDA:8,(anonymous_4)
FNDA:0,(anonymous_5)
FNDA:7,(anonymous_6)
FNDA:0,(anonymous_7)
FNDA:11,(anonymous_8)
FNDA:2,(anonymous_9)
FNDA:1,(anonymous_10)
FNDA:7,(anonymous_11)
FNDA:4,(anonymous_12)
FNDA:4,(anonymous_13)
FNDA:7,(anonymous_14)
FNDA:7,(anonymous_15)
DA:21,1
DA:24,1
DA:43,1
DA:44,1
DA:46,1
DA:52,1
DA:57,7
DA:58,7
DA:70,8
DA:78,8
DA:79,8
DA:80,8
DA:82,8
DA:84,8
DA:85,1
DA:86,1
DA:89,7
DA:95,7
DA:96,7
DA:97,7
DA:98,7
DA:99,7
DA:100,7
DA:101,7
DA:103,0
DA:104,0
DA:106,0
DA:111,7
DA:113,0
DA:116,7
DA:118,7
DA:120,0
DA:121,0
DA:129,11
DA:130,11
DA:131,11
DA:133,0
DA:141,2
DA:142,2
DA:149,1
DA:160,7
DA:161,7
DA:162,7
DA:164,7
DA:167,2
DA:168,2
DA:169,2
DA:170,2
DA:171,2
DA:176,4
DA:178,2
DA:179,1
DA:180,1
DA:183,1
DA:184,1
DA:186,0
DA:196,7
DA:197,7
DA:199,7
DA:201,2
DA:202,2
DA:203,2
DA:204,1
DA:205,1
DA:206,1
DA:210,2
DA:211,1
DA:214,0
DA:221,7
DA:240,1
LF:70
LH:61
BRDA:43,0,0,1
BRDA:43,0,1,0
BRDA:84,1,0,1
BRDA:84,1,1,7
BRDA:131,2,0,11
BRDA:131,2,1,9
BRDA:164,3,0,5
BRDA:164,3,1,2
BRDA:178,4,0,1
BRDA:178,4,1,1
BRDA:199,5,0,5
BRDA:199,5,1,2
BRDA:203,6,0,1
BRDA:203,6,1,1
BRDA:210,7,0,1
BRDA:210,7,1,1
BRF:16
BRH:15
end_of_record
TN:
SF:src\core\services\databaseService.ts
FN:52,(anonymous_0)
FN:59,(anonymous_1)
FN:83,(anonymous_2)
FN:95,(anonymous_3)
FN:102,(anonymous_4)
FN:106,(anonymous_5)
FN:146,(anonymous_6)
FN:148,(anonymous_7)
FN:156,(anonymous_8)
FN:173,(anonymous_9)
FN:177,(anonymous_10)
FN:180,(anonymous_11)
FN:184,(anonymous_12)
FN:189,(anonymous_13)
FN:213,(anonymous_14)
FN:214,(anonymous_15)
FN:217,(anonymous_16)
FN:221,(anonymous_17)
FN:226,(anonymous_18)
FN:236,(anonymous_19)
FN:247,(anonymous_20)
FN:260,(anonymous_21)
FN:273,(anonymous_22)
FN:286,(anonymous_23)
FN:299,(anonymous_24)
FN:314,(anonymous_25)
FN:324,(anonymous_26)
FN:353,(anonymous_27)
FN:366,(anonymous_28)
FN:400,(anonymous_29)
FN:416,(anonymous_30)
FN:436,(anonymous_31)
FN:475,(anonymous_32)
FN:488,(anonymous_33)
FN:501,(anonymous_34)
FNF:35
FNH:19
FNDA:1,(anonymous_0)
FNDA:2,(anonymous_1)
FNDA:5,(anonymous_2)
FNDA:0,(anonymous_3)
FNDA:1,(anonymous_4)
FNDA:0,(anonymous_5)
FNDA:0,(anonymous_6)
FNDA:0,(anonymous_7)
FNDA:0,(anonymous_8)
FNDA:0,(anonymous_9)
FNDA:0,(anonymous_10)
FNDA:0,(anonymous_11)
FNDA:0,(anonymous_12)
FNDA:0,(anonymous_13)
FNDA:0,(anonymous_14)
FNDA:0,(anonymous_15)
FNDA:0,(anonymous_16)
FNDA:0,(anonymous_17)
FNDA:0,(anonymous_18)
FNDA:9,(anonymous_19)
FNDA:3,(anonymous_20)
FNDA:5,(anonymous_21)
FNDA:2,(anonymous_22)
FNDA:19,(anonymous_23)
FNDA:9,(anonymous_24)
FNDA:38,(anonymous_25)
FNDA:3,(anonymous_26)
FNDA:12,(anonymous_27)
FNDA:3,(anonymous_28)
FNDA:4,(anonymous_29)
FNDA:2,(anonymous_30)
FNDA:0,(anonymous_31)
FNDA:1,(anonymous_32)
FNDA:2,(anonymous_33)
FNDA:3,(anonymous_34)
DA:43,1
DA:44,1
DA:45,1
DA:47,1
DA:49,1
DA:50,1
DA:53,1
DA:60,2
DA:61,2
DA:63,2
DA:64,0
DA:69,0
DA:70,0
DA:73,2
DA:75,0
DA:76,0
DA:84,5
DA:85,5
DA:86,5
DA:88,0
DA:96,0
DA:104,1
DA:108,0
DA:109,0
DA:110,0
DA:111,0
DA:112,0
DA:116,0
DA:117,0
DA:118,0
DA:119,0
DA:120,0
DA:124,0
DA:125,0
DA:126,0
DA:127,0
DA:131,0
DA:132,0
DA:133,0
DA:136,0
DA:147,0
DA:148,0
DA:151,0
DA:152,0
DA:156,0
DA:158,0
DA:159,0
DA:160,0
DA:165,0
DA:166,0
DA:177,0
DA:178,0
DA:180,0
DA:181,0
DA:184,0
DA:185,0
DA:186,0
DA:189,0
DA:190,0
DA:191,0
DA:194,0
DA:195,0
DA:196,0
DA:197,0
DA:199,0
DA:203,0
DA:214,0
DA:215,0
DA:217,0
DA:218,0
DA:221,0
DA:222,0
DA:223,0
DA:226,0
DA:227,0
DA:237,9
DA:238,8
DA:239,8
DA:241,9
DA:248,3
DA:249,3
DA:250,3
DA:252,0
DA:253,0
DA:261,5
DA:262,5
DA:263,5
DA:265,0
DA:266,0
DA:274,2
DA:275,2
DA:276,2
DA:278,0
DA:279,0
DA:287,19
DA:288,19
DA:289,19
DA:291,0
DA:292,0
DA:300,9
DA:301,9
DA:302,9
DA:303,9
DA:305,0
DA:306,0
DA:315,38
DA:316,5
DA:318,38
DA:325,3
DA:326,3
DA:328,3
DA:330,3
DA:331,12
DA:333,12
DA:335,12
DA:336,0
DA:337,0
DA:338,0
DA:342,12
DA:345,3
DA:351,3
DA:353,12
DA:356,3
DA:358,0
DA:359,0
DA:367,3
DA:369,3
DA:370,1
DA:374,2
DA:375,8
DA:379,2
DA:380,8
DA:381,2
DA:382,2
DA:387,2
DA:392,1
DA:393,1
DA:401,4
DA:402,4
DA:403,0
DA:404,0
DA:406,4
DA:408,0
DA:409,0
DA:417,2
DA:418,2
DA:420,2
DA:423,2
DA:424,2
DA:425,2
DA:427,0
DA:428,0
DA:429,0
DA:430,0
DA:431,0
DA:436,0
DA:439,0
DA:440,0
DA:441,0
DA:442,0
DA:445,0
DA:452,2
DA:453,4
DA:454,4
DA:455,1
DA:456,1
DA:457,1
DA:458,1
DA:463,2
DA:467,0
DA:468,0
DA:476,1
DA:477,1
DA:478,1
DA:480,0
DA:481,0
DA:489,2
DA:490,2
DA:491,2
DA:493,1
DA:494,1
DA:510,3
DA:512,3
DA:513,3
DA:514,3
DA:515,3
DA:518,3
DA:519,2
DA:523,3
DA:524,0
DA:527,3
DA:537,0
DA:538,0
DA:547,1
LF:194
LH:97
BRDA:63,0,0,0
BRDA:63,0,1,2
BRDA:86,1,0,5
BRDA:86,1,1,2
BRDA:108,2,0,0
BRDA:108,2,1,0
BRDA:116,3,0,0
BRDA:116,3,1,0
BRDA:124,4,0,0
BRDA:124,4,1,0
BRDA:131,5,0,0
BRDA:131,5,1,0
BRDA:148,6,0,0
BRDA:148,6,1,0
BRDA:151,7,0,0
BRDA:151,7,1,0
BRDA:237,8,0,8
BRDA:237,8,1,1
BRDA:315,9,0,5
BRDA:315,9,1,33
BRDA:337,10,0,0
BRDA:337,10,1,0
BRDA:369,11,0,1
BRDA:369,11,1,2
BRDA:369,12,0,3
BRDA:369,12,1,2
BRDA:381,13,0,2
BRDA:381,13,1,0
BRDA:402,14,0,0
BRDA:402,14,1,4
BRDA:402,15,0,4
BRDA:402,15,1,0
BRDA:404,16,0,0
BRDA:404,16,1,0
BRDA:425,17,0,0
BRDA:425,17,1,2
BRDA:430,18,0,0
BRDA:430,18,1,0
BRDA:436,19,0,0
BRDA:436,19,1,0
BRDA:436,20,0,0
BRDA:436,20,1,0
BRDA:456,21,0,1
BRDA:456,21,1,0
BRDA:456,22,0,1
BRDA:456,22,1,1
BRDA:518,23,0,2
BRDA:518,23,1,1
BRDA:523,24,0,0
BRDA:523,24,1,3
BRF:50
BRH:21
end_of_record
TN:
SF:src\core\services\diffService.ts
FN:60,(anonymous_0)
FN:83,(anonymous_1)
FN:103,(anonymous_2)
FN:127,(anonymous_3)
FN:131,(anonymous_4)
FN:132,(anonymous_5)
FN:133,(anonymous_6)
FN:141,(anonymous_7)
FN:201,(anonymous_8)
FN:206,(anonymous_9)
FN:242,(anonymous_10)
FN:243,(anonymous_11)
FN:244,(anonymous_12)
FN:245,(anonymous_13)
FN:246,(anonymous_14)
FN:263,(anonymous_15)
FN:276,(anonymous_16)
FN:285,(anonymous_17)
FN:307,(anonymous_18)
FN:375,(anonymous_19)
FNF:20
FNH:0
FNDA:0,(anonymous_0)
FNDA:0,(anonymous_1)
FNDA:0,(anonymous_2)
FNDA:0,(anonymous_3)
FNDA:0,(anonymous_4)
FNDA:0,(anonymous_5)
FNDA:0,(anonymous_6)
FNDA:0,(anonymous_7)
FNDA:0,(anonymous_8)
FNDA:0,(anonymous_9)
FNDA:0,(anonymous_10)
FNDA:0,(anonymous_11)
FNDA:0,(anonymous_12)
FNDA:0,(anonymous_13)
FNDA:0,(anonymous_14)
FNDA:0,(anonymous_15)
FNDA:0,(anonymous_16)
FNDA:0,(anonymous_17)
FNDA:0,(anonymous_18)
FNDA:0,(anonymous_19)
DA:61,0
DA:62,0
DA:63,0
DA:65,0
DA:66,0
DA:68,0
DA:75,0
DA:76,0
DA:84,0
DA:85,0
DA:86,0
DA:87,0
DA:89,0
DA:95,0
DA:96,0
DA:104,0
DA:105,0
DA:107,0
DA:109,0
DA:110,0
DA:111,0
DA:113,0
DA:114,0
DA:121,0
DA:128,0
DA:129,0
DA:131,0
DA:132,0
DA:133,0
DA:135,0
DA:142,0
DA:143,0
DA:145,0
DA:146,0
DA:147,0
DA:149,0
DA:150,0
DA:152,0
DA:158,0
DA:159,0
DA:160,0
DA:161,0
DA:167,0
DA:174,0
DA:175,0
DA:176,0
DA:178,0
DA:183,0
DA:186,0
DA:191,0
DA:195,0
DA:202,0
DA:203,0
DA:204,0
DA:206,0
DA:209,0
DA:210,0
DA:211,0
DA:212,0
DA:214,0
DA:220,0
DA:221,0
DA:222,0
DA:224,0
DA:225,0
DA:226,0
DA:227,0
DA:228,0
DA:229,0
DA:230,0
DA:232,0
DA:236,0
DA:243,0
DA:244,0
DA:245,0
DA:246,0
DA:249,0
DA:251,0
DA:264,0
DA:265,0
DA:267,0
DA:269,0
DA:270,0
DA:277,0
DA:278,0
DA:280,0
DA:281,0
DA:283,0
DA:285,0
DA:287,0
DA:288,0
DA:290,0
DA:291,0
DA:292,0
DA:293,0
DA:301,0
DA:308,0
DA:309,0
DA:311,0
DA:312,0
DA:314,0
DA:315,0
DA:316,0
DA:318,0
DA:320,0
DA:321,0
DA:324,0
DA:328,0
DA:331,0
DA:334,0
DA:335,0
DA:336,0
DA:337,0
DA:339,0
DA:344,0
DA:345,0
DA:346,0
DA:348,0
DA:349,0
DA:351,0
DA:352,0
DA:354,0
DA:355,0
DA:356,0
DA:358,0
DA:359,0
DA:363,0
DA:365,0
DA:369,0
DA:376,0
DA:380,0
LF:131
LH:0
BRDA:113,0,0,0
BRDA:113,0,1,0
BRDA:149,1,0,0
BRDA:149,1,1,0
BRDA:150,2,0,0
BRDA:150,2,1,0
BRDA:150,3,0,0
BRDA:150,3,1,0
BRDA:161,4,0,0
BRDA:161,4,1,0
BRDA:162,5,0,0
BRDA:162,5,1,0
BRDA:162,5,2,0
BRDA:176,6,0,0
BRDA:176,6,1,0
BRDA:211,7,0,0
BRDA:211,7,1,0
BRDA:224,8,0,0
BRDA:224,8,1,0
BRDA:225,9,0,0
BRDA:225,9,1,0
BRDA:229,10,0,0
BRDA:229,10,1,0
BRDA:267,11,0,0
BRDA:267,11,1,0
BRDA:280,12,0,0
BRDA:280,12,1,0
BRDA:281,13,0,0
BRDA:281,13,1,0
BRDA:292,14,0,0
BRDA:292,14,1,0
BRDA:307,15,0,0
BRDA:318,16,0,0
BRDA:318,16,1,0
BRDA:325,17,0,0
BRDA:325,17,1,0
BRDA:325,17,2,0
BRDA:334,18,0,0
BRDA:334,18,1,0
BRDA:335,19,0,0
BRDA:335,19,1,0
BRDA:346,20,0,0
BRDA:346,20,1,0
BRDA:346,20,2,0
BRDA:346,20,3,0
BRDA:376,21,0,0
BRDA:376,21,1,0
BRF:47
BRH:0
end_of_record
TN:
SF:src\core\services\differentialUpdateService.ts
FN:63,generateId
FN:67,sha256Hex
FN:70,(anonymous_2)
FN:76,(anonymous_3)
FN:87,(anonymous_4)
FN:96,(anonymous_5)
FN:133,(anonymous_6)
FN:183,(anonymous_7)
FN:294,(anonymous_8)
FN:301,(anonymous_9)
FN:318,(anonymous_10)
FN:320,(anonymous_11)
FN:358,(anonymous_12)
FN:365,(anonymous_13)
FN:370,(anonymous_14)
FN:375,(anonymous_15)
FN:380,(anonymous_16)
FN:387,(anonymous_17)
FN:396,(anonymous_18)
FN:398,(anonymous_19)
FN:405,(anonymous_20)
FN:411,(anonymous_21)
FN:426,(anonymous_22)
FN:427,(anonymous_23)
FN:428,(anonymous_24)
FN:433,(anonymous_25)
FN:475,(anonymous_26)
FN:486,(anonymous_27)
FN:498,(anonymous_28)
FN:528,(anonymous_29)
FN:554,(anonymous_30)
FN:587,(anonymous_31)
FN:592,(anonymous_32)
FN:594,(anonymous_33)
FNF:34
FNH:22
FNDA:0,generateId
FNDA:0,sha256Hex
FNDA:0,(anonymous_2)
FNDA:1,(anonymous_3)
FNDA:1,(anonymous_4)
FNDA:4,(anonymous_5)
FNDA:2,(anonymous_6)
FNDA:0,(anonymous_7)
FNDA:1,(anonymous_8)
FNDA:27,(anonymous_9)
FNDA:2,(anonymous_10)
FNDA:0,(anonymous_11)
FNDA:2,(anonymous_12)
FNDA:37,(anonymous_13)
FNDA:6,(anonymous_14)
FNDA:1,(anonymous_15)
FNDA:1,(anonymous_16)
FNDA:27,(anonymous_17)
FNDA:2,(anonymous_18)
FNDA:2,(anonymous_19)
FNDA:2,(anonymous_20)
FNDA:2,(anonymous_21)
FNDA:0,(anonymous_22)
FNDA:0,(anonymous_23)
FNDA:0,(anonymous_24)
FNDA:0,(anonymous_25)
FNDA:0,(anonymous_26)
FNDA:0,(anonymous_27)
FNDA:1,(anonymous_28)
FNDA:0,(anonymous_29)
FNDA:2,(anonymous_30)
FNDA:33,(anonymous_31)
FNDA:33,(anonymous_32)
FNDA:1,(anonymous_33)
DA:33,1
DA:34,1
DA:35,1
DA:36,1
DA:39,1
DA:41,1
DA:50,1
DA:64,0
DA:68,0
DA:69,0
DA:70,0
DA:79,1
DA:80,1
DA:81,1
DA:82,1
DA:83,1
DA:84,1
DA:85,1
DA:88,1
DA:89,1
DA:91,1
DA:97,4
DA:99,1
DA:100,1
DA:101,1
DA:102,1
DA:105,1
DA:106,1
DA:107,0
DA:110,1
DA:111,1
DA:112,0
DA:115,1
DA:116,1
DA:122,0
DA:123,0
DA:134,2
DA:135,0
DA:136,0
DA:139,2
DA:141,2
DA:143,2
DA:144,1
DA:145,1
DA:148,1
DA:155,1
DA:161,1
DA:162,1
DA:164,1
DA:169,1
DA:170,1
DA:171,1
DA:175,0
DA:181,0
DA:182,0
DA:183,0
DA:185,0
DA:187,2
DA:195,2
DA:196,0
DA:200,0
DA:203,0
DA:210,0
DA:216,0
DA:218,0
DA:219,0
DA:223,0
DA:232,0
DA:235,0
DA:236,0
DA:242,0
DA:243,0
DA:244,0
DA:249,0
DA:250,0
DA:254,0
DA:255,0
DA:260,0
DA:261,0
DA:263,0
DA:269,0
DA:274,0
DA:277,0
DA:279,0
DA:280,0
DA:281,0
DA:287,0
DA:295,1
DA:302,27
DA:303,2
DA:304,2
DA:306,27
DA:310,27
DA:319,2
DA:320,0
DA:323,2
DA:324,2
DA:325,2
DA:328,0
DA:329,0
DA:335,0
DA:342,0
DA:343,0
DA:344,0
DA:346,0
DA:350,0
DA:352,0
DA:353,0
DA:359,2
DA:366,37
DA:371,6
DA:376,1
DA:381,1
DA:388,27
DA:389,27
DA:390,27
DA:397,2
DA:398,2
DA:399,2
DA:408,2
DA:412,2
DA:413,2
DA:417,2
DA:419,0
DA:420,0
DA:422,0
DA:427,0
DA:428,0
DA:438,0
DA:439,0
DA:441,0
DA:442,0
DA:443,0
DA:446,0
DA:447,0
DA:454,0
DA:455,0
DA:458,0
DA:459,0
DA:460,0
DA:462,0
DA:463,0
DA:469,0
DA:470,0
DA:475,0
DA:476,0
DA:477,0
DA:478,0
DA:479,0
DA:480,0
DA:483,0
DA:489,0
DA:499,1
DA:500,1
DA:503,0
DA:504,0
DA:505,0
DA:506,0
DA:508,0
DA:512,0
DA:516,0
DA:517,0
DA:519,0
DA:529,0
DA:538,0
DA:541,0
DA:542,0
DA:545,0
DA:546,0
DA:555,2
DA:562,2
DA:563,2
DA:565,2
DA:572,2
DA:574,0
DA:575,0
DA:581,0
DA:588,33
DA:589,33
DA:593,33
DA:594,33
DA:595,1
DA:596,1
DA:604,1
LF:184
LH:83
BRDA:39,0,0,1
BRDA:39,0,1,1
BRDA:39,0,2,0
BRDA:88,1,0,1
BRDA:88,1,1,0
BRDA:97,2,0,3
BRDA:97,2,1,1
BRDA:101,3,0,1
BRDA:101,3,1,0
BRDA:106,4,0,0
BRDA:106,4,1,1
BRDA:111,5,0,0
BRDA:111,5,1,1
BRDA:134,6,0,0
BRDA:134,6,1,2
BRDA:134,7,0,2
BRDA:134,7,1,0
BRDA:143,8,0,1
BRDA:143,8,1,1
BRDA:169,9,0,1
BRDA:169,9,1,0
BRDA:169,10,0,1
BRDA:169,10,1,0
BRDA:185,11,0,0
BRDA:185,11,1,0
BRDA:195,12,0,0
BRDA:195,12,1,2
BRDA:195,13,0,2
BRDA:195,13,1,0
BRDA:218,14,0,0
BRDA:218,14,1,0
BRDA:235,15,0,0
BRDA:235,15,1,0
BRDA:243,16,0,0
BRDA:243,16,1,0
BRDA:249,17,0,0
BRDA:249,17,1,0
BRDA:254,18,0,0
BRDA:254,18,1,0
BRDA:279,19,0,0
BRDA:279,19,1,0
BRDA:302,20,0,2
BRDA:302,20,1,25
BRDA:319,21,0,1
BRDA:319,21,1,1
BRDA:323,22,0,2
BRDA:323,22,1,0
BRDA:342,23,0,0
BRDA:342,23,1,0
BRDA:344,24,0,0
BRDA:344,24,1,0
BRDA:417,25,0,2
BRDA:417,25,1,0
BRDA:442,26,0,0
BRDA:442,26,1,0
BRDA:454,27,0,0
BRDA:454,27,1,0
BRDA:454,28,0,0
BRDA:454,28,1,0
BRDA:469,29,0,0
BRDA:469,29,1,0
BRDA:499,30,0,1
BRDA:499,30,1,0
BRDA:503,31,0,0
BRDA:503,31,1,0
BRDA:505,32,0,0
BRDA:505,32,1,0
BRDA:574,33,0,0
BRDA:574,33,1,0
BRF:69
BRH:23
end_of_record
TN:
SF:src\core\services\effectPipeline.ts
FN:11,(anonymous_0)
FN:22,(anonymous_1)
FN:42,(anonymous_2)
FN:96,(anonymous_3)
FN:114,(anonymous_4)
FN:165,(anonymous_5)
FNF:6
FNH:0
FNDA:0,(anonymous_0)
FNDA:0,(anonymous_1)
FNDA:0,(anonymous_2)
FNDA:0,(anonymous_3)
FNDA:0,(anonymous_4)
FNDA:0,(anonymous_5)
DA:11,0
DA:12,0
DA:22,0
DA:30,0
DA:42,0
DA:50,0
DA:64,0
DA:65,0
DA:66,0
DA:67,0
DA:68,0
DA:72,0
DA:74,0
DA:78,0
DA:80,0
DA:81,0
DA:96,0
DA:106,0
DA:107,0
DA:108,0
DA:111,0
DA:114,0
DA:115,0
DA:117,0
DA:118,0
DA:119,0
DA:120,0
DA:121,0
DA:122,0
DA:124,0
DA:125,0
DA:126,0
DA:129,0
DA:130,0
DA:131,0
DA:132,0
DA:133,0
DA:134,0
DA:135,0
DA:140,0
DA:141,0
DA:143,0
DA:144,0
DA:146,0
DA:150,0
DA:154,0
DA:155,0
DA:156,0
DA:157,0
DA:159,0
DA:162,0
DA:165,0
DA:169,0
DA:170,0
DA:171,0
DA:173,0
DA:174,0
DA:175,0
DA:176,0
DA:178,0
DA:179,0
DA:181,0
DA:182,0
DA:183,0
DA:184,0
DA:186,0
DA:188,0
DA:189,0
DA:190,0
DA:191,0
DA:192,0
DA:196,0
DA:200,0
DA:205,0
LF:74
LH:0
BRDA:11,0,0,0
BRDA:50,1,0,0
BRDA:50,1,1,0
BRDA:64,2,0,0
BRDA:64,2,1,0
BRDA:64,3,0,0
BRDA:64,3,1,0
BRDA:78,4,0,0
BRDA:78,4,1,0
BRDA:115,5,0,0
BRDA:115,5,1,0
BRDA:117,6,0,0
BRDA:117,6,1,0
BRDA:129,7,0,0
BRDA:129,7,1,0
BRDA:131,8,0,0
BRDA:131,8,1,0
BRDA:132,9,0,0
BRDA:132,9,1,0
BRDA:133,10,0,0
BRDA:133,10,1,0
BRDA:134,11,0,0
BRDA:134,11,1,0
BRDA:135,12,0,0
BRDA:135,12,1,0
BRDA:140,13,0,0
BRDA:140,13,1,0
BRDA:140,14,0,0
BRDA:140,14,1,0
BRDA:150,15,0,0
BRDA:150,15,1,0
BRDA:165,16,0,0
BRDA:165,16,1,0
BRDA:169,17,0,0
BRDA:169,17,1,0
BRDA:188,18,0,0
BRDA:188,18,1,0
BRDA:190,19,0,0
BRDA:190,19,1,0
BRDA:200,20,0,0
BRDA:200,20,1,0
BRF:41
BRH:0
end_of_record
TN:
SF:src\core\services\errorLoggingService.ts
FN:34,(anonymous_0)
FN:36,(anonymous_1)
FN:42,(anonymous_2)
FN:50,(anonymous_3)
FN:55,(anonymous_4)
FN:68,(anonymous_5)
FN:80,(anonymous_6)
FN:86,(anonymous_7)
FN:90,(anonymous_8)
FN:113,(anonymous_9)
FN:134,(anonymous_10)
FN:140,(anonymous_11)
FN:159,(anonymous_12)
FN:173,(anonymous_13)
FN:197,(anonymous_14)
FN:205,(anonymous_15)
FN:224,(anonymous_16)
FN:238,(anonymous_17)
FN:259,(anonymous_18)
FN:264,(anonymous_19)
FNF:20
FNH:0
FNDA:0,(anonymous_0)
FNDA:0,(anonymous_1)
FNDA:0,(anonymous_2)
FNDA:0,(anonymous_3)
FNDA:0,(anonymous_4)
FNDA:0,(anonymous_5)
FNDA:0,(anonymous_6)
FNDA:0,(anonymous_7)
FNDA:0,(anonymous_8)
FNDA:0,(anonymous_9)
FNDA:0,(anonymous_10)
FNDA:0,(anonymous_11)
FNDA:0,(anonymous_12)
FNDA:0,(anonymous_13)
FNDA:0,(anonymous_14)
FNDA:0,(anonymous_15)
FNDA:0,(anonymous_16)
FNDA:0,(anonymous_17)
FNDA:0,(anonymous_18)
FNDA:0,(anonymous_19)
DA:18,0
DA:19,0
DA:20,0
DA:21,0
DA:22,0
DA:23,0
DA:26,0
DA:27,0
DA:28,0
DA:30,0
DA:31,0
DA:32,0
DA:35,0
DA:36,0
DA:37,0
DA:43,0
DA:44,0
DA:45,0
DA:47,0
DA:51,0
DA:52,0
DA:53,0
DA:54,0
DA:55,0
DA:57,0
DA:59,0
DA:64,0
DA:69,0
DA:70,0
DA:72,0
DA:81,0
DA:82,0
DA:87,0
DA:91,0
DA:92,0
DA:93,0
DA:95,0
DA:96,0
DA:99,0
DA:101,0
DA:102,0
DA:103,0
DA:104,0
DA:105,0
DA:110,0
DA:114,0
DA:116,0
DA:118,0
DA:119,0
DA:122,0
DA:123,0
DA:124,0
DA:125,0
DA:127,0
DA:128,0
DA:131,0
DA:132,0
DA:134,0
DA:135,0
DA:136,0
DA:141,0
DA:142,0
DA:143,0
DA:146,0
DA:147,0
DA:148,0
DA:149,0
DA:150,0
DA:151,0
DA:153,0
DA:160,0
DA:162,0
DA:163,0
DA:165,0
DA:166,0
DA:167,0
DA:174,0
DA:176,0
DA:177,0
DA:178,0
DA:181,0
DA:182,0
DA:184,0
DA:185,0
DA:186,0
DA:188,0
DA:189,0
DA:190,0
DA:198,0
DA:199,0
DA:200,0
DA:201,0
DA:202,0
DA:211,0
DA:220,0
DA:221,0
DA:231,0
DA:235,0
DA:244,0
DA:252,0
DA:256,0
DA:260,0
DA:261,0
DA:265,0
DA:266,0
DA:267,0
DA:268,0
DA:270,0
DA:271,0
DA:276,0
LF:110
LH:0
BRDA:35,0,0,0
BRDA:35,0,1,0
BRDA:43,1,0,0
BRDA:43,1,1,0
BRDA:44,2,0,0
BRDA:44,2,1,0
BRDA:51,3,0,0
BRDA:51,3,1,0
BRDA:54,4,0,0
BRDA:54,4,1,0
BRDA:81,5,0,0
BRDA:81,5,1,0
BRDA:87,6,0,0
BRDA:87,6,1,0
BRDA:95,7,0,0
BRDA:95,7,1,0
BRDA:95,8,0,0
BRDA:95,8,1,0
BRDA:101,9,0,0
BRDA:101,9,1,0
BRDA:104,10,0,0
BRDA:104,10,1,0
BRDA:114,11,0,0
BRDA:114,11,1,0
BRDA:118,12,0,0
BRDA:118,12,1,0
BRDA:122,13,0,0
BRDA:122,13,1,0
BRDA:123,14,0,0
BRDA:123,14,1,0
BRDA:131,15,0,0
BRDA:131,15,1,0
BRDA:141,16,0,0
BRDA:141,16,1,0
BRDA:147,17,0,0
BRDA:147,17,1,0
BRDA:150,18,0,0
BRDA:150,18,1,0
BRDA:160,19,0,0
BRDA:160,19,1,0
BRDA:160,20,0,0
BRDA:160,20,1,0
BRDA:174,21,0,0
BRDA:174,21,1,0
BRDA:174,22,0,0
BRDA:174,22,1,0
BRDA:176,23,0,0
BRDA:176,23,1,0
BRDA:208,24,0,0
BRDA:227,25,0,0
BRDA:231,26,0,0
BRDA:231,26,1,0
BRDA:233,27,0,0
BRDA:233,27,1,0
BRDA:241,28,0,0
BRF:55
BRH:0
end_of_record
TN:
SF:src\core\services\exportService.ts
FN:42,queueExport
FN:72,processQueue
FN:107,performExport
FN:123,(anonymous_3)
FN:135,exportByFormat
FN:160,exportAsJSON
FN:169,exportAsText
FN:187,exportAsPDF
FN:217,(anonymous_8)
FN:228,exportAsCSV
FN:238,(anonymous_10)
FN:264,exportAsMarkdown
FN:307,exportAsXML
FN:312,objectToXML
FN:353,exportAsZip
FN:375,getExportStatus
FN:376,(anonymous_16)
FN:382,downloadExport
FN:402,quickExport
FN:428,validateExportData
FN:466,getExportQueue
FN:473,clearCompletedJobs
FN:474,(anonymous_22)
FN:487,cancelExport
FN:488,(anonymous_24)
FNF:25
FNH:6
FNDA:0,queueExport
FNDA:0,processQueue
FNDA:0,performExport
FNDA:0,(anonymous_3)
FNDA:0,exportByFormat
FNDA:0,exportAsJSON
FNDA:0,exportAsText
FNDA:0,exportAsPDF
FNDA:0,(anonymous_8)
FNDA:0,exportAsCSV
FNDA:0,(anonymous_10)
FNDA:0,exportAsMarkdown
FNDA:0,exportAsXML
FNDA:0,objectToXML
FNDA:0,exportAsZip
FNDA:1,getExportStatus
FNDA:0,(anonymous_16)
FNDA:2,downloadExport
FNDA:0,quickExport
FNDA:14,validateExportData
FNDA:3,getExportQueue
FNDA:1,clearCompletedJobs
FNDA:0,(anonymous_22)
FNDA:1,cancelExport
FNDA:0,(anonymous_24)
DA:36,1
DA:37,1
DA:48,0
DA:58,0
DA:59,0
DA:62,0
DA:63,0
DA:66,0
DA:73,0
DA:74,0
DA:76,0
DA:77,0
DA:79,0
DA:80,0
DA:81,0
DA:83,0
DA:85,0
DA:86,0
DA:87,0
DA:88,0
DA:90,0
DA:92,0
DA:93,0
DA:94,0
DA:98,0
DA:101,0
DA:108,0
DA:110,0
DA:111,0
DA:112,0
DA:114,0
DA:116,0
DA:118,0
DA:119,0
DA:121,0
DA:123,0
DA:128,0
DA:136,0
DA:138,0
DA:140,0
DA:142,0
DA:144,0
DA:146,0
DA:148,0
DA:150,0
DA:152,0
DA:161,0
DA:162,0
DA:170,0
DA:172,0
DA:173,0
DA:174,0
DA:175,0
DA:177,0
DA:180,0
DA:188,0
DA:191,0
DA:192,0
DA:195,0
DA:196,0
DA:199,0
DA:200,0
DA:202,0
DA:203,0
DA:204,0
DA:206,0
DA:207,0
DA:208,0
DA:209,0
DA:213,0
DA:214,0
DA:217,0
DA:221,0
DA:229,0
DA:231,0
DA:233,0
DA:234,0
DA:235,0
DA:237,0
DA:238,0
DA:239,0
DA:241,0
DA:242,0
DA:244,0
DA:246,0
DA:249,0
DA:251,0
DA:252,0
DA:253,0
DA:257,0
DA:265,0
DA:268,0
DA:271,0
DA:274,0
DA:275,0
DA:279,0
DA:280,0
DA:281,0
DA:282,0
DA:284,0
DA:288,0
DA:289,0
DA:290,0
DA:291,0
DA:292,0
DA:293,0
DA:294,0
DA:295,0
DA:296,0
DA:300,0
DA:308,0
DA:309,0
DA:313,0
DA:314,0
DA:316,0
DA:317,0
DA:319,0
DA:320,0
DA:321,0
DA:322,0
DA:323,0
DA:324,0
DA:325,0
DA:326,0
DA:327,0
DA:328,0
DA:330,0
DA:332,0
DA:334,0
DA:336,0
DA:340,0
DA:343,0
DA:344,0
DA:346,0
DA:354,0
DA:357,0
DA:360,0
DA:361,0
DA:365,0
DA:366,0
DA:369,0
DA:376,1
DA:383,2
DA:384,1
DA:387,1
DA:388,2
DA:390,2
DA:391,2
DA:392,2
DA:393,2
DA:395,2
DA:396,2
DA:408,0
DA:409,0
DA:410,0
DA:412,0
DA:413,0
DA:414,0
DA:415,0
DA:417,0
DA:418,0
DA:420,0
DA:421,0
DA:436,14
DA:438,14
DA:439,2
DA:440,2
DA:443,12
DA:445,3
DA:446,1
DA:448,3
DA:451,2
DA:452,1
DA:454,2
DA:457,12
DA:467,3
DA:474,1
DA:475,1
DA:476,0
DA:477,0
DA:478,0
DA:481,1
DA:488,1
DA:489,1
DA:490,0
DA:491,0
DA:492,0
DA:494,1
LF:188
LH:32
BRDA:62,0,0,0
BRDA:62,0,1,0
BRDA:73,1,0,0
BRDA:73,1,1,0
BRDA:93,2,0,0
BRDA:93,2,1,0
BRDA:107,3,0,0
BRDA:118,4,0,0
BRDA:118,4,1,0
BRDA:121,5,0,0
BRDA:121,5,1,0
BRDA:128,6,0,0
BRDA:128,6,1,0
BRDA:136,7,0,0
BRDA:136,7,1,0
BRDA:136,7,2,0
BRDA:136,7,3,0
BRDA:136,7,4,0
BRDA:136,7,5,0
BRDA:136,7,6,0
BRDA:136,7,7,0
BRDA:172,8,0,0
BRDA:172,8,1,0
BRDA:174,9,0,0
BRDA:174,9,1,0
BRDA:192,10,0,0
BRDA:192,10,1,0
BRDA:202,11,0,0
BRDA:202,11,1,0
BRDA:213,12,0,0
BRDA:213,12,1,0
BRDA:231,13,0,0
BRDA:231,13,1,0
BRDA:233,14,0,0
BRDA:233,14,1,0
BRDA:241,15,0,0
BRDA:241,15,1,0
BRDA:241,16,0,0
BRDA:241,16,1,0
BRDA:241,16,2,0
BRDA:249,17,0,0
BRDA:249,17,1,0
BRDA:268,18,0,0
BRDA:268,18,1,0
BRDA:274,19,0,0
BRDA:274,19,1,0
BRDA:279,20,0,0
BRDA:279,20,1,0
BRDA:288,21,0,0
BRDA:288,21,1,0
BRDA:288,22,0,0
BRDA:288,22,1,0
BRDA:295,23,0,0
BRDA:295,23,1,0
BRDA:312,24,0,0
BRDA:317,25,0,0
BRDA:317,25,1,0
BRDA:317,26,0,0
BRDA:317,26,1,0
BRDA:319,27,0,0
BRDA:319,27,1,0
BRDA:319,28,0,0
BRDA:319,28,1,0
BRDA:323,29,0,0
BRDA:323,29,1,0
BRDA:327,30,0,0
BRDA:327,30,1,0
BRDA:360,31,0,0
BRDA:360,31,1,0
BRDA:376,32,0,1
BRDA:376,32,1,1
BRDA:383,33,0,1
BRDA:383,33,1,1
BRDA:387,34,0,1
BRDA:387,34,1,0
BRDA:438,35,0,2
BRDA:438,35,1,12
BRDA:443,36,0,12
BRDA:443,36,1,2
BRDA:445,37,0,1
BRDA:445,37,1,2
BRDA:445,38,0,3
BRDA:445,38,1,2
BRDA:451,39,0,1
BRDA:451,39,1,1
BRDA:477,40,0,0
BRDA:477,40,1,0
BRDA:489,41,0,0
BRDA:489,41,1,1
BRDA:489,42,0,1
BRDA:489,42,1,0
BRF:91
BRH:17
end_of_record
TN:
SF:src\core\services\geminiService.ts
FN:22,(anonymous_0)
FN:31,(anonymous_1)
FN:64,(anonymous_2)
FN:91,(anonymous_3)
FN:123,(anonymous_4)
FN:129,(anonymous_5)
FN:142,(anonymous_6)
FN:171,(anonymous_7)
FN:185,(anonymous_8)
FN:201,(anonymous_9)
FN:228,(anonymous_10)
FN:238,(anonymous_11)
FN:254,(anonymous_12)
FN:262,(anonymous_13)
FN:289,(anonymous_14)
FN:300,(anonymous_15)
FN:311,(anonymous_16)
FN:318,(anonymous_17)
FN:342,(anonymous_18)
FN:349,(anonymous_19)
FN:374,(anonymous_20)
FN:377,(anonymous_21)
FN:397,(anonymous_22)
FN:404,(anonymous_23)
FN:419,(anonymous_24)
FN:422,(anonymous_25)
FN:448,(anonymous_26)
FN:457,(anonymous_27)
FN:484,(anonymous_28)
FN:500,(anonymous_29)
FN:506,(anonymous_30)
FN:529,(anonymous_31)
FN:532,(anonymous_32)
FN:556,(anonymous_33)
FN:563,(anonymous_34)
FN:566,(anonymous_35)
FN:567,(anonymous_36)
FN:573,(anonymous_37)
FN:590,(anonymous_38)
FN:603,(anonymous_39)
FN:606,(anonymous_40)
FN:630,(anonymous_41)
FN:633,(anonymous_42)
FN:645,(anonymous_43)
FN:653,(anonymous_44)
FN:656,(anonymous_45)
FN:667,(anonymous_46)
FN:700,(anonymous_47)
FN:717,(anonymous_48)
FN:724,(anonymous_49)
FN:749,(anonymous_50)
FN:755,(anonymous_51)
FN:772,(anonymous_52)
FN:777,(anonymous_53)
FN:791,(anonymous_54)
FN:796,(anonymous_55)
FN:810,(anonymous_56)
FN:820,(anonymous_57)
FN:834,(anonymous_58)
FN:842,(anonymous_59)
FN:856,(anonymous_60)
FN:864,(anonymous_61)
FN:873,(anonymous_62)
FN:880,(anonymous_63)
FN:889,(anonymous_64)
FN:898,(anonymous_65)
FN:907,(anonymous_66)
FN:917,(anonymous_67)
FN:931,(anonymous_68)
FN:938,(anonymous_69)
FN:951,(anonymous_70)
FN:959,(anonymous_71)
FN:973,(anonymous_72)
FN:980,(anonymous_73)
FN:1002,(anonymous_74)
FN:1005,(anonymous_75)
FN:1020,(anonymous_76)
FN:1022,(anonymous_77)
FN:1031,(anonymous_78)
FN:1033,(anonymous_79)
FN:1042,(anonymous_80)
FN:1044,(anonymous_81)
FN:1053,(anonymous_82)
FN:1060,(anonymous_83)
FN:1077,(anonymous_84)
FN:1086,(anonymous_85)
FN:1100,(anonymous_86)
FN:1106,(anonymous_87)
FN:1127,(anonymous_88)
FN:1130,(anonymous_89)
FN:1144,(anonymous_90)
FN:1150,(anonymous_91)
FN:1164,(anonymous_92)
FN:1170,(anonymous_93)
FN:1179,(anonymous_94)
FN:1181,(anonymous_95)
FN:1191,(anonymous_96)
FN:1194,(anonymous_97)
FN:1208,(anonymous_98)
FN:1212,(anonymous_99)
FN:1215,(anonymous_100)
FN:1229,(anonymous_101)
FN:1231,(anonymous_102)
FN:1240,(anonymous_103)
FN:1244,(anonymous_104)
FN:1249,(anonymous_105)
FN:1263,(anonymous_106)
FN:1265,(anonymous_107)
FN:1275,(anonymous_108)
FN:1333,(anonymous_109)
FN:1342,(anonymous_110)
FN:1386,(anonymous_111)
FN:1404,(anonymous_112)
FN:1432,(anonymous_113)
FN:1455,(anonymous_114)
FN:1462,(anonymous_115)
FN:1488,(anonymous_116)
FNF:117
FNH:0
FNDA:0,(anonymous_0)
FNDA:0,(anonymous_1)
FNDA:0,(anonymous_2)
FNDA:0,(anonymous_3)
FNDA:0,(anonymous_4)
FNDA:0,(anonymous_5)
FNDA:0,(anonymous_6)
FNDA:0,(anonymous_7)
FNDA:0,(anonymous_8)
FNDA:0,(anonymous_9)
FNDA:0,(anonymous_10)
FNDA:0,(anonymous_11)
FNDA:0,(anonymous_12)
FNDA:0,(anonymous_13)
FNDA:0,(anonymous_14)
FNDA:0,(anonymous_15)
FNDA:0,(anonymous_16)
FNDA:0,(anonymous_17)
FNDA:0,(anonymous_18)
FNDA:0,(anonymous_19)
FNDA:0,(anonymous_20)
FNDA:0,(anonymous_21)
FNDA:0,(anonymous_22)
FNDA:0,(anonymous_23)
FNDA:0,(anonymous_24)
FNDA:0,(anonymous_25)
FNDA:0,(anonymous_26)
FNDA:0,(anonymous_27)
FNDA:0,(anonymous_28)
FNDA:0,(anonymous_29)
FNDA:0,(anonymous_30)
FNDA:0,(anonymous_31)
FNDA:0,(anonymous_32)
FNDA:0,(anonymous_33)
FNDA:0,(anonymous_34)
FNDA:0,(anonymous_35)
FNDA:0,(anonymous_36)
FNDA:0,(anonymous_37)
FNDA:0,(anonymous_38)
FNDA:0,(anonymous_39)
FNDA:0,(anonymous_40)
FNDA:0,(anonymous_41)
FNDA:0,(anonymous_42)
FNDA:0,(anonymous_43)
FNDA:0,(anonymous_44)
FNDA:0,(anonymous_45)
FNDA:0,(anonymous_46)
FNDA:0,(anonymous_47)
FNDA:0,(anonymous_48)
FNDA:0,(anonymous_49)
FNDA:0,(anonymous_50)
FNDA:0,(anonymous_51)
FNDA:0,(anonymous_52)
FNDA:0,(anonymous_53)
FNDA:0,(anonymous_54)
FNDA:0,(anonymous_55)
FNDA:0,(anonymous_56)
FNDA:0,(anonymous_57)
FNDA:0,(anonymous_58)
FNDA:0,(anonymous_59)
FNDA:0,(anonymous_60)
FNDA:0,(anonymous_61)
FNDA:0,(anonymous_62)
FNDA:0,(anonymous_63)
FNDA:0,(anonymous_64)
FNDA:0,(anonymous_65)
FNDA:0,(anonymous_66)
FNDA:0,(anonymous_67)
FNDA:0,(anonymous_68)
FNDA:0,(anonymous_69)
FNDA:0,(anonymous_70)
FNDA:0,(anonymous_71)
FNDA:0,(anonymous_72)
FNDA:0,(anonymous_73)
FNDA:0,(anonymous_74)
FNDA:0,(anonymous_75)
FNDA:0,(anonymous_76)
FNDA:0,(anonymous_77)
FNDA:0,(anonymous_78)
FNDA:0,(anonymous_79)
FNDA:0,(anonymous_80)
FNDA:0,(anonymous_81)
FNDA:0,(anonymous_82)
FNDA:0,(anonymous_83)
FNDA:0,(anonymous_84)
FNDA:0,(anonymous_85)
FNDA:0,(anonymous_86)
FNDA:0,(anonymous_87)
FNDA:0,(anonymous_88)
FNDA:0,(anonymous_89)
FNDA:0,(anonymous_90)
FNDA:0,(anonymous_91)
FNDA:0,(anonymous_92)
FNDA:0,(anonymous_93)
FNDA:0,(anonymous_94)
FNDA:0,(anonymous_95)
FNDA:0,(anonymous_96)
FNDA:0,(anonymous_97)
FNDA:0,(anonymous_98)
FNDA:0,(anonymous_99)
FNDA:0,(anonymous_100)
FNDA:0,(anonymous_101)
FNDA:0,(anonymous_102)
FNDA:0,(anonymous_103)
FNDA:0,(anonymous_104)
FNDA:0,(anonymous_105)
FNDA:0,(anonymous_106)
FNDA:0,(anonymous_107)
FNDA:0,(anonymous_108)
FNDA:0,(anonymous_109)
FNDA:0,(anonymous_110)
FNDA:0,(anonymous_111)
FNDA:0,(anonymous_112)
FNDA:0,(anonymous_113)
FNDA:0,(anonymous_114)
FNDA:0,(anonymous_115)
FNDA:0,(anonymous_116)
DA:22,0
DA:23,0
DA:24,0
DA:25,0
DA:27,0
DA:31,0
DA:32,0
DA:33,0
DA:38,0
DA:39,0
DA:42,0
DA:43,0
DA:44,0
DA:46,0
DA:49,0
DA:51,0
DA:52,0
DA:53,0
DA:54,0
DA:58,0
DA:64,0
DA:68,0
DA:69,0
DA:72,0
DA:74,0
DA:76,0
DA:77,0
DA:79,0
DA:80,0
DA:81,0
DA:88,0
DA:90,0
DA:91,0
DA:92,0
DA:113,0
DA:118,0
DA:119,0
DA:123,0
DA:127,0
DA:128,0
DA:129,0
DA:130,0
DA:135,0
DA:137,0
DA:138,0
DA:142,0
DA:151,0
DA:152,0
DA:170,0
DA:171,0
DA:172,0
DA:178,0
DA:180,0
DA:181,0
DA:185,0
DA:191,0
DA:192,0
DA:200,0
DA:201,0
DA:202,0
DA:221,0
DA:223,0
DA:224,0
DA:228,0
DA:233,0
DA:234,0
DA:237,0
DA:238,0
DA:239,0
DA:245,0
DA:247,0
DA:248,0
DA:254,0
DA:258,0
DA:259,0
DA:261,0
DA:262,0
DA:263,0
DA:277,0
DA:278,0
DA:279,0
DA:282,0
DA:284,0
DA:285,0
DA:289,0
DA:293,0
DA:300,0
DA:302,0
DA:303,0
DA:304,0
DA:306,0
DA:307,0
DA:311,0
DA:316,0
DA:317,0
DA:318,0
DA:319,0
DA:327,0
DA:328,0
DA:329,0
DA:335,0
DA:337,0
DA:338,0
DA:342,0
DA:347,0
DA:348,0
DA:349,0
DA:350,0
DA:362,0
DA:363,0
DA:364,0
DA:367,0
DA:369,0
DA:370,0
DA:374,0
DA:375,0
DA:376,0
DA:377,0
DA:378,0
DA:390,0
DA:392,0
DA:393,0
DA:397,0
DA:402,0
DA:403,0
DA:404,0
DA:405,0
DA:412,0
DA:414,0
DA:415,0
DA:419,0
DA:420,0
DA:421,0
DA:422,0
DA:423,0
DA:436,0
DA:438,0
DA:439,0
DA:448,0
DA:451,0
DA:452,0
DA:454,0
DA:457,0
DA:458,0
DA:465,0
DA:469,0
DA:484,0
DA:485,0
DA:492,0
DA:494,0
DA:495,0
DA:500,0
DA:504,0
DA:505,0
DA:506,0
DA:507,0
DA:520,0
DA:522,0
DA:523,0
DA:529,0
DA:530,0
DA:531,0
DA:532,0
DA:533,0
DA:547,0
DA:548,0
DA:549,0
DA:551,0
DA:552,0
DA:556,0
DA:558,0
DA:563,0
DA:564,0
DA:565,0
DA:566,0
DA:567,0
DA:568,0
DA:570,0
DA:572,0
DA:573,0
DA:574,0
DA:588,0
DA:590,0
DA:598,0
DA:599,0
DA:603,0
DA:604,0
DA:605,0
DA:606,0
DA:607,0
DA:619,0
DA:621,0
DA:622,0
DA:630,0
DA:631,0
DA:632,0
DA:633,0
DA:634,0
DA:639,0
DA:641,0
DA:645,0
DA:651,0
DA:652,0
DA:653,0
DA:654,0
DA:656,0
DA:659,0
DA:661,0
DA:662,0
DA:667,0
DA:668,0
DA:674,0
DA:683,0
DA:699,0
DA:700,0
DA:701,0
DA:710,0
DA:712,0
DA:713,0
DA:717,0
DA:722,0
DA:723,0
DA:724,0
DA:725,0
DA:739,0
DA:741,0
DA:742,0
DA:749,0
DA:753,0
DA:754,0
DA:755,0
DA:756,0
DA:765,0
DA:767,0
DA:768,0
DA:772,0
DA:775,0
DA:776,0
DA:777,0
DA:778,0
DA:785,0
DA:787,0
DA:791,0
DA:794,0
DA:795,0
DA:796,0
DA:797,0
DA:804,0
DA:806,0
DA:810,0
DA:818,0
DA:819,0
DA:820,0
DA:821,0
DA:828,0
DA:830,0
DA:834,0
DA:840,0
DA:841,0
DA:842,0
DA:843,0
DA:850,0
DA:852,0
DA:856,0
DA:863,0
DA:864,0
DA:865,0
DA:870,0
DA:873,0
DA:879,0
DA:880,0
DA:881,0
DA:886,0
DA:889,0
DA:897,0
DA:898,0
DA:899,0
DA:904,0
DA:907,0
DA:915,0
DA:916,0
DA:917,0
DA:918,0
DA:925,0
DA:927,0
DA:931,0
DA:936,0
DA:937,0
DA:938,0
DA:939,0
DA:945,0
DA:947,0
DA:951,0
DA:957,0
DA:958,0
DA:959,0
DA:960,0
DA:967,0
DA:969,0
DA:973,0
DA:978,0
DA:979,0
DA:980,0
DA:981,0
DA:995,0
DA:997,0
DA:1002,0
DA:1003,0
DA:1004,0
DA:1005,0
DA:1006,0
DA:1013,0
DA:1015,0
DA:1020,0
DA:1021,0
DA:1022,0
DA:1023,0
DA:1028,0
DA:1031,0
DA:1032,0
DA:1033,0
DA:1034,0
DA:1039,0
DA:1042,0
DA:1043,0
DA:1044,0
DA:1045,0
DA:1050,0
DA:1053,0
DA:1058,0
DA:1059,0
DA:1060,0
DA:1061,0
DA:1071,0
DA:1073,0
DA:1077,0
DA:1084,0
DA:1085,0
DA:1086,0
DA:1087,0
DA:1094,0
DA:1096,0
DA:1100,0
DA:1104,0
DA:1105,0
DA:1106,0
DA:1107,0
DA:1121,0
DA:1123,0
DA:1127,0
DA:1128,0
DA:1129,0
DA:1130,0
DA:1131,0
DA:1138,0
DA:1140,0
DA:1144,0
DA:1148,0
DA:1149,0
DA:1150,0
DA:1151,0
DA:1158,0
DA:1160,0
DA:1164,0
DA:1169,0
DA:1170,0
DA:1171,0
DA:1176,0
DA:1179,0
DA:1180,0
DA:1181,0
DA:1182,0
DA:1188,0
DA:1191,0
DA:1192,0
DA:1193,0
DA:1194,0
DA:1195,0
DA:1202,0
DA:1204,0
DA:1208,0
DA:1209,0
DA:1212,0
DA:1213,0
DA:1214,0
DA:1215,0
DA:1216,0
DA:1223,0
DA:1225,0
DA:1229,0
DA:1230,0
DA:1231,0
DA:1232,0
DA:1237,0
DA:1240,0
DA:1241,0
DA:1244,0
DA:1247,0
DA:1248,0
DA:1249,0
DA:1250,0
DA:1257,0
DA:1259,0
DA:1263,0
DA:1264,0
DA:1265,0
DA:1266,0
DA:1271,0
DA:1275,0
DA:1276,0
DA:1277,0
DA:1333,0
DA:1336,0
DA:1339,0
DA:1341,0
DA:1342,0
DA:1343,0
DA:1382,0
DA:1386,0
DA:1395,0
DA:1396,0
DA:1404,0
DA:1409,0
DA:1410,0
DA:1412,0
DA:1413,0
DA:1431,0
DA:1432,0
DA:1433,0
DA:1436,0
DA:1437,0
DA:1440,0
DA:1442,0
DA:1443,0
DA:1455,0
DA:1459,0
DA:1462,0
DA:1464,0
DA:1487,0
DA:1488,0
DA:1489,0
DA:1496,0
DA:1498,0
DA:1499,0
LF:444
LH:0
BRDA:23,0,0,0
BRDA:23,0,1,0
BRDA:24,1,0,0
BRDA:24,1,1,0
BRDA:32,2,0,0
BRDA:32,2,1,0
BRDA:43,3,0,0
BRDA:43,3,1,0
BRDA:43,4,0,0
BRDA:43,4,1,0
BRDA:43,4,2,0
BRDA:49,5,0,0
BRDA:49,5,1,0
BRDA:52,6,0,0
BRDA:52,6,1,0
BRDA:53,7,0,0
BRDA:53,7,1,0
BRDA:76,8,0,0
BRDA:76,8,1,0
BRDA:79,9,0,0
BRDA:79,9,1,0
BRDA:79,10,0,0
BRDA:79,10,1,0
BRDA:88,11,0,0
BRDA:88,11,1,0
BRDA:107,12,0,0
BRDA:107,12,1,0
BRDA:108,13,0,0
BRDA:108,13,1,0
BRDA:114,14,0,0
BRDA:114,14,1,0
BRDA:135,15,0,0
BRDA:135,15,1,0
BRDA:167,16,0,0
BRDA:167,16,1,0
BRDA:173,17,0,0
BRDA:173,17,1,0
BRDA:203,18,0,0
BRDA:203,18,1,0
BRDA:234,19,0,0
BRDA:234,19,1,0
BRDA:240,20,0,0
BRDA:240,20,1,0
BRDA:259,21,0,0
BRDA:259,21,1,0
BRDA:277,22,0,0
BRDA:277,22,1,0
BRDA:278,23,0,0
BRDA:278,23,1,0
BRDA:327,24,0,0
BRDA:327,24,1,0
BRDA:328,25,0,0
BRDA:328,25,1,0
BRDA:330,26,0,0
BRDA:330,26,1,0
BRDA:331,27,0,0
BRDA:331,27,1,0
BRDA:362,28,0,0
BRDA:362,28,1,0
BRDA:363,29,0,0
BRDA:363,29,1,0
BRDA:364,30,0,0
BRDA:364,30,1,0
BRDA:390,31,0,0
BRDA:390,31,1,0
BRDA:412,32,0,0
BRDA:412,32,1,0
BRDA:529,33,0,0
BRDA:548,34,0,0
BRDA:548,34,1,0
BRDA:619,35,0,0
BRDA:619,35,1,0
BRDA:639,36,0,0
BRDA:639,36,1,0
BRDA:659,37,0,0
BRDA:659,37,1,0
BRDA:739,38,0,0
BRDA:739,38,1,0
BRDA:870,39,0,0
BRDA:870,39,1,0
BRDA:886,40,0,0
BRDA:886,40,1,0
BRDA:904,41,0,0
BRDA:904,41,1,0
BRDA:995,42,0,0
BRDA:995,42,1,0
BRDA:1028,43,0,0
BRDA:1028,43,1,0
BRDA:1039,44,0,0
BRDA:1039,44,1,0
BRDA:1050,45,0,0
BRDA:1050,45,1,0
BRDA:1176,46,0,0
BRDA:1176,46,1,0
BRDA:1188,47,0,0
BRDA:1188,47,1,0
BRDA:1237,48,0,0
BRDA:1237,48,1,0
BRDA:1271,49,0,0
BRDA:1271,49,1,0
BRDA:1407,50,0,0
BRDA:1437,51,0,0
BRDA:1437,51,1,0
BRF:103
BRH:0
end_of_record
TN:
SF:src\core\services\globalUnhandledRejectionService.ts
FN:5,(anonymous_0)
FN:16,installGlobalUnhandledRejectionHandler
FN:23,(anonymous_2)
FN:32,(anonymous_3)
FNF:4
FNH:0
FNDA:0,(anonymous_0)
FNDA:0,installGlobalUnhandledRejectionHandler
FNDA:0,(anonymous_2)
FNDA:0,(anonymous_3)
DA:3,0
DA:5,0
DA:6,0
DA:7,0
DA:9,0
DA:10,0
DA:12,0
DA:17,0
DA:19,0
DA:20,0
DA:21,0
DA:23,0
DA:24,0
DA:25,0
DA:32,0
DA:34,0
DA:38,0
LF:17
LH:0
BRDA:6,0,0,0
BRDA:6,0,1,0
BRDA:7,1,0,0
BRDA:7,1,1,0
BRDA:17,2,0,0
BRDA:17,2,1,0
BRDA:20,3,0,0
BRDA:20,3,1,0
BRDA:34,4,0,0
BRDA:34,4,1,0
BRDA:36,5,0,0
BRDA:36,5,1,0
BRDA:42,6,0,0
BRDA:42,6,1,0
BRF:14
BRH:0
end_of_record
TN:
SF:src\core\services\historyService.ts
FN:54,(anonymous_0)
FN:62,(anonymous_1)
FN:98,(anonymous_2)
FN:111,(anonymous_3)
FN:114,(anonymous_4)
FN:129,(anonymous_5)
FN:133,(anonymous_6)
FN:137,(anonymous_7)
FN:141,(anonymous_8)
FN:141,(anonymous_9)
FN:145,(anonymous_10)
FN:151,(anonymous_11)
FN:153,(anonymous_12)
FN:159,(anonymous_13)
FN:171,(anonymous_14)
FN:199,(anonymous_15)
FN:213,(anonymous_16)
FN:225,(anonymous_17)
FN:241,(anonymous_18)
FN:258,(anonymous_19)
FN:263,(anonymous_20)
FN:275,(anonymous_21)
FN:282,(anonymous_22)
FN:284,(anonymous_23)
FN:290,(anonymous_24)
FN:291,(anonymous_25)
FN:296,(anonymous_26)
FN:298,(anonymous_27)
[...]
BRDA:117,24,1,0
BRF:52
BRH:0
end_of_record
TN:
SF:src\shared\hooks\useProjectManager.ts
FN:15,(anonymous_0)
FN:18,(anonymous_1)
FN:29,(anonymous_2)
FN:34,(anonymous_3)
FN:65,(anonymous_4)
FN:89,(anonymous_5)
FN:98,(anonymous_6)
FN:110,(anonymous_7)
FN:113,(anonymous_8)
FN:120,(anonymous_9)
FNF:10
FNH:0
FNDA:0,(anonymous_0)
FNDA:0,(anonymous_1)
FNDA:0,(anonymous_2)
FNDA:0,(anonymous_3)
FNDA:0,(anonymous_4)
FNDA:0,(anonymous_5)
FNDA:0,(anonymous_6)
FNDA:0,(anonymous_7)
FNDA:0,(anonymous_8)
FNDA:0,(anonymous_9)
DA:12,0
DA:13,0
DA:15,0
DA:16,0
DA:18,0
DA:19,0
DA:20,0
DA:21,0
DA:22,0
DA:25,0
DA:29,0
DA:30,0
DA:31,0
DA:34,0
DA:42,0
DA:43,0
DA:54,0
DA:55,0
DA:56,0
DA:57,0
DA:58,0
DA:60,0
DA:61,0
DA:65,0
DA:74,0
DA:85,0
DA:86,0
DA:89,0
DA:90,0
DA:91,0
DA:93,0
DA:94,0
DA:98,0
DA:99,0
DA:100,0
DA:101,0
DA:102,0
DA:105,0
DA:107,0
DA:110,0
DA:111,0
DA:112,0
DA:113,0
DA:114,0
DA:116,0
DA:120,0
DA:121,0
DA:122,0
DA:123,0
DA:124,0
DA:125,0
DA:126,0
DA:127,0
DA:128,0
DA:129,0
DA:130,0
DA:131,0
DA:132,0
DA:135,0
DA:139,0
LF:60
LH:0
BRDA:21,0,0,0
BRDA:21,0,1,0
BRDA:101,1,0,0
BRDA:101,1,1,0
BRDA:123,2,0,0
BRDA:123,2,1,0
BRF:6
BRH:0
end_of_record
TN:
SF:src\shared\hooks\usePromptLogic.ts
FN:47,(anonymous_0)
FN:62,(anonymous_1)
FN:102,(anonymous_2)
FN:127,(anonymous_3)
FN:140,(anonymous_4)
FN:141,(anonymous_5)
FN:142,(anonymous_6)
FN:143,(anonymous_7)
FN:145,(anonymous_8)
FN:146,(anonymous_9)
FN:148,(anonymous_10)
FN:149,(anonymous_11)
FN:150,(anonymous_12)
FN:151,(anonymous_13)
FN:152,(anonymous_14)
FN:153,(anonymous_15)
FN:155,(anonymous_16)
FN:156,(anonymous_17)
FN:158,(anonymous_18)
FN:159,(anonymous_19)
FN:160,(anonymous_20)
FN:162,(anonymous_21)
FN:163,(anonymous_22)
FN:165,(anonymous_23)
FN:166,(anonymous_24)
FN:168,(anonymous_25)
FN:169,(anonymous_26)
FN:170,(anonymous_27)
FN:171,(anonymous_28)
FN:172,(anonymous_29)
FN:174,(anonymous_30)
FN:175,(anonymous_31)
FN:177,(anonymous_32)
FN:178,(anonymous_33)
FN:180,(anonymous_34)
FN:181,(anonymous_35)
FN:182,(anonymous_36)
FN:183,(anonymous_37)
FN:184,(anonymous_38)
FN:185,(anonymous_39)
FN:187,(anonymous_40)
FN:188,(anonymous_41)
FN:245,(anonymous_42)
FN:262,(anonymous_43)
FN:266,(anonymous_44)
FN:267,(anonymous_45)
FN:277,(anonymous_46)
FN:292,(anonymous_47)
FN:361,(anonymous_48)
FN:398,(anonymous_49)
FN:430,(anonymous_50)
FN:445,(anonymous_51)
FN:456,(anonymous_52)
FN:477,(anonymous_53)
FN:478,(anonymous_54)
FN:496,(anonymous_55)
FN:517,(anonymous_56)
FN:528,(anonymous_57)
FN:538,(anonymous_58)
FN:541,(anonymous_59)
FN:561,(anonymous_60)
FN:580,(anonymous_61)
FN:596,(anonymous_62)
FN:597,(anonymous_63)
FN:598,(anonymous_64)
FN:599,(anonymous_65)
FN:620,(anonymous_66)
FN:651,(anonymous_67)
FN:655,(anonymous_68)
FN:670,(anonymous_69)
FN:674,(anonymous_70)
FN:688,(anonymous_71)
FNF:72
FNH:41
FNDA:3,(anonymous_0)
FNDA:4,(anonymous_1)
FNDA:0,(anonymous_2)
FNDA:2,(anonymous_3)
FNDA:64,(anonymous_4)
FNDA:64,(anonymous_5)
FNDA:14,(anonymous_6)
FNDA:28,(anonymous_7)
FNDA:14,(anonymous_8)
FNDA:14,(anonymous_9)
FNDA:18,(anonymous_10)
FNDA:18,(anonymous_11)
FNDA:42,(anonymous_12)
FNDA:10,(anonymous_13)
FNDA:14,(anonymous_14)
FNDA:24,(anonymous_15)
FNDA:40,(anonymous_16)
FNDA:40,(anonymous_17)
FNDA:40,(anonymous_18)
FNDA:40,(anonymous_19)
FNDA:28,(anonymous_20)
FNDA:14,(anonymous_21)
FNDA:14,(anonymous_22)
FNDA:32,(anonymous_23)
FNDA:32,(anonymous_24)
FNDA:52,(anonymous_25)
FNDA:52,(anonymous_26)
FNDA:22,(anonymous_27)
FNDA:8,(anonymous_28)
FNDA:20,(anonymous_29)
FNDA:16,(anonymous_30)
FNDA:16,(anonymous_31)
FNDA:14,(anonymous_32)
FNDA:14,(anonymous_33)
FNDA:12,(anonymous_34)
FNDA:12,(anonymous_35)
FNDA:6,(anonymous_36)
FNDA:6,(anonymous_37)
FNDA:10,(anonymous_38)
FNDA:10,(anonymous_39)
FNDA:14,(anonymous_40)
FNDA:14,(anonymous_41)
FNDA:0,(anonymous_42)
FNDA:0,(anonymous_43)
FNDA:0,(anonymous_44)
FNDA:0,(anonymous_45)
FNDA:0,(anonymous_46)
FNDA:0,(anonymous_47)
FNDA:0,(anonymous_48)
FNDA:0,(anonymous_49)
FNDA:0,(anonymous_50)
FNDA:0,(anonymous_51)
FNDA:0,(anonymous_52)
FNDA:0,(anonymous_53)
FNDA:0,(anonymous_54)
FNDA:0,(anonymous_55)
FNDA:0,(anonymous_56)
FNDA:0,(anonymous_57)
FNDA:0,(anonymous_58)
FNDA:0,(anonymous_59)
FNDA:0,(anonymous_60)
FNDA:0,(anonymous_61)
FNDA:0,(anonymous_62)
FNDA:0,(anonymous_63)
FNDA:0,(anonymous_64)
FNDA:0,(anonymous_65)
FNDA:0,(anonymous_66)
FNDA:0,(anonymous_67)
FNDA:0,(anonymous_68)
FNDA:0,(anonymous_69)
FNDA:0,(anonymous_70)
FNDA:0,(anonymous_71)
DA:47,1
DA:48,3
DA:51,0
DA:55,0
DA:56,0
DA:57,0
DA:59,0
DA:62,1
DA:70,4
DA:71,4
DA:72,4
DA:73,4
DA:76,4
DA:77,4
DA:78,4
DA:79,4
DA:80,4
DA:81,4
DA:82,4
DA:83,4
DA:84,4
DA:85,4
DA:88,4
DA:89,4
DA:90,4
DA:91,4
DA:92,4
DA:95,4
DA:96,4
DA:97,4
DA:98,4
DA:102,4
DA:103,0
DA:104,0
DA:106,0
DA:107,0
DA:108,0
DA:111,0
DA:112,0
DA:113,0
DA:114,0
DA:115,0
DA:116,0
DA:117,0
DA:118,0
DA:120,0
DA:122,0
DA:123,0
DA:127,4
DA:128,2
DA:129,0
DA:130,0
DA:132,2
DA:133,2
DA:134,2
DA:135,2
DA:140,64
DA:141,64
DA:142,14
DA:143,28
DA:145,14
DA:146,14
DA:148,18
DA:149,18
DA:150,42
DA:151,10
DA:152,14
DA:153,24
DA:155,40
DA:156,40
DA:158,40
DA:159,40
DA:160,28
DA:162,14
DA:163,14
DA:165,32
DA:166,32
DA:168,52
DA:169,52
DA:170,22
DA:171,8
DA:172,20
DA:174,16
DA:175,16
DA:177,14
DA:178,14
DA:180,12
DA:181,12
DA:182,6
DA:183,6
DA:184,10
DA:185,10
DA:187,14
DA:188,14
DA:195,1
DA:196,1
DA:197,1
DA:199,1
DA:200,3
DA:201,0
DA:202,0
DA:204,3
DA:205,0
DA:206,0
DA:208,3
DA:209,0
DA:210,0
DA:213,3
DA:214,3
DA:215,3
DA:217,3
DA:218,3
DA:220,0
DA:224,1
DA:226,1
DA:227,1
DA:229,1
DA:231,2
DA:245,4
DA:246,0
DA:247,0
DA:248,0
DA:250,0
DA:251,0
DA:252,0
DA:253,0
DA:262,0
DA:266,0
DA:267,0
DA:270,0
DA:277,0
DA:278,0
DA:279,0
DA:280,0
DA:281,0
DA:284,0
DA:286,0
DA:288,0
DA:292,4
DA:294,0
DA:295,0
DA:296,0
DA:298,0
DA:299,0
DA:300,0
DA:307,0
DA:310,0
DA:311,0
DA:314,0
DA:315,0
DA:321,0
DA:327,0
DA:328,0
DA:334,0
DA:340,0
DA:341,0
DA:342,0
DA:345,0
DA:347,0
DA:361,4
DA:362,0
DA:363,0
DA:364,0
DA:366,0
DA:367,0
DA:368,0
DA:375,0
DA:381,0
DA:383,0
DA:385,0
DA:398,4
DA:399,0
DA:400,0
DA:401,0
DA:403,0
DA:404,0
DA:405,0
DA:411,0
DA:414,0
DA:416,0
DA:418,0
DA:430,4
DA:431,0
DA:432,0
DA:433,0
DA:434,0
DA:437,0
DA:438,0
DA:439,0
DA:445,0
DA:447,0
DA:448,0
DA:450,0
DA:452,0
DA:456,4
DA:457,0
DA:458,0
DA:459,0
DA:461,0
DA:462,0
DA:463,0
DA:464,0
DA:477,0
DA:478,0
DA:482,0
DA:488,0
DA:490,0
DA:492,0
DA:496,4
DA:497,0
DA:498,0
DA:499,0
DA:501,0
DA:502,0
DA:503,0
DA:504,0
DA:509,0
DA:511,0
DA:513,0
DA:517,4
DA:518,0
DA:519,0
DA:522,0
DA:523,0
DA:524,0
DA:525,0
DA:528,0
DA:529,0
DA:530,0
DA:531,0
DA:538,0
DA:539,0
DA:541,0
DA:542,0
DA:545,0
DA:546,0
DA:548,0
DA:549,0
DA:551,0
DA:561,4
DA:562,0
DA:563,0
DA:564,0
DA:565,0
DA:569,0
DA:572,0
DA:574,0
DA:576,0
DA:580,4
DA:581,0
DA:582,0
DA:583,0
DA:585,0
DA:586,0
DA:587,0
DA:588,0
DA:596,0
DA:597,0
DA:598,0
DA:599,0
DA:604,0
DA:605,0
DA:611,0
DA:614,0
DA:616,0
DA:620,4
DA:621,0
DA:622,0
DA:623,0
DA:625,0
DA:626,0
DA:627,0
DA:637,0
DA:638,0
DA:641,0
DA:644,0
DA:646,0
DA:650,4
DA:652,0
DA:653,0
DA:654,0
DA:655,0
DA:656,0
DA:657,0
DA:659,0
DA:661,0
DA:663,0
DA:669,4
DA:671,0
DA:672,0
DA:673,0
DA:674,0
DA:675,0
DA:676,0
DA:678,0
DA:680,0
DA:682,0
DA:688,4
DA:690,0
DA:691,0
DA:692,0
DA:695,0
DA:696,0
DA:697,0
DA:703,0
DA:706,0
DA:708,0
DA:710,0
DA:714,4
LF:309
LH:103
BRDA:48,0,0,3
BRDA:48,0,1,0
BRDA:48,1,0,3
BRDA:48,1,1,3
BRDA:48,1,2,1
BRDA:56,2,0,0
BRDA:56,2,1,0
BRDA:56,3,0,0
BRDA:56,3,1,0
BRDA:106,4,0,0
BRDA:106,4,1,0
BRDA:128,5,0,0
BRDA:128,5,1,2
BRDA:200,6,0,0
BRDA:200,6,1,3
BRDA:200,7,0,3
BRDA:200,7,1,0
BRDA:204,8,0,0
BRDA:204,8,1,3
BRDA:204,9,0,3
BRDA:204,9,1,0
BRDA:208,10,0,0
BRDA:208,10,1,3
BRDA:208,11,0,3
BRDA:208,11,1,0
BRDA:217,12,0,3
BRDA:217,12,1,0
BRDA:246,13,0,0
BRDA:246,13,1,0
BRDA:256,14,0,0
BRDA:256,14,1,0
BRDA:294,15,0,0
BRDA:294,15,1,0
BRDA:294,16,0,0
BRDA:294,16,1,0
BRDA:310,17,0,0
BRDA:310,17,1,0
BRDA:310,18,0,0
BRDA:310,18,1,0
BRDA:314,19,0,0
BRDA:314,19,1,0
BRDA:327,20,0,0
BRDA:327,20,1,0
BRDA:340,21,0,0
BRDA:340,21,1,0
BRDA:362,22,0,0
BRDA:362,22,1,0
BRDA:399,23,0,0
BRDA:399,23,1,0
BRDA:399,24,0,0
BRDA:399,24,1,0
BRDA:432,25,0,0
BRDA:432,25,1,0
BRDA:432,26,0,0
BRDA:432,26,1,0
BRDA:457,27,0,0
BRDA:457,27,1,0
BRDA:497,28,0,0
BRDA:497,28,1,0
BRDA:518,29,0,0
BRDA:518,29,1,0
BRDA:522,30,0,0
BRDA:522,30,1,0
BRDA:522,31,0,0
BRDA:522,31,1,0
BRDA:538,32,0,0
BRDA:538,32,1,0
BRDA:541,33,0,0
BRDA:541,33,1,0
BRDA:562,34,0,0
BRDA:562,34,1,0
BRDA:581,35,0,0
BRDA:581,35,1,0
BRDA:592,36,0,0
BRDA:592,36,1,0
BRDA:604,37,0,0
BRDA:604,37,1,0
BRDA:621,38,0,0
BRDA:621,38,1,0
BRDA:637,39,0,0
BRDA:637,39,1,0
BRDA:656,40,0,0
BRDA:656,40,1,0
BRDA:675,41,0,0
BRDA:675,41,1,0
BRDA:690,42,0,0
BRDA:690,42,1,0
BRDA:690,43,0,0
BRDA:690,43,1,0
BRDA:700,44,0,0
BRDA:700,44,1,0
BRF:91
BRH:12
end_of_record
TN:
SF:src\shared\hooks\usePromptOptions.ts
FN:42,usePromptOptions
FN:43,(anonymous_1)
FN:44,(anonymous_2)
FN:45,(anonymous_3)
FN:46,(anonymous_4)
FN:47,(anonymous_5)
FN:48,(anonymous_6)
FN:49,(anonymous_7)
FN:50,(anonymous_8)
FN:51,(anonymous_9)
FN:52,(anonymous_10)
FN:53,(anonymous_11)
FN:54,(anonymous_12)
FN:55,(anonymous_13)
FN:56,(anonymous_14)
FN:57,(anonymous_15)
FN:58,(anonymous_16)
FN:60,(anonymous_17)
FN:63,(anonymous_18)
FN:64,(anonymous_19)
FN:65,(anonymous_20)
FN:66,(anonymous_21)
FN:67,(anonymous_22)
FN:68,(anonymous_23)
FN:69,(anonymous_24)
FN:71,(anonymous_25)
FN:74,(anonymous_26)
FN:75,(anonymous_27)
FN:76,(anonymous_28)
FN:77,(anonymous_29)
FNF:30
FNH:0
FNDA:0,usePromptOptions
FNDA:0,(anonymous_1)
FNDA:0,(anonymous_2)
FNDA:0,(anonymous_3)
FNDA:0,(anonymous_4)
FNDA:0,(anonymous_5)
FNDA:0,(anonymous_6)
FNDA:0,(anonymous_7)
FNDA:0,(anonymous_8)
FNDA:0,(anonymous_9)
FNDA:0,(anonymous_10)
FNDA:0,(anonymous_11)
FNDA:0,(anonymous_12)
FNDA:0,(anonymous_13)
FNDA:0,(anonymous_14)
FNDA:0,(anonymous_15)
FNDA:0,(anonymous_16)
FNDA:0,(anonymous_17)
FNDA:0,(anonymous_18)
FNDA:0,(anonymous_19)
FNDA:0,(anonymous_20)
FNDA:0,(anonymous_21)
FNDA:0,(anonymous_22)
FNDA:0,(anonymous_23)
FNDA:0,(anonymous_24)
FNDA:0,(anonymous_25)
FNDA:0,(anonymous_26)
FNDA:0,(anonymous_27)
FNDA:0,(anonymous_28)
FNDA:0,(anonymous_29)
DA:43,0
DA:44,0
DA:45,0
DA:46,0
DA:47,0
DA:48,0
DA:49,0
DA:50,0
DA:51,0
DA:52,0
DA:53,0
DA:54,0
DA:55,0
DA:56,0
DA:57,0
DA:58,0
DA:59,0
DA:60,0
DA:63,0
DA:64,0
DA:65,0
DA:66,0
DA:67,0
DA:68,0
DA:69,0
DA:70,0
DA:71,0
DA:74,0
DA:75,0
DA:76,0
DA:77,0
DA:79,0
LF:32
LH:0
BRF:0
BRH:0
end_of_record
TN:
SF:src\shared\hooks\useRafDebounce.ts
FN:16,useRafDebounce
FN:21,(anonymous_1)
FN:26,(anonymous_2)
FNF:3
FNH:0
FNDA:0,useRafDebounce
FNDA:0,(anonymous_1)
FNDA:0,(anonymous_2)
DA:17,0
DA:18,0
DA:20,0
DA:22,0
DA:24,0
DA:26,0
DA:27,0
DA:28,0
DA:29,0
DA:30,0
DA:37,0
LF:11
LH:0
BRDA:24,0,0,0
BRDA:24,0,1,0
BRDA:28,1,0,0
BRDA:28,1,1,0
BRF:4
BRH:0
end_of_record
TN:
SF:src\shared\hooks\useSafeMode.ts
FN:23,useSafeMode
FN:28,(anonymous_1)
FN:45,(anonymous_2)
FN:46,(anonymous_3)
FN:61,(anonymous_4)
FNF:5
FNH:0
FNDA:0,useSafeMode
FNDA:0,(anonymous_1)
FNDA:0,(anonymous_2)
FNDA:0,(anonymous_3)
FNDA:0,(anonymous_4)
DA:24,0
DA:25,0
DA:28,0
DA:29,0
DA:30,0
DA:31,0
DA:34,0
DA:35,0
DA:38,0
DA:39,0
DA:40,0
DA:45,0
DA:46,0
DA:47,0
DA:48,0
DA:50,0
DA:51,0
DA:52,0
DA:54,0
DA:58,0
DA:61,0
DA:63,0
DA:66,0
DA:67,0
DA:68,0
DA:69,0
DA:71,0
DA:75,0
DA:78,0
LF:29
LH:0
BRDA:29,0,0,0
BRDA:29,0,1,0
BRDA:30,1,0,0
BRDA:30,1,1,0
BRDA:34,2,0,0
BRDA:34,2,1,0
BRDA:34,3,0,0
BRDA:34,3,1,0
BRDA:38,4,0,0
BRDA:38,4,1,0
BRDA:48,5,0,0
BRDA:48,5,1,0
BRDA:67,6,0,0
BRDA:67,6,1,0
BRF:14
BRH:0
end_of_record
TN:
SF:src\shared\hooks\useSceneAmbience.ts
FN:6,(anonymous_0)
FN:12,(anonymous_1)
FN:13,(anonymous_2)
FN:14,(anonymous_3)
FN:19,(anonymous_4)
FN:20,(anonymous_5)
FN:22,(anonymous_6)
FN:29,(anonymous_7)
FN:43,(anonymous_8)
FN:48,(anonymous_9)
FN:62,(anonymous_10)
FNF:11
FNH:0
FNDA:0,(anonymous_0)
FNDA:0,(anonymous_1)
FNDA:0,(anonymous_2)
FNDA:0,(anonymous_3)
FNDA:0,(anonymous_4)
FNDA:0,(anonymous_5)
FNDA:0,(anonymous_6)
FNDA:0,(anonymous_7)
FNDA:0,(anonymous_8)
FNDA:0,(anonymous_9)
FNDA:0,(anonymous_10)
DA:6,0
DA:7,0
DA:8,0
DA:9,0
DA:12,0
DA:13,0
DA:14,0
DA:15,0
DA:19,0
DA:20,0
DA:22,0
DA:23,0
DA:28,0
DA:29,0
DA:32,0
DA:33,0
DA:34,0
DA:37,0
DA:40,0
DA:43,0
DA:44,0
DA:45,0
DA:48,0
DA:49,0
DA:50,0
DA:55,0
DA:57,0
DA:58,0
DA:61,0
DA:62,0
DA:63,0
DA:64,0
DA:66,0
DA:74,0
DA:75,0
DA:78,0
DA:90,0
DA:92,0
DA:94,0
DA:96,0
LF:40
LH:0
BRDA:23,0,0,0
BRDA:23,0,1,0
BRDA:29,1,0,0
BRDA:29,1,1,0
BRDA:32,2,0,0
BRDA:32,2,1,0
BRDA:44,3,0,0
BRDA:44,3,1,0
BRDA:45,4,0,0
BRDA:45,4,1,0
BRDA:49,5,0,0
BRDA:49,5,1,0
BRDA:50,6,0,0
BRDA:50,6,1,0
BRDA:55,7,0,0
BRDA:55,7,1,0
BRDA:55,8,0,0
BRDA:55,8,1,0
BRF:18
BRH:0
end_of_record
TN:
SF:src\shared\hooks\useSequentialGeneration.ts
FN:23,(anonymous_0)
FN:34,(anonymous_1)
FN:35,(anonymous_2)
FN:39,(anonymous_3)
FN:40,(anonymous_4)
FN:41,(anonymous_5)
FN:59,(anonymous_6)
FN:67,(anonymous_7)
FN:78,(anonymous_8)
FN:87,(anonymous_9)
FN:93,(anonymous_10)
FN:121,(anonymous_11)
FN:203,(anonymous_12)
FNF:13
FNH:0
FNDA:0,(anonymous_0)
FNDA:0,(anonymous_1)
FNDA:0,(anonymous_2)
FNDA:0,(anonymous_3)
FNDA:0,(anonymous_4)
FNDA:0,(anonymous_5)
FNDA:0,(anonymous_6)
FNDA:0,(anonymous_7)
FNDA:0,(anonymous_8)
FNDA:0,(anonymous_9)
FNDA:0,(anonymous_10)
FNDA:0,(anonymous_11)
FNDA:0,(anonymous_12)
DA:23,0
DA:30,0
DA:31,0
DA:34,0
DA:35,0
DA:36,0
DA:39,0
DA:40,0
DA:41,0
DA:42,0
DA:43,0
DA:44,0
DA:45,0
DA:49,0
DA:55,0
DA:56,0
DA:57,0
DA:59,0
DA:60,0
DA:61,0
DA:62,0
DA:63,0
DA:64,0
DA:67,0
DA:68,0
DA:69,0
DA:70,0
DA:71,0
DA:72,0
DA:78,0
DA:79,0
DA:80,0
DA:81,0
DA:82,0
DA:84,0
DA:87,0
DA:88,0
DA:89,0
DA:92,0
DA:93,0
DA:95,0
DA:96,0
DA:98,0
DA:99,0
DA:102,0
DA:109,0
DA:111,0
DA:117,0
DA:120,0
DA:121,0
DA:122,0
DA:124,0
DA:125,0
DA:128,0
DA:132,0
DA:133,0
DA:136,0
DA:137,0
DA:140,0
DA:144,0
DA:145,0
DA:146,0
DA:147,0
DA:149,0
DA:150,0
DA:157,0
DA:159,0
DA:162,0
DA:165,0
DA:166,0
DA:167,0
DA:168,0
DA:169,0
DA:173,0
DA:177,0
DA:183,0
DA:194,0
DA:196,0
DA:197,0
DA:202,0
DA:203,0
DA:216,0
LF:82
LH:0
BRDA:36,0,0,0
BRDA:36,0,1,0
BRDA:36,1,0,0
BRDA:36,1,1,0
BRDA:42,2,0,0
BRDA:42,2,1,0
BRDA:60,3,0,0
BRDA:60,3,1,0
BRDA:71,4,0,0
BRDA:71,4,1,0
BRDA:79,5,0,0
BRDA:79,5,1,0
BRDA:79,6,0,0
BRDA:79,6,1,0
BRDA:79,6,2,0
BRDA:80,7,0,0
BRDA:80,7,1,0
BRDA:80,8,0,0
BRDA:80,8,1,0
BRDA:92,9,0,0
BRDA:92,9,1,0
BRDA:95,10,0,0
BRDA:95,10,1,0
BRDA:96,11,0,0
BRDA:96,11,1,0
BRDA:96,12,0,0
BRDA:96,12,1,0
BRDA:102,13,0,0
BRDA:102,13,1,0
BRDA:104,14,0,0
BRDA:104,14,1,0
BRDA:122,15,0,0
BRDA:122,15,1,0
BRDA:136,16,0,0
BRDA:136,16,1,0
BRDA:136,17,0,0
BRDA:136,17,1,0
BRDA:140,18,0,0
BRDA:140,18,1,0
BRDA:140,19,0,0
BRDA:140,19,1,0
BRDA:144,20,0,0
BRDA:144,20,1,0
BRDA:159,21,0,0
BRDA:159,21,1,0
BRDA:166,22,0,0
BRDA:166,22,1,0
BRDA:168,23,0,0
BRDA:168,23,1,0
BRF:49
BRH:0
end_of_record
TN:
SF:src\shared\hooks\useStudios.ts
FN:15,(anonymous_0)
FN:18,(anonymous_1)
FN:22,(anonymous_2)
FN:26,(anonymous_3)
FN:27,(anonymous_4)
FNF:5
FNH:0
FNDA:0,(anonymous_0)
FNDA:0,(anonymous_1)
FNDA:0,(anonymous_2)
FNDA:0,(anonymous_3)
FNDA:0,(anonymous_4)
DA:15,0
DA:16,0
DA:18,0
DA:19,0
DA:22,0
DA:23,0
DA:26,0
DA:27,0
DA:30,0
LF:9
LH:0
BRDA:27,0,0,0
BRDA:27,0,1,0
BRF:2
BRH:0
end_of_record
TN:
SF:src\shared\hooks\useToastManager.ts
FN:19,useToastManager
FN:23,(anonymous_1)
FN:25,(anonymous_2)
FN:28,(anonymous_3)
FN:29,(anonymous_4)
FN:29,(anonymous_5)
FN:32,(anonymous_6)
FNF:7
FNH:7
FNDA:15,useToastManager
FNDA:11,(anonymous_1)
FNDA:11,(anonymous_2)
FNDA:1,(anonymous_3)
FNDA:1,(anonymous_4)
FNDA:2,(anonymous_5)
FNDA:1,(anonymous_6)
DA:20,15
DA:21,15
DA:23,15
DA:24,11
DA:25,11
DA:28,15
DA:29,2
DA:32,15
DA:33,1
DA:36,15
LF:10
LH:10
BRDA:23,0,0,11
BRF:1
BRH:1
end_of_record
TN:
SF:src\shared\hooks\useVideoGeneration.ts
FN:6,(anonymous_0)
FN:14,(anonymous_1)
FN:18,(anonymous_2)
FN:29,(anonymous_3)
FN:50,(anonymous_4)
FN:51,(anonymous_5)
FN:53,(anonymous_6)
FN:60,(anonymous_7)
FN:67,(anonymous_8)
FN:74,(anonymous_9)
FN:81,(anonymous_10)
FN:98,(anonymous_11)
FN:107,(anonymous_12)
FN:118,(anonymous_13)
FN:122,(anonymous_14)
FN:136,(anonymous_15)
FN:158,(anonymous_16)
FNF:17
FNH:0
FNDA:0,(anonymous_0)
FNDA:0,(anonymous_1)
FNDA:0,(anonymous_2)
FNDA:0,(anonymous_3)
FNDA:0,(anonymous_4)
FNDA:0,(anonymous_5)
FNDA:0,(anonymous_6)
FNDA:0,(anonymous_7)
FNDA:0,(anonymous_8)
FNDA:0,(anonymous_9)
FNDA:0,(anonymous_10)
FNDA:0,(anonymous_11)
FNDA:0,(anonymous_12)
FNDA:0,(anonymous_13)
FNDA:0,(anonymous_14)
FNDA:0,(anonymous_15)
FNDA:0,(anonymous_16)
DA:6,0
DA:10,0
DA:11,0
DA:14,0
DA:15,0
DA:18,0
DA:19,0
DA:20,0
DA:23,0
DA:24,0
DA:29,0
DA:30,0
DA:31,0
DA:33,0
DA:34,0
DA:37,0
DA:38,0
DA:39,0
DA:40,0
DA:46,0
DA:50,0
DA:51,0
DA:52,0
DA:53,0
DA:55,0
DA:57,0
DA:60,0
DA:61,0
DA:65,0
DA:67,0
DA:68,0
DA:69,0
DA:74,0
DA:75,0
DA:76,0
DA:80,0
DA:86,0
DA:88,0
DA:90,0
DA:91,0
DA:92,0
DA:95,0
DA:96,0
DA:98,0
DA:99,0
DA:101,0
DA:105,0
DA:107,0
DA:118,0
DA:119,0
DA:122,0
DA:123,0
DA:130,0
DA:135,0
DA:147,0
DA:148,0
DA:152,0
DA:153,0
DA:158,0
DA:160,0
LF:60
LH:0
BRDA:15,0,0,0
BRDA:15,0,1,0
BRDA:19,1,0,0
BRDA:19,1,1,0
BRDA:23,2,0,0
BRDA:23,2,1,0
BRDA:30,3,0,0
BRDA:30,3,1,0
BRDA:33,4,0,0
BRDA:33,4,1,0
BRDA:37,5,0,0
BRDA:37,5,1,0
BRDA:37,6,0,0
BRDA:37,6,1,0
BRDA:37,6,2,0
BRDA:52,7,0,0
BRDA:52,7,1,0
BRDA:53,8,0,0
BRDA:53,8,1,0
BRDA:57,9,0,0
BRDA:57,9,1,0
BRDA:75,10,0,0
BRDA:75,10,1,0
BRDA:75,11,0,0
BRDA:75,11,1,0
BRDA:88,12,0,0
BRDA:88,12,1,0
BRDA:90,13,0,0
BRDA:90,13,1,0
BRDA:95,14,0,0
BRDA:95,14,1,0
BRDA:99,15,0,0
BRDA:99,15,1,0
BRDA:105,16,0,0
BRDA:105,16,1,0
BRDA:147,17,0,0
BRDA:147,17,1,0
BRDA:153,18,0,0
BRDA:153,18,1,0
BRF:39
BRH:0
end_of_record
TN:
SF:src\utils\ariaUtils.ts
FN:9,(anonymous_0)
FN:16,(anonymous_1)
FN:30,(anonymous_2)
FN:38,(anonymous_3)
FN:45,(anonymous_4)
FN:52,(anonymous_5)
FN:59,(anonymous_6)
FN:66,(anonymous_7)
FN:73,(anonymous_8)
FN:80,(anonymous_9)
FN:87,(anonymous_10)
FN:94,(anonymous_11)
FN:101,(anonymous_12)
FN:115,(anonymous_13)
FN:122,(anonymous_14)
FN:134,(anonymous_15)
FN:141,(anonymous_16)
FN:151,(anonymous_17)
FN:158,(anonymous_18)
FN:183,(anonymous_19)
FN:201,(anonymous_20)
FN:208,(anonymous_21)
FN:217,(anonymous_22)
FN:224,(anonymous_23)
FN:231,(anonymous_24)
FN:238,(anonymous_25)
FN:254,(anonymous_26)
FN:259,(anonymous_27)
FN:281,(anonymous_28)
FN:289,(anonymous_29)
FN:292,(anonymous_30)
FNF:31
FNH:0
FNDA:0,(anonymous_0)
FNDA:0,(anonymous_1)
FNDA:0,(anonymous_2)
FNDA:0,(anonymous_3)
FNDA:0,(anonymous_4)
FNDA:0,(anonymous_5)
FNDA:0,(anonymous_6)
FNDA:0,(anonymous_7)
FNDA:0,(anonymous_8)
FNDA:0,(anonymous_9)
FNDA:0,(anonymous_10)
FNDA:0,(anonymous_11)
FNDA:0,(anonymous_12)
FNDA:0,(anonymous_13)
FNDA:0,(anonymous_14)
FNDA:0,(anonymous_15)
FNDA:0,(anonymous_16)
FNDA:0,(anonymous_17)
FNDA:0,(anonymous_18)
FNDA:0,(anonymous_19)
FNDA:0,(anonymous_20)
FNDA:0,(anonymous_21)
FNDA:0,(anonymous_22)
FNDA:0,(anonymous_23)
FNDA:0,(anonymous_24)
FNDA:0,(anonymous_25)
FNDA:0,(anonymous_26)
FNDA:0,(anonymous_27)
FNDA:0,(anonymous_28)
FNDA:0,(anonymous_29)
FNDA:0,(anonymous_30)
DA:9,0
DA:10,0
DA:16,0
DA:20,0
DA:21,0
DA:22,0
DA:23,0
DA:24,0
DA:25,0
DA:27,0
DA:30,0
DA:31,0
DA:38,0
DA:39,0
DA:45,0
DA:46,0
DA:52,0
DA:53,0
DA:59,0
DA:60,0
DA:66,0
DA:67,0
DA:73,0
DA:74,0
DA:80,0
DA:81,0
DA:87,0
DA:88,0
DA:94,0
DA:95,0
DA:101,0
DA:102,0
DA:103,0
DA:104,0
DA:105,0
DA:106,0
DA:108,0
DA:109,0
DA:115,0
DA:116,0
DA:122,0
DA:123,0
DA:124,0
DA:125,0
DA:127,0
DA:134,0
DA:135,0
DA:141,0
DA:145,0
DA:151,0
DA:152,0
DA:158,0
DA:165,0
DA:167,0
DA:168,0
DA:171,0
DA:172,0
DA:175,0
DA:176,0
DA:183,0
DA:187,0
DA:188,0
DA:189,0
DA:190,0
DA:191,0
DA:193,0
DA:195,0
DA:201,0
DA:202,0
DA:208,0
DA:209,0
DA:210,0
DA:217,0
DA:218,0
DA:224,0
DA:225,0
DA:231,0
DA:232,0
DA:238,0
DA:239,0
DA:248,0
DA:254,0
DA:255,0
DA:256,0
DA:257,0
DA:259,0
DA:260,0
DA:262,0
DA:263,0
DA:264,0
DA:265,0
DA:268,0
DA:269,0
DA:270,0
DA:275,0
DA:278,0
DA:281,0
DA:282,0
DA:289,0
DA:290,0
DA:292,0
DA:293,0
DA:294,0
LF:103
LH:0
BRDA:9,0,0,0
BRDA:18,1,0,0
BRDA:124,2,0,0
BRDA:124,2,1,0
BRDA:167,3,0,0
BRDA:167,3,1,0
BRDA:171,4,0,0
BRDA:171,4,1,0
BRDA:175,5,0,0
BRDA:175,5,1,0
BRDA:184,6,0,0
BRDA:185,7,0,0
BRDA:209,8,0,0
BRDA:209,8,1,0
BRDA:260,9,0,0
BRDA:260,9,1,0
BRDA:262,10,0,0
BRDA:262,10,1,0
BRDA:263,11,0,0
BRDA:263,11,1,0
BRDA:268,12,0,0
BRDA:268,12,1,0
BRDA:293,13,0,0
BRDA:293,13,1,0
BRDA:293,14,0,0
BRDA:293,14,1,0
BRF:26
BRH:0
end_of_record
